{"meta": {"format": 3, "version": "7.10.1", "timestamp": "2025-07-28T10:48:04.632309", "branch_coverage": false, "show_contexts": false}, "files": {"src\\cogs\\core\\cache_manager.py": {"executed_lines": [1, 18, 19, 20, 21, 22, 23, 24, 25, 26, 27, 28, 29, 30, 31, 32, 33, 34, 40, 43, 44, 46, 47, 48, 49, 50, 51, 52, 53, 55, 56, 57, 58, 59, 61, 62, 63, 64, 65, 66, 67, 68, 70, 71, 72, 73, 74, 75, 77, 78, 79, 80, 81, 82, 83, 84, 85, 86, 87, 88, 89, 90, 92, 96, 103, 109, 115, 119, 123, 128, 129, 130, 131, 132, 133, 134, 135, 136, 137, 138, 139, 140, 141, 142, 144, 145, 150, 151, 155, 156, 160, 164, 165, 167, 174, 191, 222, 235, 236, 238, 247, 286, 287, 289, 296, 300, 315, 344, 345, 347, 348, 352, 353, 357, 358, 362, 363, 367, 368, 372, 373, 377, 378, 380, 390, 415, 439, 449, 458, 463, 468, 473, 481, 502, 525, 526, 528, 537, 566, 574, 582, 615, 651, 663, 677, 687, 696, 722, 728, 737, 742, 756, 757, 759, 782, 787, 804, 816, 832, 856, 868, 880, 884, 902, 909, 927, 932, 933, 938, 954, 956, 963, 971, 976, 981, 986, 1006], "summary": {"covered_lines": 151, "num_statements": 566, "percent_covered": 26.67844522968198, "percent_covered_display": "27", "missing_lines": 415, "excluded_lines": 24}, "missing_lines": [93, 94, 98, 99, 100, 101, 105, 106, 107, 111, 112, 113, 117, 121, 125, 126, 147, 148, 153, 158, 162, 168, 169, 170, 171, 172, 176, 177, 178, 186, 187, 189, 193, 194, 195, 198, 201, 202, 203, 206, 209, 210, 211, 213, 224, 226, 229, 230, 231, 233, 239, 240, 249, 250, 253, 256, 258, 259, 262, 263, 266, 267, 270, 271, 272, 275, 276, 278, 281, 282, 284, 290, 291, 292, 293, 294, 298, 302, 304, 306, 308, 309, 310, 311, 312, 313, 317, 318, 319, 320, 323, 324, 327, 328, 329, 332, 333, 336, 337, 339, 341, 342, 381, 382, 383, 384, 385, 386, 387, 388, 392, 393, 394, 395, 396, 397, 400, 401, 402, 403, 404, 405, 408, 409, 410, 411, 413, 417, 419, 420, 423, 424, 425, 428, 429, 430, 432, 433, 435, 437, 441, 442, 443, 444, 445, 446, 447, 451, 452, 453, 454, 455, 456, 460, 461, 465, 466, 470, 471, 475, 476, 477, 478, 479, 483, 485, 486, 487, 488, 490, 492, 493, 494, 495, 497, 499, 500, 504, 505, 520, 521, 523, 529, 530, 531, 532, 533, 534, 535, 539, 540, 541, 557, 558, 559, 561, 562, 563, 564, 568, 569, 570, 572, 576, 577, 578, 580, 584, 585, 586, 587, 590, 592, 593, 594, 596, 599, 600, 601, 602, 603, 606, 607, 608, 610, 613, 617, 618, 619, 621, 622, 623, 626, 627, 630, 640, 641, 643, 645, 646, 647, 649, 653, 654, 655, 656, 657, 658, 659, 661, 665, 666, 667, 668, 669, 670, 671, 672, 673, 675, 679, 680, 681, 682, 683, 685, 689, 690, 691, 692, 694, 698, 700, 701, 702, 703, 704, 705, 707, 717, 718, 720, 724, 725, 726, 730, 735, 739, 740, 745, 753, 754, 767, 768, 769, 770, 773, 774, 776, 779, 780, 784, 785, 789, 790, 791, 792, 795, 796, 798, 799, 800, 801, 802, 807, 808, 809, 810, 811, 819, 820, 821, 824, 825, 827, 828, 830, 835, 836, 838, 845, 848, 849, 851, 852, 854, 858, 860, 861, 863, 864, 866, 870, 872, 873, 875, 876, 878, 882, 887, 888, 889, 890, 891, 894, 895, 896, 897, 898, 900, 904, 911, 912, 914, 929, 930, 936, 940, 941, 942, 943, 944, 945, 948, 949, 950, 951, 959, 960, 961, 966, 967, 968, 973, 974, 978, 979, 983, 984, 989, 992, 993, 994, 996, 999, 1000, 1003, 1004, 1008, 1009, 1010, 1012, 1013, 1015, 1018, 1019, 1020, 1023, 1024, 1025, 1028, 1031, 1033, 1035, 1036], "excluded_lines": [347, 348, 349, 350, 352, 353, 354, 355, 357, 358, 359, 360, 362, 363, 364, 365, 367, 368, 369, 370, 372, 373, 374, 375], "functions": {"CacheEntry.__post_init__": {"executed_lines": [], "summary": {"covered_lines": 0, "num_statements": 2, "percent_covered": 0.0, "percent_covered_display": "0", "missing_lines": 2, "excluded_lines": 0}, "missing_lines": [93, 94], "excluded_lines": []}, "CacheEntry._calculate_size": {"executed_lines": [], "summary": {"covered_lines": 0, "num_statements": 4, "percent_covered": 0.0, "percent_covered_display": "0", "missing_lines": 4, "excluded_lines": 0}, "missing_lines": [98, 99, 100, 101], "excluded_lines": []}, "CacheEntry.is_expired": {"executed_lines": [], "summary": {"covered_lines": 0, "num_statements": 3, "percent_covered": 0.0, "percent_covered_display": "0", "missing_lines": 3, "excluded_lines": 0}, "missing_lines": [105, 106, 107], "excluded_lines": []}, "CacheEntry.touch": {"executed_lines": [], "summary": {"covered_lines": 0, "num_statements": 3, "percent_covered": 0.0, "percent_covered_display": "0", "missing_lines": 3, "excluded_lines": 0}, "missing_lines": [111, 112, 113], "excluded_lines": []}, "CacheEntry.get_age": {"executed_lines": [], "summary": {"covered_lines": 0, "num_statements": 1, "percent_covered": 0.0, "percent_covered_display": "0", "missing_lines": 1, "excluded_lines": 0}, "missing_lines": [117], "excluded_lines": []}, "CacheEntry.get_idle_time": {"executed_lines": [], "summary": {"covered_lines": 0, "num_statements": 1, "percent_covered": 0.0, "percent_covered_display": "0", "missing_lines": 1, "excluded_lines": 0}, "missing_lines": [121], "excluded_lines": []}, "CacheEntry.get_frequency_score": {"executed_lines": [], "summary": {"covered_lines": 0, "num_statements": 2, "percent_covered": 0.0, "percent_covered_display": "0", "missing_lines": 2, "excluded_lines": 0}, "missing_lines": [125, 126], "excluded_lines": []}, "CacheStats.hit_rate": {"executed_lines": [], "summary": {"covered_lines": 0, "num_statements": 2, "percent_covered": 0.0, "percent_covered_display": "0", "missing_lines": 2, "excluded_lines": 0}, "missing_lines": [147, 148], "excluded_lines": []}, "CacheStats.miss_rate": {"executed_lines": [], "summary": {"covered_lines": 0, "num_statements": 1, "percent_covered": 0.0, "percent_covered_display": "0", "missing_lines": 1, "excluded_lines": 0}, "missing_lines": [153], "excluded_lines": []}, "CacheStats.preload_effectiveness": {"executed_lines": [], "summary": {"covered_lines": 0, "num_statements": 1, "percent_covered": 0.0, "percent_covered_display": "0", "missing_lines": 1, "excluded_lines": 0}, "missing_lines": [158], "excluded_lines": []}, "CacheStats.reset": {"executed_lines": [], "summary": {"covered_lines": 0, "num_statements": 1, "percent_covered": 0.0, "percent_covered_display": "0", "missing_lines": 1, "excluded_lines": 0}, "missing_lines": [162], "excluded_lines": []}, "CacheAnalyzer.__init__": {"executed_lines": [], "summary": {"covered_lines": 0, "num_statements": 5, "percent_covered": 0.0, "percent_covered_display": "0", "missing_lines": 5, "excluded_lines": 0}, "missing_lines": [168, 169, 170, 171, 172], "excluded_lines": []}, "CacheAnalyzer.record_access": {"executed_lines": [], "summary": {"covered_lines": 0, "num_statements": 6, "percent_covered": 0.0, "percent_covered_display": "0", "missing_lines": 6, "excluded_lines": 0}, "missing_lines": [176, 177, 178, 186, 187, 189], "excluded_lines": []}, "CacheAnalyzer.analyze_patterns": {"executed_lines": [], "summary": {"covered_lines": 0, "num_statements": 12, "percent_covered": 0.0, "percent_covered_display": "0", "missing_lines": 12, "excluded_lines": 0}, "missing_lines": [193, 194, 195, 198, 201, 202, 203, 206, 209, 210, 211, 213], "excluded_lines": []}, "CacheAnalyzer.get_preload_suggestions": {"executed_lines": [], "summary": {"covered_lines": 0, "num_statements": 6, "percent_covered": 0.0, "percent_covered_display": "0", "missing_lines": 6, "excluded_lines": 0}, "missing_lines": [224, 226, 229, 230, 231, 233], "excluded_lines": []}, "SmartCacheStrategy.__init__": {"executed_lines": [], "summary": {"covered_lines": 0, "num_statements": 2, "percent_covered": 0.0, "percent_covered_display": "0", "missing_lines": 2, "excluded_lines": 0}, "missing_lines": [239, 240], "excluded_lines": []}, "SmartCacheStrategy.should_evict": {"executed_lines": [], "summary": {"covered_lines": 0, "num_statements": 19, "percent_covered": 0.0, "percent_covered_display": "0", "missing_lines": 19, "excluded_lines": 0}, "missing_lines": [249, 250, 253, 256, 258, 259, 262, 263, 266, 267, 270, 271, 272, 275, 276, 278, 281, 282, 284], "excluded_lines": []}, "CachePreloader.__init__": {"executed_lines": [], "summary": {"covered_lines": 0, "num_statements": 5, "percent_covered": 0.0, "percent_covered_display": "0", "missing_lines": 5, "excluded_lines": 0}, "missing_lines": [290, 291, 292, 293, 294], "excluded_lines": []}, "CachePreloader.register_preload_function": {"executed_lines": [], "summary": {"covered_lines": 0, "num_statements": 1, "percent_covered": 0.0, "percent_covered_display": "0", "missing_lines": 1, "excluded_lines": 0}, "missing_lines": [298], "excluded_lines": []}, "CachePreloader.start_preloading": {"executed_lines": [], "summary": {"covered_lines": 0, "num_statements": 9, "percent_covered": 0.0, "percent_covered_display": "0", "missing_lines": 9, "excluded_lines": 0}, "missing_lines": [302, 304, 306, 308, 309, 310, 311, 312, 313], "excluded_lines": []}, "CachePreloader._preload_key": {"executed_lines": [], "summary": {"covered_lines": 0, "num_statements": 16, "percent_covered": 0.0, "percent_covered_display": "0", "missing_lines": 16, "excluded_lines": 0}, "missing_lines": [317, 318, 319, 320, 323, 324, 327, 328, 329, 332, 333, 336, 337, 339, 341, 342], "excluded_lines": []}, "CacheBackend.get": {"executed_lines": [], "summary": {"covered_lines": 0, "num_statements": 0, "percent_covered": 100.0, "percent_covered_display": "100", "missing_lines": 0, "excluded_lines": 2}, "missing_lines": [], "excluded_lines": [349, 350]}, "CacheBackend.set": {"executed_lines": [], "summary": {"covered_lines": 0, "num_statements": 0, "percent_covered": 100.0, "percent_covered_display": "100", "missing_lines": 0, "excluded_lines": 2}, "missing_lines": [], "excluded_lines": [354, 355]}, "CacheBackend.delete": {"executed_lines": [], "summary": {"covered_lines": 0, "num_statements": 0, "percent_covered": 100.0, "percent_covered_display": "100", "missing_lines": 0, "excluded_lines": 2}, "missing_lines": [], "excluded_lines": [359, 360]}, "CacheBackend.clear": {"executed_lines": [], "summary": {"covered_lines": 0, "num_statements": 0, "percent_covered": 100.0, "percent_covered_display": "100", "missing_lines": 0, "excluded_lines": 2}, "missing_lines": [], "excluded_lines": [364, 365]}, "CacheBackend.keys": {"executed_lines": [], "summary": {"covered_lines": 0, "num_statements": 0, "percent_covered": 100.0, "percent_covered_display": "100", "missing_lines": 0, "excluded_lines": 2}, "missing_lines": [], "excluded_lines": [369, 370]}, "CacheBackend.size": {"executed_lines": [], "summary": {"covered_lines": 0, "num_statements": 0, "percent_covered": 100.0, "percent_covered_display": "100", "missing_lines": 0, "excluded_lines": 2}, "missing_lines": [], "excluded_lines": [374, 375]}, "MemoryCacheBackend.__init__": {"executed_lines": [], "summary": {"covered_lines": 0, "num_statements": 8, "percent_covered": 0.0, "percent_covered_display": "0", "missing_lines": 8, "excluded_lines": 0}, "missing_lines": [381, 382, 383, 384, 385, 386, 387, 388], "excluded_lines": []}, "MemoryCacheBackend.get": {"executed_lines": [], "summary": {"covered_lines": 0, "num_statements": 17, "percent_covered": 0.0, "percent_covered_display": "0", "missing_lines": 17, "excluded_lines": 0}, "missing_lines": [392, 393, 394, 395, 396, 397, 400, 401, 402, 403, 404, 405, 408, 409, 410, 411, 413], "excluded_lines": []}, "MemoryCacheBackend.set": {"executed_lines": [], "summary": {"covered_lines": 0, "num_statements": 13, "percent_covered": 0.0, "percent_covered_display": "0", "missing_lines": 13, "excluded_lines": 0}, "missing_lines": [417, 419, 420, 423, 424, 425, 428, 429, 430, 432, 433, 435, 437], "excluded_lines": []}, "MemoryCacheBackend.delete": {"executed_lines": [], "summary": {"covered_lines": 0, "num_statements": 7, "percent_covered": 0.0, "percent_covered_display": "0", "missing_lines": 7, "excluded_lines": 0}, "missing_lines": [441, 442, 443, 444, 445, 446, 447], "excluded_lines": []}, "MemoryCacheBackend.clear": {"executed_lines": [], "summary": {"covered_lines": 0, "num_statements": 6, "percent_covered": 0.0, "percent_covered_display": "0", "missing_lines": 6, "excluded_lines": 0}, "missing_lines": [451, 452, 453, 454, 455, 456], "excluded_lines": []}, "MemoryCacheBackend.keys": {"executed_lines": [], "summary": {"covered_lines": 0, "num_statements": 2, "percent_covered": 0.0, "percent_covered_display": "0", "missing_lines": 2, "excluded_lines": 0}, "missing_lines": [460, 461], "excluded_lines": []}, "MemoryCacheBackend.size": {"executed_lines": [], "summary": {"covered_lines": 0, "num_statements": 2, "percent_covered": 0.0, "percent_covered_display": "0", "missing_lines": 2, "excluded_lines": 0}, "missing_lines": [465, 466], "excluded_lines": []}, "MemoryCacheBackend._update_access_order": {"executed_lines": [], "summary": {"covered_lines": 0, "num_statements": 2, "percent_covered": 0.0, "percent_covered_display": "0", "missing_lines": 2, "excluded_lines": 0}, "missing_lines": [470, 471], "excluded_lines": []}, "MemoryCacheBackend._remove_entry": {"executed_lines": [], "summary": {"covered_lines": 0, "num_statements": 5, "percent_covered": 0.0, "percent_covered_display": "0", "missing_lines": 5, "excluded_lines": 0}, "missing_lines": [475, 476, 477, 478, 479], "excluded_lines": []}, "MemoryCacheBackend._evict_entries": {"executed_lines": [], "summary": {"covered_lines": 0, "num_statements": 13, "percent_covered": 0.0, "percent_covered_display": "0", "missing_lines": 13, "excluded_lines": 0}, "missing_lines": [483, 485, 486, 487, 488, 490, 492, 493, 494, 495, 497, 499, 500], "excluded_lines": []}, "MemoryCacheBackend.get_detailed_stats": {"executed_lines": [], "summary": {"covered_lines": 0, "num_statements": 5, "percent_covered": 0.0, "percent_covered_display": "0", "missing_lines": 5, "excluded_lines": 0}, "missing_lines": [504, 505, 520, 521, 523], "excluded_lines": []}, "PersistentCacheBackend.__init__": {"executed_lines": [], "summary": {"covered_lines": 0, "num_statements": 7, "percent_covered": 0.0, "percent_covered_display": "0", "missing_lines": 7, "excluded_lines": 0}, "missing_lines": [529, 530, 531, 532, 533, 534, 535], "excluded_lines": []}, "PersistentCacheBackend._initialize_db": {"executed_lines": [], "summary": {"covered_lines": 0, "num_statements": 10, "percent_covered": 0.0, "percent_covered_display": "0", "missing_lines": 10, "excluded_lines": 0}, "missing_lines": [539, 540, 541, 557, 558, 559, 561, 562, 563, 564], "excluded_lines": []}, "PersistentCacheBackend._get_connection": {"executed_lines": [], "summary": {"covered_lines": 0, "num_statements": 4, "percent_covered": 0.0, "percent_covered_display": "0", "missing_lines": 4, "excluded_lines": 0}, "missing_lines": [568, 569, 570, 572], "excluded_lines": []}, "PersistentCacheBackend._return_connection": {"executed_lines": [], "summary": {"covered_lines": 0, "num_statements": 4, "percent_covered": 0.0, "percent_covered_display": "0", "missing_lines": 4, "excluded_lines": 0}, "missing_lines": [576, 577, 578, 580], "excluded_lines": []}, "PersistentCacheBackend.get": {"executed_lines": [], "summary": {"covered_lines": 0, "num_statements": 19, "percent_covered": 0.0, "percent_covered_display": "0", "missing_lines": 19, "excluded_lines": 0}, "missing_lines": [584, 585, 586, 587, 590, 592, 593, 594, 596, 599, 600, 601, 602, 603, 606, 607, 608, 610, 613], "excluded_lines": []}, "PersistentCacheBackend.set": {"executed_lines": [], "summary": {"covered_lines": 0, "num_statements": 16, "percent_covered": 0.0, "percent_covered_display": "0", "missing_lines": 16, "excluded_lines": 0}, "missing_lines": [617, 618, 619, 621, 622, 623, 626, 627, 630, 640, 641, 643, 645, 646, 647, 649], "excluded_lines": []}, "PersistentCacheBackend.delete": {"executed_lines": [], "summary": {"covered_lines": 0, "num_statements": 8, "percent_covered": 0.0, "percent_covered_display": "0", "missing_lines": 8, "excluded_lines": 0}, "missing_lines": [653, 654, 655, 656, 657, 658, 659, 661], "excluded_lines": []}, "PersistentCacheBackend.clear": {"executed_lines": [], "summary": {"covered_lines": 0, "num_statements": 10, "percent_covered": 0.0, "percent_covered_display": "0", "missing_lines": 10, "excluded_lines": 0}, "missing_lines": [665, 666, 667, 668, 669, 670, 671, 672, 673, 675], "excluded_lines": []}, "PersistentCacheBackend.keys": {"executed_lines": [], "summary": {"covered_lines": 0, "num_statements": 6, "percent_covered": 0.0, "percent_covered_display": "0", "missing_lines": 6, "excluded_lines": 0}, "missing_lines": [679, 680, 681, 682, 683, 685], "excluded_lines": []}, "PersistentCacheBackend.size": {"executed_lines": [], "summary": {"covered_lines": 0, "num_statements": 5, "percent_covered": 0.0, "percent_covered_display": "0", "missing_lines": 5, "excluded_lines": 0}, "missing_lines": [689, 690, 691, 692, 694], "excluded_lines": []}, "PersistentCacheBackend._row_to_entry": {"executed_lines": [], "summary": {"covered_lines": 0, "num_statements": 11, "percent_covered": 0.0, "percent_covered_display": "0", "missing_lines": 11, "excluded_lines": 0}, "missing_lines": [698, 700, 701, 702, 703, 704, 705, 707, 717, 718, 720], "excluded_lines": []}, "PersistentCacheBackend._delete_entry": {"executed_lines": [], "summary": {"covered_lines": 0, "num_statements": 3, "percent_covered": 0.0, "percent_covered_display": "0", "missing_lines": 3, "excluded_lines": 0}, "missing_lines": [724, 725, 726], "excluded_lines": []}, "PersistentCacheBackend._update_entry": {"executed_lines": [], "summary": {"covered_lines": 0, "num_statements": 2, "percent_covered": 0.0, "percent_covered_display": "0", "missing_lines": 2, "excluded_lines": 0}, "missing_lines": [730, 735], "excluded_lines": []}, "PersistentCacheBackend._get_entry_count": {"executed_lines": [], "summary": {"covered_lines": 0, "num_statements": 2, "percent_covered": 0.0, "percent_covered_display": "0", "missing_lines": 2, "excluded_lines": 0}, "missing_lines": [739, 740], "excluded_lines": []}, "PersistentCacheBackend._evict_entries": {"executed_lines": [], "summary": {"covered_lines": 0, "num_statements": 3, "percent_covered": 0.0, "percent_covered_display": "0", "missing_lines": 3, "excluded_lines": 0}, "missing_lines": [745, 753, 754], "excluded_lines": []}, "MultiLevelCache.__init__": {"executed_lines": [], "summary": {"covered_lines": 0, "num_statements": 9, "percent_covered": 0.0, "percent_covered_display": "0", "missing_lines": 9, "excluded_lines": 0}, "missing_lines": [767, 768, 769, 770, 773, 774, 776, 779, 780], "excluded_lines": []}, "MultiLevelCache._start_cleanup_task": {"executed_lines": [], "summary": {"covered_lines": 0, "num_statements": 2, "percent_covered": 0.0, "percent_covered_display": "0", "missing_lines": 2, "excluded_lines": 0}, "missing_lines": [784, 785], "excluded_lines": []}, "MultiLevelCache._cleanup_loop": {"executed_lines": [], "summary": {"covered_lines": 0, "num_statements": 11, "percent_covered": 0.0, "percent_covered_display": "0", "missing_lines": 11, "excluded_lines": 0}, "missing_lines": [789, 790, 791, 792, 795, 796, 798, 799, 800, 801, 802], "excluded_lines": []}, "MultiLevelCache._cleanup_expired": {"executed_lines": [], "summary": {"covered_lines": 0, "num_statements": 5, "percent_covered": 0.0, "percent_covered_display": "0", "missing_lines": 5, "excluded_lines": 0}, "missing_lines": [807, 808, 809, 810, 811], "excluded_lines": []}, "MultiLevelCache.get": {"executed_lines": [], "summary": {"covered_lines": 0, "num_statements": 8, "percent_covered": 0.0, "percent_covered_display": "0", "missing_lines": 8, "excluded_lines": 0}, "missing_lines": [819, 820, 821, 824, 825, 827, 828, 830], "excluded_lines": []}, "MultiLevelCache.set": {"executed_lines": [], "summary": {"covered_lines": 0, "num_statements": 9, "percent_covered": 0.0, "percent_covered_display": "0", "missing_lines": 9, "excluded_lines": 0}, "missing_lines": [835, 836, 838, 845, 848, 849, 851, 852, 854], "excluded_lines": []}, "MultiLevelCache.delete": {"executed_lines": [], "summary": {"covered_lines": 0, "num_statements": 6, "percent_covered": 0.0, "percent_covered_display": "0", "missing_lines": 6, "excluded_lines": 0}, "missing_lines": [858, 860, 861, 863, 864, 866], "excluded_lines": []}, "MultiLevelCache.clear": {"executed_lines": [], "summary": {"covered_lines": 0, "num_statements": 6, "percent_covered": 0.0, "percent_covered_display": "0", "missing_lines": 6, "excluded_lines": 0}, "missing_lines": [870, 872, 873, 875, 876, 878], "excluded_lines": []}, "MultiLevelCache.exists": {"executed_lines": [], "summary": {"covered_lines": 0, "num_statements": 1, "percent_covered": 0.0, "percent_covered_display": "0", "missing_lines": 1, "excluded_lines": 0}, "missing_lines": [882], "excluded_lines": []}, "MultiLevelCache.expire": {"executed_lines": [], "summary": {"covered_lines": 0, "num_statements": 11, "percent_covered": 0.0, "percent_covered_display": "0", "missing_lines": 11, "excluded_lines": 0}, "missing_lines": [887, 888, 889, 890, 891, 894, 895, 896, 897, 898, 900], "excluded_lines": []}, "MultiLevelCache.get_stats": {"executed_lines": [], "summary": {"covered_lines": 0, "num_statements": 1, "percent_covered": 0.0, "percent_covered_display": "0", "missing_lines": 1, "excluded_lines": 0}, "missing_lines": [904], "excluded_lines": []}, "MultiLevelCache.get_detailed_stats": {"executed_lines": [], "summary": {"covered_lines": 0, "num_statements": 3, "percent_covered": 0.0, "percent_covered_display": "0", "missing_lines": 3, "excluded_lines": 0}, "missing_lines": [911, 912, 914], "excluded_lines": []}, "MultiLevelCache.register_preload_function": {"executed_lines": [], "summary": {"covered_lines": 0, "num_statements": 2, "percent_covered": 0.0, "percent_covered_display": "0", "missing_lines": 2, "excluded_lines": 0}, "missing_lines": [929, 930], "excluded_lines": []}, "MultiLevelCache.batch_operation": {"executed_lines": [], "summary": {"covered_lines": 0, "num_statements": 1, "percent_covered": 0.0, "percent_covered_display": "0", "missing_lines": 1, "excluded_lines": 0}, "missing_lines": [936], "excluded_lines": []}, "MultiLevelCache.shutdown": {"executed_lines": [], "summary": {"covered_lines": 0, "num_statements": 10, "percent_covered": 0.0, "percent_covered_display": "0", "missing_lines": 10, "excluded_lines": 0}, "missing_lines": [940, 941, 942, 943, 944, 945, 948, 949, 950, 951], "excluded_lines": []}, "get_global_cache_manager": {"executed_lines": [], "summary": {"covered_lines": 0, "num_statements": 3, "percent_covered": 0.0, "percent_covered_display": "0", "missing_lines": 3, "excluded_lines": 0}, "missing_lines": [959, 960, 961], "excluded_lines": []}, "dispose_global_cache_manager": {"executed_lines": [], "summary": {"covered_lines": 0, "num_statements": 3, "percent_covered": 0.0, "percent_covered_display": "0", "missing_lines": 3, "excluded_lines": 0}, "missing_lines": [966, 967, 968], "excluded_lines": []}, "cache_get": {"executed_lines": [], "summary": {"covered_lines": 0, "num_statements": 2, "percent_covered": 0.0, "percent_covered_display": "0", "missing_lines": 2, "excluded_lines": 0}, "missing_lines": [973, 974], "excluded_lines": []}, "cache_set": {"executed_lines": [], "summary": {"covered_lines": 0, "num_statements": 2, "percent_covered": 0.0, "percent_covered_display": "0", "missing_lines": 2, "excluded_lines": 0}, "missing_lines": [978, 979], "excluded_lines": []}, "cache_delete": {"executed_lines": [], "summary": {"covered_lines": 0, "num_statements": 2, "percent_covered": 0.0, "percent_covered_display": "0", "missing_lines": 2, "excluded_lines": 0}, "missing_lines": [983, 984], "excluded_lines": []}, "cache_key": {"executed_lines": [], "summary": {"covered_lines": 0, "num_statements": 9, "percent_covered": 0.0, "percent_covered_display": "0", "missing_lines": 9, "excluded_lines": 0}, "missing_lines": [989, 992, 993, 994, 996, 999, 1000, 1003, 1004], "excluded_lines": []}, "cached": {"executed_lines": [], "summary": {"covered_lines": 0, "num_statements": 3, "percent_covered": 0.0, "percent_covered_display": "0", "missing_lines": 3, "excluded_lines": 0}, "missing_lines": [1008, 1009, 1036], "excluded_lines": []}, "cached.decorator": {"executed_lines": [], "summary": {"covered_lines": 0, "num_statements": 2, "percent_covered": 0.0, "percent_covered_display": "0", "missing_lines": 2, "excluded_lines": 0}, "missing_lines": [1010, 1035], "excluded_lines": []}, "cached.decorator.wrapper": {"executed_lines": [], "summary": {"covered_lines": 0, "num_statements": 12, "percent_covered": 0.0, "percent_covered_display": "0", "missing_lines": 12, "excluded_lines": 0}, "missing_lines": [1012, 1013, 1015, 1018, 1019, 1020, 1023, 1024, 1025, 1028, 1031, 1033], "excluded_lines": []}, "": {"executed_lines": [1, 18, 19, 20, 21, 22, 23, 24, 25, 26, 27, 28, 29, 30, 31, 32, 33, 34, 40, 43, 44, 46, 47, 48, 49, 50, 51, 52, 53, 55, 56, 57, 58, 59, 61, 62, 63, 64, 65, 66, 67, 68, 70, 71, 72, 73, 74, 75, 77, 78, 79, 80, 81, 82, 83, 84, 85, 86, 87, 88, 89, 90, 92, 96, 103, 109, 115, 119, 123, 128, 129, 130, 131, 132, 133, 134, 135, 136, 137, 138, 139, 140, 141, 142, 144, 145, 150, 151, 155, 156, 160, 164, 165, 167, 174, 191, 222, 235, 236, 238, 247, 286, 287, 289, 296, 300, 315, 344, 345, 347, 348, 352, 353, 357, 358, 362, 363, 367, 368, 372, 373, 377, 378, 380, 390, 415, 439, 449, 458, 463, 468, 473, 481, 502, 525, 526, 528, 537, 566, 574, 582, 615, 651, 663, 677, 687, 696, 722, 728, 737, 742, 756, 757, 759, 782, 787, 804, 816, 832, 856, 868, 880, 884, 902, 909, 927, 932, 933, 938, 954, 956, 963, 971, 976, 981, 986, 1006], "summary": {"covered_lines": 151, "num_statements": 151, "percent_covered": 100.0, "percent_covered_display": "100", "missing_lines": 0, "excluded_lines": 12}, "missing_lines": [], "excluded_lines": [347, 348, 352, 353, 357, 358, 362, 363, 367, 368, 372, 373]}}, "classes": {"CacheStrategy": {"executed_lines": [], "summary": {"covered_lines": 0, "num_statements": 0, "percent_covered": 100.0, "percent_covered_display": "100", "missing_lines": 0, "excluded_lines": 0}, "missing_lines": [], "excluded_lines": []}, "CacheLevel": {"executed_lines": [], "summary": {"covered_lines": 0, "num_statements": 0, "percent_covered": 100.0, "percent_covered_display": "100", "missing_lines": 0, "excluded_lines": 0}, "missing_lines": [], "excluded_lines": []}, "CacheOperation": {"executed_lines": [], "summary": {"covered_lines": 0, "num_statements": 0, "percent_covered": 100.0, "percent_covered_display": "100", "missing_lines": 0, "excluded_lines": 0}, "missing_lines": [], "excluded_lines": []}, "CachePattern": {"executed_lines": [], "summary": {"covered_lines": 0, "num_statements": 0, "percent_covered": 100.0, "percent_covered_display": "100", "missing_lines": 0, "excluded_lines": 0}, "missing_lines": [], "excluded_lines": []}, "CacheEntry": {"executed_lines": [], "summary": {"covered_lines": 0, "num_statements": 16, "percent_covered": 0.0, "percent_covered_display": "0", "missing_lines": 16, "excluded_lines": 0}, "missing_lines": [93, 94, 98, 99, 100, 101, 105, 106, 107, 111, 112, 113, 117, 121, 125, 126], "excluded_lines": []}, "CacheStats": {"executed_lines": [], "summary": {"covered_lines": 0, "num_statements": 5, "percent_covered": 0.0, "percent_covered_display": "0", "missing_lines": 5, "excluded_lines": 0}, "missing_lines": [147, 148, 153, 158, 162], "excluded_lines": []}, "CacheAnalyzer": {"executed_lines": [], "summary": {"covered_lines": 0, "num_statements": 29, "percent_covered": 0.0, "percent_covered_display": "0", "missing_lines": 29, "excluded_lines": 0}, "missing_lines": [168, 169, 170, 171, 172, 176, 177, 178, 186, 187, 189, 193, 194, 195, 198, 201, 202, 203, 206, 209, 210, 211, 213, 224, 226, 229, 230, 231, 233], "excluded_lines": []}, "SmartCacheStrategy": {"executed_lines": [], "summary": {"covered_lines": 0, "num_statements": 21, "percent_covered": 0.0, "percent_covered_display": "0", "missing_lines": 21, "excluded_lines": 0}, "missing_lines": [239, 240, 249, 250, 253, 256, 258, 259, 262, 263, 266, 267, 270, 271, 272, 275, 276, 278, 281, 282, 284], "excluded_lines": []}, "CachePreloader": {"executed_lines": [], "summary": {"covered_lines": 0, "num_statements": 31, "percent_covered": 0.0, "percent_covered_display": "0", "missing_lines": 31, "excluded_lines": 0}, "missing_lines": [290, 291, 292, 293, 294, 298, 302, 304, 306, 308, 309, 310, 311, 312, 313, 317, 318, 319, 320, 323, 324, 327, 328, 329, 332, 333, 336, 337, 339, 341, 342], "excluded_lines": []}, "CacheBackend": {"executed_lines": [], "summary": {"covered_lines": 0, "num_statements": 0, "percent_covered": 100.0, "percent_covered_display": "100", "missing_lines": 0, "excluded_lines": 12}, "missing_lines": [], "excluded_lines": [349, 350, 354, 355, 359, 360, 364, 365, 369, 370, 374, 375]}, "MemoryCacheBackend": {"executed_lines": [], "summary": {"covered_lines": 0, "num_statements": 80, "percent_covered": 0.0, "percent_covered_display": "0", "missing_lines": 80, "excluded_lines": 0}, "missing_lines": [381, 382, 383, 384, 385, 386, 387, 388, 392, 393, 394, 395, 396, 397, 400, 401, 402, 403, 404, 405, 408, 409, 410, 411, 413, 417, 419, 420, 423, 424, 425, 428, 429, 430, 432, 433, 435, 437, 441, 442, 443, 444, 445, 446, 447, 451, 452, 453, 454, 455, 456, 460, 461, 465, 466, 470, 471, 475, 476, 477, 478, 479, 483, 485, 486, 487, 488, 490, 492, 493, 494, 495, 497, 499, 500, 504, 505, 520, 521, 523], "excluded_lines": []}, "PersistentCacheBackend": {"executed_lines": [], "summary": {"covered_lines": 0, "num_statements": 110, "percent_covered": 0.0, "percent_covered_display": "0", "missing_lines": 110, "excluded_lines": 0}, "missing_lines": [529, 530, 531, 532, 533, 534, 535, 539, 540, 541, 557, 558, 559, 561, 562, 563, 564, 568, 569, 570, 572, 576, 577, 578, 580, 584, 585, 586, 587, 590, 592, 593, 594, 596, 599, 600, 601, 602, 603, 606, 607, 608, 610, 613, 617, 618, 619, 621, 622, 623, 626, 627, 630, 640, 641, 643, 645, 646, 647, 649, 653, 654, 655, 656, 657, 658, 659, 661, 665, 666, 667, 668, 669, 670, 671, 672, 673, 675, 679, 680, 681, 682, 683, 685, 689, 690, 691, 692, 694, 698, 700, 701, 702, 703, 704, 705, 707, 717, 718, 720, 724, 725, 726, 730, 735, 739, 740, 745, 753, 754], "excluded_lines": []}, "MultiLevelCache": {"executed_lines": [], "summary": {"covered_lines": 0, "num_statements": 85, "percent_covered": 0.0, "percent_covered_display": "0", "missing_lines": 85, "excluded_lines": 0}, "missing_lines": [767, 768, 769, 770, 773, 774, 776, 779, 780, 784, 785, 789, 790, 791, 792, 795, 796, 798, 799, 800, 801, 802, 807, 808, 809, 810, 811, 819, 820, 821, 824, 825, 827, 828, 830, 835, 836, 838, 845, 848, 849, 851, 852, 854, 858, 860, 861, 863, 864, 866, 870, 872, 873, 875, 876, 878, 882, 887, 888, 889, 890, 891, 894, 895, 896, 897, 898, 900, 904, 911, 912, 914, 929, 930, 936, 940, 941, 942, 943, 944, 945, 948, 949, 950, 951], "excluded_lines": []}, "": {"executed_lines": [1, 18, 19, 20, 21, 22, 23, 24, 25, 26, 27, 28, 29, 30, 31, 32, 33, 34, 40, 43, 44, 46, 47, 48, 49, 50, 51, 52, 53, 55, 56, 57, 58, 59, 61, 62, 63, 64, 65, 66, 67, 68, 70, 71, 72, 73, 74, 75, 77, 78, 79, 80, 81, 82, 83, 84, 85, 86, 87, 88, 89, 90, 92, 96, 103, 109, 115, 119, 123, 128, 129, 130, 131, 132, 133, 134, 135, 136, 137, 138, 139, 140, 141, 142, 144, 145, 150, 151, 155, 156, 160, 164, 165, 167, 174, 191, 222, 235, 236, 238, 247, 286, 287, 289, 296, 300, 315, 344, 345, 347, 348, 352, 353, 357, 358, 362, 363, 367, 368, 372, 373, 377, 378, 380, 390, 415, 439, 449, 458, 463, 468, 473, 481, 502, 525, 526, 528, 537, 566, 574, 582, 615, 651, 663, 677, 687, 696, 722, 728, 737, 742, 756, 757, 759, 782, 787, 804, 816, 832, 856, 868, 880, 884, 902, 909, 927, 932, 933, 938, 954, 956, 963, 971, 976, 981, 986, 1006], "summary": {"covered_lines": 151, "num_statements": 189, "percent_covered": 79.8941798941799, "percent_covered_display": "80", "missing_lines": 38, "excluded_lines": 12}, "missing_lines": [959, 960, 961, 966, 967, 968, 973, 974, 978, 979, 983, 984, 989, 992, 993, 994, 996, 999, 1000, 1003, 1004, 1008, 1009, 1010, 1012, 1013, 1015, 1018, 1019, 1020, 1023, 1024, 1025, 1028, 1031, 1033, 1035, 1036], "excluded_lines": [347, 348, 352, 353, 357, 358, 362, 363, 367, 368, 372, 373]}}}, "src\\cogs\\core\\database_pool.py": {"executed_lines": [1, 19, 20, 21, 22, 23, 24, 25, 26, 27, 28, 29, 30, 32, 35, 37, 38, 39, 40, 41, 42, 43, 45, 46, 47, 48, 49, 50, 52, 53, 54, 55, 56, 57, 58, 59, 60, 61, 62, 63, 64, 65, 66, 67, 68, 69, 70, 72, 73, 74, 75, 76, 77, 78, 79, 80, 81, 82, 83, 85, 86, 88, 90, 91, 93, 94, 96, 97, 99, 101, 102, 106, 107, 109, 110, 111, 112, 113, 114, 115, 116, 117, 118, 119, 120, 121, 122, 124, 126, 127, 128, 129, 131, 137, 147, 149, 150, 151, 153, 159, 160, 162, 167, 195, 196, 198, 199, 200, 201, 202, 204, 206, 207, 209, 210, 211, 213, 214, 216, 218, 220, 221, 225, 230, 234, 239, 242, 243, 245, 247, 248, 249, 252, 254, 255, 256, 258, 260, 261, 263, 264, 265, 266, 267, 269, 271, 274, 276, 277, 278, 280, 282, 283, 286, 287, 288, 289, 290, 292, 293, 296, 298, 301, 306, 307, 309, 310, 311, 312, 313, 314, 316, 337, 371, 372, 374, 375, 376, 377, 378, 379, 380, 381, 382, 383, 385, 387, 388, 391, 392, 393, 394, 396, 399, 400, 401, 404, 405, 406, 408, 409, 428, 470, 472, 473, 476, 477, 486, 502, 524, 545, 566, 567, 569, 570, 571, 572, 573, 575, 577, 578, 579, 580, 582, 597, 599, 600, 601, 612, 614, 615, 618, 619, 621, 636, 640, 641, 642, 643, 644, 645, 652, 653, 655, 656, 657, 658, 659, 662, 663, 664, 665, 667, 669, 671, 672, 673, 674, 676, 694, 696, 699, 701, 704, 705, 706, 707, 708, 717, 718, 719, 720, 723, 724, 726, 731, 733, 734, 735, 737, 739, 740, 742, 743, 745, 748, 754, 755, 758, 759, 760, 761, 764, 767, 770, 771, 773, 775, 796, 809, 810, 812, 813, 814, 816, 818, 823, 879, 880, 882, 886, 887, 888, 889, 894, 895, 897, 899], "summary": {"covered_lines": 306, "num_statements": 554, "percent_covered": 55.234657039711195, "percent_covered_display": "55", "missing_lines": 248, "excluded_lines": 0}, "missing_lines": [104, 133, 134, 135, 139, 140, 141, 164, 165, 169, 170, 171, 174, 175, 176, 178, 215, 217, 219, 223, 227, 228, 232, 236, 237, 272, 284, 303, 304, 318, 319, 321, 322, 325, 326, 329, 330, 332, 333, 335, 339, 340, 341, 343, 344, 347, 348, 353, 354, 357, 358, 359, 360, 362, 364, 365, 367, 368, 369, 389, 411, 412, 413, 414, 415, 416, 419, 420, 421, 422, 423, 425, 426, 430, 431, 432, 434, 435, 436, 437, 439, 442, 443, 444, 447, 448, 449, 451, 452, 454, 455, 456, 457, 458, 459, 461, 462, 463, 464, 465, 467, 468, 474, 478, 479, 480, 481, 482, 483, 484, 488, 489, 490, 492, 493, 494, 495, 496, 497, 498, 499, 500, 504, 505, 506, 507, 510, 511, 513, 514, 516, 517, 518, 519, 520, 521, 522, 526, 529, 530, 531, 534, 535, 536, 539, 540, 541, 543, 547, 548, 549, 550, 551, 553, 554, 557, 558, 559, 561, 563, 564, 584, 585, 586, 587, 588, 589, 590, 591, 592, 593, 595, 602, 606, 607, 608, 609, 610, 616, 623, 624, 625, 628, 629, 632, 633, 637, 646, 647, 648, 649, 650, 678, 681, 684, 685, 686, 688, 689, 690, 692, 697, 711, 712, 713, 714, 729, 777, 778, 779, 781, 782, 784, 786, 787, 789, 790, 791, 792, 794, 798, 799, 800, 802, 804, 806, 807, 820, 821, 825, 842, 843, 844, 845, 847, 868, 869, 870, 873, 874, 876, 890, 891, 892, 903, 904, 905, 906], "excluded_lines": [], "functions": {"ConnectionMetrics.avg_query_time": {"executed_lines": [88], "summary": {"covered_lines": 1, "num_statements": 1, "percent_covered": 100.0, "percent_covered_display": "100", "missing_lines": 0, "excluded_lines": 0}, "missing_lines": [], "excluded_lines": []}, "ConnectionMetrics.success_rate": {"executed_lines": [93, 94], "summary": {"covered_lines": 2, "num_statements": 2, "percent_covered": 100.0, "percent_covered_display": "100", "missing_lines": 0, "excluded_lines": 0}, "missing_lines": [], "excluded_lines": []}, "ConnectionMetrics.age": {"executed_lines": [99], "summary": {"covered_lines": 1, "num_statements": 1, "percent_covered": 100.0, "percent_covered_display": "100", "missing_lines": 0, "excluded_lines": 0}, "missing_lines": [], "excluded_lines": []}, "ConnectionMetrics.idle_time": {"executed_lines": [], "summary": {"covered_lines": 0, "num_statements": 1, "percent_covered": 0.0, "percent_covered_display": "0", "missing_lines": 1, "excluded_lines": 0}, "missing_lines": [104], "excluded_lines": []}, "PoolMetrics.__init__": {"executed_lines": [110, 111, 112, 113, 114, 115, 116, 117, 118, 119, 120, 121, 122], "summary": {"covered_lines": 13, "num_statements": 13, "percent_covered": 100.0, "percent_covered_display": "100", "missing_lines": 0, "excluded_lines": 0}, "missing_lines": [], "excluded_lines": []}, "PoolMetrics.record_connection_created": {"executed_lines": [126, 127, 128, 129], "summary": {"covered_lines": 4, "num_statements": 4, "percent_covered": 100.0, "percent_covered_display": "100", "missing_lines": 0, "excluded_lines": 0}, "missing_lines": [], "excluded_lines": []}, "PoolMetrics.record_connection_closed": {"executed_lines": [], "summary": {"covered_lines": 0, "num_statements": 3, "percent_covered": 0.0, "percent_covered_display": "0", "missing_lines": 3, "excluded_lines": 0}, "missing_lines": [133, 134, 135], "excluded_lines": []}, "PoolMetrics.record_connection_error": {"executed_lines": [], "summary": {"covered_lines": 0, "num_statements": 3, "percent_covered": 0.0, "percent_covered_display": "0", "missing_lines": 3, "excluded_lines": 0}, "missing_lines": [139, 140, 141], "excluded_lines": []}, "PoolMetrics.record_query_executed": {"executed_lines": [149, 150, 151, 153, 159, 160], "summary": {"covered_lines": 6, "num_statements": 6, "percent_covered": 100.0, "percent_covered_display": "100", "missing_lines": 0, "excluded_lines": 0}, "missing_lines": [], "excluded_lines": []}, "PoolMetrics.record_health_check_failure": {"executed_lines": [], "summary": {"covered_lines": 0, "num_statements": 2, "percent_covered": 0.0, "percent_covered_display": "0", "missing_lines": 2, "excluded_lines": 0}, "missing_lines": [164, 165], "excluded_lines": []}, "PoolMetrics.get_metrics_summary": {"executed_lines": [], "summary": {"covered_lines": 0, "num_statements": 7, "percent_covered": 0.0, "percent_covered_display": "0", "missing_lines": 7, "excluded_lines": 0}, "missing_lines": [169, 170, 171, 174, 175, 176, 178], "excluded_lines": []}, "LoadBalancer.__init__": {"executed_lines": [199, 200, 201, 202], "summary": {"covered_lines": 4, "num_statements": 4, "percent_covered": 100.0, "percent_covered_display": "100", "missing_lines": 0, "excluded_lines": 0}, "missing_lines": [], "excluded_lines": []}, "LoadBalancer.select_connection": {"executed_lines": [206, 207, 209, 210, 211, 213, 214, 216, 218, 220, 221], "summary": {"covered_lines": 11, "num_statements": 15, "percent_covered": 73.33333333333333, "percent_covered_display": "73", "missing_lines": 4, "excluded_lines": 0}, "missing_lines": [215, 217, 219, 223], "excluded_lines": []}, "LoadBalancer._round_robin_select": {"executed_lines": [], "summary": {"covered_lines": 0, "num_statements": 2, "percent_covered": 0.0, "percent_covered_display": "0", "missing_lines": 2, "excluded_lines": 0}, "missing_lines": [227, 228], "excluded_lines": []}, "LoadBalancer._least_used_select": {"executed_lines": [], "summary": {"covered_lines": 0, "num_statements": 1, "percent_covered": 0.0, "percent_covered_display": "0", "missing_lines": 1, "excluded_lines": 0}, "missing_lines": [232], "excluded_lines": []}, "LoadBalancer._random_select": {"executed_lines": [], "summary": {"covered_lines": 0, "num_statements": 2, "percent_covered": 0.0, "percent_covered_display": "0", "missing_lines": 2, "excluded_lines": 0}, "missing_lines": [236, 237], "excluded_lines": []}, "LoadBalancer._adaptive_select": {"executed_lines": [242, 243, 245, 247, 248, 249, 252, 254, 255, 256, 258], "summary": {"covered_lines": 11, "num_statements": 11, "percent_covered": 100.0, "percent_covered_display": "100", "missing_lines": 0, "excluded_lines": 0}, "missing_lines": [], "excluded_lines": []}, "ConnectionPrewarmer.__init__": {"executed_lines": [264, 265, 266, 267], "summary": {"covered_lines": 4, "num_statements": 4, "percent_covered": 100.0, "percent_covered_display": "100", "missing_lines": 0, "excluded_lines": 0}, "missing_lines": [], "excluded_lines": []}, "ConnectionPrewarmer.start_prewarming": {"executed_lines": [271, 274, 276, 277, 278], "summary": {"covered_lines": 5, "num_statements": 6, "percent_covered": 83.33333333333333, "percent_covered_display": "83", "missing_lines": 1, "excluded_lines": 0}, "missing_lines": [272], "excluded_lines": []}, "ConnectionPrewarmer._prewarm_connections": {"executed_lines": [282, 283, 286, 287, 288, 289, 290, 292, 293, 296, 298, 301], "summary": {"covered_lines": 12, "num_statements": 15, "percent_covered": 80.0, "percent_covered_display": "80", "missing_lines": 3, "excluded_lines": 0}, "missing_lines": [284, 303, 304], "excluded_lines": []}, "AutoRecovery.__init__": {"executed_lines": [310, 311, 312, 313, 314], "summary": {"covered_lines": 5, "num_statements": 5, "percent_covered": 100.0, "percent_covered_display": "100", "missing_lines": 0, "excluded_lines": 0}, "missing_lines": [], "excluded_lines": []}, "AutoRecovery.attempt_recovery": {"executed_lines": [], "summary": {"covered_lines": 0, "num_statements": 11, "percent_covered": 0.0, "percent_covered_display": "0", "missing_lines": 11, "excluded_lines": 0}, "missing_lines": [318, 319, 321, 322, 325, 326, 329, 330, 332, 333, 335], "excluded_lines": []}, "AutoRecovery._perform_recovery": {"executed_lines": [], "summary": {"covered_lines": 0, "num_statements": 19, "percent_covered": 0.0, "percent_covered_display": "0", "missing_lines": 19, "excluded_lines": 0}, "missing_lines": [339, 340, 341, 343, 344, 347, 348, 353, 354, 357, 358, 359, 360, 362, 364, 365, 367, 368, 369], "excluded_lines": []}, "PooledConnection.__init__": {"executed_lines": [375, 376, 377, 378, 379, 380, 381, 382, 383], "summary": {"covered_lines": 9, "num_statements": 9, "percent_covered": 100.0, "percent_covered_display": "100", "missing_lines": 0, "excluded_lines": 0}, "missing_lines": [], "excluded_lines": []}, "PooledConnection.execute": {"executed_lines": [387, 388, 391, 392, 393, 394, 396, 399, 400, 401, 404, 405, 406, 408, 409], "summary": {"covered_lines": 15, "num_statements": 29, "percent_covered": 51.724137931034484, "percent_covered_display": "52", "missing_lines": 14, "excluded_lines": 0}, "missing_lines": [389, 411, 412, 413, 414, 415, 416, 419, 420, 421, 422, 423, 425, 426], "excluded_lines": []}, "PooledConnection.executemany": {"executed_lines": [], "summary": {"covered_lines": 0, "num_statements": 29, "percent_covered": 0.0, "percent_covered_display": "0", "missing_lines": 29, "excluded_lines": 0}, "missing_lines": [430, 431, 432, 434, 435, 436, 437, 439, 442, 443, 444, 447, 448, 449, 451, 452, 454, 455, 456, 457, 458, 459, 461, 462, 463, 464, 465, 467, 468], "excluded_lines": []}, "PooledConnection.commit": {"executed_lines": [472, 473, 476, 477], "summary": {"covered_lines": 4, "num_statements": 12, "percent_covered": 33.333333333333336, "percent_covered_display": "33", "missing_lines": 8, "excluded_lines": 0}, "missing_lines": [474, 478, 479, 480, 481, 482, 483, 484], "excluded_lines": []}, "PooledConnection.rollback": {"executed_lines": [], "summary": {"covered_lines": 0, "num_statements": 12, "percent_covered": 0.0, "percent_covered_display": "0", "missing_lines": 12, "excluded_lines": 0}, "missing_lines": [488, 489, 490, 492, 493, 494, 495, 496, 497, 498, 499, 500], "excluded_lines": []}, "PooledConnection.health_check": {"executed_lines": [], "summary": {"covered_lines": 0, "num_statements": 15, "percent_covered": 0.0, "percent_covered_display": "0", "missing_lines": 15, "excluded_lines": 0}, "missing_lines": [504, 505, 506, 507, 510, 511, 513, 514, 516, 517, 518, 519, 520, 521, 522], "excluded_lines": []}, "PooledConnection.is_expired": {"executed_lines": [], "summary": {"covered_lines": 0, "num_statements": 11, "percent_covered": 0.0, "percent_covered_display": "0", "missing_lines": 11, "excluded_lines": 0}, "missing_lines": [526, 529, 530, 531, 534, 535, 536, 539, 540, 541, 543], "excluded_lines": []}, "PooledConnection.close": {"executed_lines": [], "summary": {"covered_lines": 0, "num_statements": 13, "percent_covered": 0.0, "percent_covered_display": "0", "missing_lines": 13, "excluded_lines": 0}, "missing_lines": [547, 548, 549, 550, 551, 553, 554, 557, 558, 559, 561, 563, 564], "excluded_lines": []}, "ConnectionHealthMonitor.__init__": {"executed_lines": [570, 571, 572, 573], "summary": {"covered_lines": 4, "num_statements": 4, "percent_covered": 100.0, "percent_covered_display": "100", "missing_lines": 0, "excluded_lines": 0}, "missing_lines": [], "excluded_lines": []}, "ConnectionHealthMonitor.start_monitoring": {"executed_lines": [577, 578, 579, 580], "summary": {"covered_lines": 4, "num_statements": 4, "percent_covered": 100.0, "percent_covered_display": "100", "missing_lines": 0, "excluded_lines": 0}, "missing_lines": [], "excluded_lines": []}, "ConnectionHealthMonitor.stop_monitoring": {"executed_lines": [], "summary": {"covered_lines": 0, "num_statements": 11, "percent_covered": 0.0, "percent_covered_display": "0", "missing_lines": 11, "excluded_lines": 0}, "missing_lines": [584, 585, 586, 587, 588, 589, 590, 591, 592, 593, 595], "excluded_lines": []}, "ConnectionHealthMonitor._monitor_loop": {"executed_lines": [599, 600, 601], "summary": {"covered_lines": 3, "num_statements": 9, "percent_covered": 33.333333333333336, "percent_covered_display": "33", "missing_lines": 6, "excluded_lines": 0}, "missing_lines": [602, 606, 607, 608, 609, 610], "excluded_lines": []}, "ConnectionHealthMonitor._check_all_connections": {"executed_lines": [614, 615, 618, 619, 621, 636, 640, 641, 642, 643, 644, 645], "summary": {"covered_lines": 12, "num_statements": 26, "percent_covered": 46.15384615384615, "percent_covered_display": "46", "missing_lines": 14, "excluded_lines": 0}, "missing_lines": [616, 623, 624, 625, 628, 629, 632, 633, 637, 646, 647, 648, 649, 650], "excluded_lines": []}, "DatabaseConnectionPool.__init__": {"executed_lines": [656, 657, 658, 659, 662, 663, 664, 665, 667], "summary": {"covered_lines": 9, "num_statements": 9, "percent_covered": 100.0, "percent_covered_display": "100", "missing_lines": 0, "excluded_lines": 0}, "missing_lines": [], "excluded_lines": []}, "DatabaseConnectionPool.initialize": {"executed_lines": [671, 672, 673, 674], "summary": {"covered_lines": 4, "num_statements": 4, "percent_covered": 100.0, "percent_covered_display": "100", "missing_lines": 0, "excluded_lines": 0}, "missing_lines": [], "excluded_lines": []}, "DatabaseConnectionPool.close": {"executed_lines": [], "summary": {"covered_lines": 0, "num_statements": 9, "percent_covered": 0.0, "percent_covered_display": "0", "missing_lines": 9, "excluded_lines": 0}, "missing_lines": [678, 681, 684, 685, 686, 688, 689, 690, 692], "excluded_lines": []}, "DatabaseConnectionPool.get_connection": {"executed_lines": [696, 699, 701, 704, 705, 706, 707, 708, 717, 718, 719, 720, 723, 724, 726], "summary": {"covered_lines": 15, "num_statements": 21, "percent_covered": 71.42857142857143, "percent_covered_display": "71", "missing_lines": 6, "excluded_lines": 0}, "missing_lines": [697, 711, 712, 713, 714, 729], "excluded_lines": []}, "DatabaseConnectionPool.return_connection": {"executed_lines": [733, 734, 735], "summary": {"covered_lines": 3, "num_statements": 3, "percent_covered": 100.0, "percent_covered_display": "100", "missing_lines": 0, "excluded_lines": 0}, "missing_lines": [], "excluded_lines": []}, "DatabaseConnectionPool._create_connection": {"executed_lines": [739, 740, 742, 743, 745, 748, 754, 755, 758, 759, 760, 761, 764, 767, 770, 771, 773, 775], "summary": {"covered_lines": 18, "num_statements": 31, "percent_covered": 58.064516129032256, "percent_covered_display": "58", "missing_lines": 13, "excluded_lines": 0}, "missing_lines": [777, 778, 779, 781, 782, 784, 786, 787, 789, 790, 791, 792, 794], "excluded_lines": []}, "DatabaseConnectionPool._remove_connection": {"executed_lines": [], "summary": {"covered_lines": 0, "num_statements": 7, "percent_covered": 0.0, "percent_covered_display": "0", "missing_lines": 7, "excluded_lines": 0}, "missing_lines": [798, 799, 800, 802, 804, 806, 807], "excluded_lines": []}, "DatabaseConnectionPool.get_connection_context": {"executed_lines": [812, 813, 814, 816], "summary": {"covered_lines": 4, "num_statements": 4, "percent_covered": 100.0, "percent_covered_display": "100", "missing_lines": 0, "excluded_lines": 0}, "missing_lines": [], "excluded_lines": []}, "DatabaseConnectionPool.execute": {"executed_lines": [], "summary": {"covered_lines": 0, "num_statements": 2, "percent_covered": 0.0, "percent_covered_display": "0", "missing_lines": 2, "excluded_lines": 0}, "missing_lines": [820, 821], "excluded_lines": []}, "DatabaseConnectionPool.get_pool_status": {"executed_lines": [], "summary": {"covered_lines": 0, "num_statements": 12, "percent_covered": 0.0, "percent_covered_display": "0", "missing_lines": 12, "excluded_lines": 0}, "missing_lines": [825, 842, 843, 844, 845, 847, 868, 869, 870, 873, 874, 876], "excluded_lines": []}, "get_global_pool": {"executed_lines": [886, 887, 888, 889, 894, 895, 897], "summary": {"covered_lines": 7, "num_statements": 10, "percent_covered": 70.0, "percent_covered_display": "70", "missing_lines": 3, "excluded_lines": 0}, "missing_lines": [890, 891, 892], "excluded_lines": []}, "close_global_pool": {"executed_lines": [], "summary": {"covered_lines": 0, "num_statements": 4, "percent_covered": 0.0, "percent_covered_display": "0", "missing_lines": 4, "excluded_lines": 0}, "missing_lines": [903, 904, 905, 906], "excluded_lines": []}, "": {"executed_lines": [1, 19, 20, 21, 22, 23, 24, 25, 26, 27, 28, 29, 30, 32, 35, 37, 38, 39, 40, 41, 42, 43, 45, 46, 47, 48, 49, 50, 52, 53, 54, 55, 56, 57, 58, 59, 60, 61, 62, 63, 64, 65, 66, 67, 68, 69, 70, 72, 73, 74, 75, 76, 77, 78, 79, 80, 81, 82, 83, 85, 86, 90, 91, 96, 97, 101, 102, 106, 107, 109, 124, 131, 137, 147, 162, 167, 195, 196, 198, 204, 225, 230, 234, 239, 260, 261, 263, 269, 280, 306, 307, 309, 316, 337, 371, 372, 374, 385, 428, 470, 486, 502, 524, 545, 566, 567, 569, 575, 582, 597, 612, 652, 653, 655, 669, 676, 694, 731, 737, 796, 809, 810, 818, 823, 879, 880, 882, 899], "summary": {"covered_lines": 116, "num_statements": 116, "percent_covered": 100.0, "percent_covered_display": "100", "missing_lines": 0, "excluded_lines": 0}, "missing_lines": [], "excluded_lines": []}}, "classes": {"ConnectionStatus": {"executed_lines": [], "summary": {"covered_lines": 0, "num_statements": 0, "percent_covered": 100.0, "percent_covered_display": "100", "missing_lines": 0, "excluded_lines": 0}, "missing_lines": [], "excluded_lines": []}, "PoolStrategy": {"executed_lines": [], "summary": {"covered_lines": 0, "num_statements": 0, "percent_covered": 100.0, "percent_covered_display": "100", "missing_lines": 0, "excluded_lines": 0}, "missing_lines": [], "excluded_lines": []}, "PoolConfiguration": {"executed_lines": [], "summary": {"covered_lines": 0, "num_statements": 0, "percent_covered": 100.0, "percent_covered_display": "100", "missing_lines": 0, "excluded_lines": 0}, "missing_lines": [], "excluded_lines": []}, "ConnectionMetrics": {"executed_lines": [88, 93, 94, 99], "summary": {"covered_lines": 4, "num_statements": 5, "percent_covered": 80.0, "percent_covered_display": "80", "missing_lines": 1, "excluded_lines": 0}, "missing_lines": [104], "excluded_lines": []}, "PoolMetrics": {"executed_lines": [110, 111, 112, 113, 114, 115, 116, 117, 118, 119, 120, 121, 122, 126, 127, 128, 129, 149, 150, 151, 153, 159, 160], "summary": {"covered_lines": 23, "num_statements": 38, "percent_covered": 60.526315789473685, "percent_covered_display": "61", "missing_lines": 15, "excluded_lines": 0}, "missing_lines": [133, 134, 135, 139, 140, 141, 164, 165, 169, 170, 171, 174, 175, 176, 178], "excluded_lines": []}, "LoadBalancer": {"executed_lines": [199, 200, 201, 202, 206, 207, 209, 210, 211, 213, 214, 216, 218, 220, 221, 242, 243, 245, 247, 248, 249, 252, 254, 255, 256, 258], "summary": {"covered_lines": 26, "num_statements": 35, "percent_covered": 74.28571428571429, "percent_covered_display": "74", "missing_lines": 9, "excluded_lines": 0}, "missing_lines": [215, 217, 219, 223, 227, 228, 232, 236, 237], "excluded_lines": []}, "ConnectionPrewarmer": {"executed_lines": [264, 265, 266, 267, 271, 274, 276, 277, 278, 282, 283, 286, 287, 288, 289, 290, 292, 293, 296, 298, 301], "summary": {"covered_lines": 21, "num_statements": 25, "percent_covered": 84.0, "percent_covered_display": "84", "missing_lines": 4, "excluded_lines": 0}, "missing_lines": [272, 284, 303, 304], "excluded_lines": []}, "AutoRecovery": {"executed_lines": [310, 311, 312, 313, 314], "summary": {"covered_lines": 5, "num_statements": 35, "percent_covered": 14.285714285714286, "percent_covered_display": "14", "missing_lines": 30, "excluded_lines": 0}, "missing_lines": [318, 319, 321, 322, 325, 326, 329, 330, 332, 333, 335, 339, 340, 341, 343, 344, 347, 348, 353, 354, 357, 358, 359, 360, 362, 364, 365, 367, 368, 369], "excluded_lines": []}, "PooledConnection": {"executed_lines": [375, 376, 377, 378, 379, 380, 381, 382, 383, 387, 388, 391, 392, 393, 394, 396, 399, 400, 401, 404, 405, 406, 408, 409, 472, 473, 476, 477], "summary": {"covered_lines": 28, "num_statements": 130, "percent_covered": 21.53846153846154, "percent_covered_display": "22", "missing_lines": 102, "excluded_lines": 0}, "missing_lines": [389, 411, 412, 413, 414, 415, 416, 419, 420, 421, 422, 423, 425, 426, 430, 431, 432, 434, 435, 436, 437, 439, 442, 443, 444, 447, 448, 449, 451, 452, 454, 455, 456, 457, 458, 459, 461, 462, 463, 464, 465, 467, 468, 474, 478, 479, 480, 481, 482, 483, 484, 488, 489, 490, 492, 493, 494, 495, 496, 497, 498, 499, 500, 504, 505, 506, 507, 510, 511, 513, 514, 516, 517, 518, 519, 520, 521, 522, 526, 529, 530, 531, 534, 535, 536, 539, 540, 541, 543, 547, 548, 549, 550, 551, 553, 554, 557, 558, 559, 561, 563, 564], "excluded_lines": []}, "ConnectionHealthMonitor": {"executed_lines": [570, 571, 572, 573, 577, 578, 579, 580, 599, 600, 601, 614, 615, 618, 619, 621, 636, 640, 641, 642, 643, 644, 645], "summary": {"covered_lines": 23, "num_statements": 54, "percent_covered": 42.592592592592595, "percent_covered_display": "43", "missing_lines": 31, "excluded_lines": 0}, "missing_lines": [584, 585, 586, 587, 588, 589, 590, 591, 592, 593, 595, 602, 606, 607, 608, 609, 610, 616, 623, 624, 625, 628, 629, 632, 633, 637, 646, 647, 648, 649, 650], "excluded_lines": []}, "DatabaseConnectionPool": {"executed_lines": [656, 657, 658, 659, 662, 663, 664, 665, 667, 671, 672, 673, 674, 696, 699, 701, 704, 705, 706, 707, 708, 717, 718, 719, 720, 723, 724, 726, 733, 734, 735, 739, 740, 742, 743, 745, 748, 754, 755, 758, 759, 760, 761, 764, 767, 770, 771, 773, 775, 812, 813, 814, 816], "summary": {"covered_lines": 53, "num_statements": 102, "percent_covered": 51.96078431372549, "percent_covered_display": "52", "missing_lines": 49, "excluded_lines": 0}, "missing_lines": [678, 681, 684, 685, 686, 688, 689, 690, 692, 697, 711, 712, 713, 714, 729, 777, 778, 779, 781, 782, 784, 786, 787, 789, 790, 791, 792, 794, 798, 799, 800, 802, 804, 806, 807, 820, 821, 825, 842, 843, 844, 845, 847, 868, 869, 870, 873, 874, 876], "excluded_lines": []}, "": {"executed_lines": [1, 19, 20, 21, 22, 23, 24, 25, 26, 27, 28, 29, 30, 32, 35, 37, 38, 39, 40, 41, 42, 43, 45, 46, 47, 48, 49, 50, 52, 53, 54, 55, 56, 57, 58, 59, 60, 61, 62, 63, 64, 65, 66, 67, 68, 69, 70, 72, 73, 74, 75, 76, 77, 78, 79, 80, 81, 82, 83, 85, 86, 90, 91, 96, 97, 101, 102, 106, 107, 109, 124, 131, 137, 147, 162, 167, 195, 196, 198, 204, 225, 230, 234, 239, 260, 261, 263, 269, 280, 306, 307, 309, 316, 337, 371, 372, 374, 385, 428, 470, 486, 502, 524, 545, 566, 567, 569, 575, 582, 597, 612, 652, 653, 655, 669, 676, 694, 731, 737, 796, 809, 810, 818, 823, 879, 880, 882, 886, 887, 888, 889, 894, 895, 897, 899], "summary": {"covered_lines": 123, "num_statements": 130, "percent_covered": 94.61538461538461, "percent_covered_display": "95", "missing_lines": 7, "excluded_lines": 0}, "missing_lines": [890, 891, 892, 903, 904, 905, 906], "excluded_lines": []}}}, "src\\cogs\\core\\dependency_container.py": {"executed_lines": [1, 14, 15, 16, 17, 18, 19, 22, 25, 27, 28, 29, 30, 31, 33, 34, 36, 45, 46, 47, 49, 50, 51, 53, 54, 55, 57, 58, 67, 75, 90, 99, 107, 115, 123, 135, 148, 160, 184, 197, 211, 217, 246, 252, 253, 265, 289, 308, 309, 311, 322], "summary": {"covered_lines": 44, "num_statements": 164, "percent_covered": 26.829268292682926, "percent_covered_display": "27", "missing_lines": 120, "excluded_lines": 0}, "missing_lines": [39, 40, 41, 42, 43, 68, 69, 70, 71, 72, 73, 77, 78, 80, 81, 82, 85, 87, 88, 93, 94, 95, 97, 101, 109, 117, 125, 131, 132, 133, 137, 143, 144, 145, 146, 150, 156, 157, 158, 162, 163, 166, 167, 168, 171, 172, 174, 177, 178, 179, 180, 182, 186, 187, 189, 190, 191, 192, 193, 195, 199, 200, 202, 204, 205, 206, 207, 209, 213, 214, 215, 220, 221, 224, 225, 226, 228, 231, 232, 235, 236, 239, 240, 242, 243, 244, 248, 249, 250, 255, 256, 258, 259, 260, 262, 263, 267, 269, 270, 273, 274, 275, 276, 277, 278, 280, 281, 282, 284, 286, 287, 291, 315, 316, 317, 318, 320, 326, 327, 328], "excluded_lines": [], "functions": {"ServiceDescriptor.__init__": {"executed_lines": [], "summary": {"covered_lines": 0, "num_statements": 5, "percent_covered": 0.0, "percent_covered_display": "0", "missing_lines": 5, "excluded_lines": 0}, "missing_lines": [39, 40, 41, 42, 43], "excluded_lines": []}, "DependencyContainer.__init__": {"executed_lines": [], "summary": {"covered_lines": 0, "num_statements": 6, "percent_covered": 0.0, "percent_covered_display": "0", "missing_lines": 6, "excluded_lines": 0}, "missing_lines": [68, 69, 70, 71, 72, 73], "excluded_lines": []}, "DependencyContainer.initialize": {"executed_lines": [], "summary": {"covered_lines": 0, "num_statements": 8, "percent_covered": 0.0, "percent_covered_display": "0", "missing_lines": 8, "excluded_lines": 0}, "missing_lines": [77, 78, 80, 81, 82, 85, 87, 88], "excluded_lines": []}, "DependencyContainer._register_core_services": {"executed_lines": [], "summary": {"covered_lines": 0, "num_statements": 4, "percent_covered": 0.0, "percent_covered_display": "0", "missing_lines": 4, "excluded_lines": 0}, "missing_lines": [93, 94, 95, 97], "excluded_lines": []}, "DependencyContainer.register_transient": {"executed_lines": [], "summary": {"covered_lines": 0, "num_statements": 1, "percent_covered": 0.0, "percent_covered_display": "0", "missing_lines": 1, "excluded_lines": 0}, "missing_lines": [101], "excluded_lines": []}, "DependencyContainer.register_singleton": {"executed_lines": [], "summary": {"covered_lines": 0, "num_statements": 1, "percent_covered": 0.0, "percent_covered_display": "0", "missing_lines": 1, "excluded_lines": 0}, "missing_lines": [109], "excluded_lines": []}, "DependencyContainer.register_scoped": {"executed_lines": [], "summary": {"covered_lines": 0, "num_statements": 1, "percent_covered": 0.0, "percent_covered_display": "0", "missing_lines": 1, "excluded_lines": 0}, "missing_lines": [117], "excluded_lines": []}, "DependencyContainer.register_factory": {"executed_lines": [], "summary": {"covered_lines": 0, "num_statements": 4, "percent_covered": 0.0, "percent_covered_display": "0", "missing_lines": 4, "excluded_lines": 0}, "missing_lines": [125, 131, 132, 133], "excluded_lines": []}, "DependencyContainer.register_instance": {"executed_lines": [], "summary": {"covered_lines": 0, "num_statements": 5, "percent_covered": 0.0, "percent_covered_display": "0", "missing_lines": 5, "excluded_lines": 0}, "missing_lines": [137, 143, 144, 145, 146], "excluded_lines": []}, "DependencyContainer._register_service": {"executed_lines": [], "summary": {"covered_lines": 0, "num_statements": 4, "percent_covered": 0.0, "percent_covered_display": "0", "missing_lines": 4, "excluded_lines": 0}, "missing_lines": [150, 156, 157, 158], "excluded_lines": []}, "DependencyContainer.resolve": {"executed_lines": [], "summary": {"covered_lines": 0, "num_statements": 13, "percent_covered": 0.0, "percent_covered_display": "0", "missing_lines": 13, "excluded_lines": 0}, "missing_lines": [162, 163, 166, 167, 168, 171, 172, 174, 177, 178, 179, 180, 182], "excluded_lines": []}, "DependencyContainer._resolve_singleton": {"executed_lines": [], "summary": {"covered_lines": 0, "num_statements": 8, "percent_covered": 0.0, "percent_covered_display": "0", "missing_lines": 8, "excluded_lines": 0}, "missing_lines": [186, 187, 189, 190, 191, 192, 193, 195], "excluded_lines": []}, "DependencyContainer._resolve_scoped": {"executed_lines": [], "summary": {"covered_lines": 0, "num_statements": 8, "percent_covered": 0.0, "percent_covered_display": "0", "missing_lines": 8, "excluded_lines": 0}, "missing_lines": [199, 200, 202, 204, 205, 206, 207, 209], "excluded_lines": []}, "DependencyContainer._resolve_transient": {"executed_lines": [], "summary": {"covered_lines": 0, "num_statements": 3, "percent_covered": 0.0, "percent_covered_display": "0", "missing_lines": 3, "excluded_lines": 0}, "missing_lines": [213, 214, 215], "excluded_lines": []}, "DependencyContainer._create_instance": {"executed_lines": [], "summary": {"covered_lines": 0, "num_statements": 15, "percent_covered": 0.0, "percent_covered_display": "0", "missing_lines": 15, "excluded_lines": 0}, "missing_lines": [220, 221, 224, 225, 226, 228, 231, 232, 235, 236, 239, 240, 242, 243, 244], "excluded_lines": []}, "DependencyContainer.clear_scope": {"executed_lines": [], "summary": {"covered_lines": 0, "num_statements": 3, "percent_covered": 0.0, "percent_covered_display": "0", "missing_lines": 3, "excluded_lines": 0}, "missing_lines": [248, 249, 250], "excluded_lines": []}, "DependencyContainer.create_scope": {"executed_lines": [], "summary": {"covered_lines": 0, "num_statements": 7, "percent_covered": 0.0, "percent_covered_display": "0", "missing_lines": 7, "excluded_lines": 0}, "missing_lines": [255, 256, 258, 259, 260, 262, 263], "excluded_lines": []}, "DependencyContainer.dispose": {"executed_lines": [], "summary": {"covered_lines": 0, "num_statements": 15, "percent_covered": 0.0, "percent_covered_display": "0", "missing_lines": 15, "excluded_lines": 0}, "missing_lines": [267, 269, 270, 273, 274, 275, 276, 277, 278, 280, 281, 282, 284, 286, 287], "excluded_lines": []}, "DependencyContainer.get_service_info": {"executed_lines": [], "summary": {"covered_lines": 0, "num_statements": 1, "percent_covered": 0.0, "percent_covered_display": "0", "missing_lines": 1, "excluded_lines": 0}, "missing_lines": [291], "excluded_lines": []}, "get_global_container": {"executed_lines": [], "summary": {"covered_lines": 0, "num_statements": 5, "percent_covered": 0.0, "percent_covered_display": "0", "missing_lines": 5, "excluded_lines": 0}, "missing_lines": [315, 316, 317, 318, 320], "excluded_lines": []}, "dispose_global_container": {"executed_lines": [], "summary": {"covered_lines": 0, "num_statements": 3, "percent_covered": 0.0, "percent_covered_display": "0", "missing_lines": 3, "excluded_lines": 0}, "missing_lines": [326, 327, 328], "excluded_lines": []}, "": {"executed_lines": [1, 14, 15, 16, 17, 18, 19, 22, 25, 27, 28, 29, 30, 31, 33, 34, 36, 45, 46, 47, 49, 50, 51, 53, 54, 55, 57, 58, 67, 75, 90, 99, 107, 115, 123, 135, 148, 160, 184, 197, 211, 217, 246, 252, 253, 265, 289, 308, 309, 311, 322], "summary": {"covered_lines": 44, "num_statements": 44, "percent_covered": 100.0, "percent_covered_display": "100", "missing_lines": 0, "excluded_lines": 0}, "missing_lines": [], "excluded_lines": []}}, "classes": {"ServiceLifetime": {"executed_lines": [], "summary": {"covered_lines": 0, "num_statements": 0, "percent_covered": 100.0, "percent_covered_display": "100", "missing_lines": 0, "excluded_lines": 0}, "missing_lines": [], "excluded_lines": []}, "ServiceDescriptor": {"executed_lines": [], "summary": {"covered_lines": 0, "num_statements": 5, "percent_covered": 0.0, "percent_covered_display": "0", "missing_lines": 5, "excluded_lines": 0}, "missing_lines": [39, 40, 41, 42, 43], "excluded_lines": []}, "DependencyResolutionError": {"executed_lines": [], "summary": {"covered_lines": 0, "num_statements": 0, "percent_covered": 100.0, "percent_covered_display": "100", "missing_lines": 0, "excluded_lines": 0}, "missing_lines": [], "excluded_lines": []}, "CircularDependencyError": {"executed_lines": [], "summary": {"covered_lines": 0, "num_statements": 0, "percent_covered": 100.0, "percent_covered_display": "100", "missing_lines": 0, "excluded_lines": 0}, "missing_lines": [], "excluded_lines": []}, "ServiceNotFoundError": {"executed_lines": [], "summary": {"covered_lines": 0, "num_statements": 0, "percent_covered": 100.0, "percent_covered_display": "100", "missing_lines": 0, "excluded_lines": 0}, "missing_lines": [], "excluded_lines": []}, "DependencyContainer": {"executed_lines": [], "summary": {"covered_lines": 0, "num_statements": 107, "percent_covered": 0.0, "percent_covered_display": "0", "missing_lines": 107, "excluded_lines": 0}, "missing_lines": [68, 69, 70, 71, 72, 73, 77, 78, 80, 81, 82, 85, 87, 88, 93, 94, 95, 97, 101, 109, 117, 125, 131, 132, 133, 137, 143, 144, 145, 146, 150, 156, 157, 158, 162, 163, 166, 167, 168, 171, 172, 174, 177, 178, 179, 180, 182, 186, 187, 189, 190, 191, 192, 193, 195, 199, 200, 202, 204, 205, 206, 207, 209, 213, 214, 215, 220, 221, 224, 225, 226, 228, 231, 232, 235, 236, 239, 240, 242, 243, 244, 248, 249, 250, 255, 256, 258, 259, 260, 262, 263, 267, 269, 270, 273, 274, 275, 276, 277, 278, 280, 281, 282, 284, 286, 287, 291], "excluded_lines": []}, "": {"executed_lines": [1, 14, 15, 16, 17, 18, 19, 22, 25, 27, 28, 29, 30, 31, 33, 34, 36, 45, 46, 47, 49, 50, 51, 53, 54, 55, 57, 58, 67, 75, 90, 99, 107, 115, 123, 135, 148, 160, 184, 197, 211, 217, 246, 252, 253, 265, 289, 308, 309, 311, 322], "summary": {"covered_lines": 44, "num_statements": 52, "percent_covered": 84.61538461538461, "percent_covered_display": "85", "missing_lines": 8, "excluded_lines": 0}, "missing_lines": [315, 316, 317, 318, 320, 326, 327, 328], "excluded_lines": []}}}, "src\\cogs\\core\\error_handler.py": {"executed_lines": [1, 9, 10, 11, 12, 13, 14, 15, 17, 18, 22, 23, 24, 25, 26, 27, 30, 31, 32, 33, 34, 35, 36, 37, 38, 39, 40, 43, 44, 46, 47, 48, 49, 51, 66, 67, 69, 70, 71, 72, 74, 83, 94, 100, 101, 103, 111, 112, 113, 114, 115, 120, 122, 124, 131, 135, 139, 152, 180, 214, 250, 288, 306, 307, 363, 373, 377, 388, 391], "summary": {"covered_lines": 63, "num_statements": 190, "percent_covered": 33.1578947368421, "percent_covered_display": "33", "missing_lines": 127, "excluded_lines": 0}, "missing_lines": [53, 55, 56, 57, 58, 59, 60, 61, 62, 64, 76, 77, 80, 81, 85, 86, 88, 89, 90, 92, 96, 97, 98, 133, 137, 149, 150, 162, 165, 166, 167, 168, 169, 170, 171, 172, 173, 174, 175, 176, 178, 194, 195, 196, 197, 198, 199, 200, 201, 202, 203, 205, 206, 207, 208, 209, 210, 212, 230, 237, 238, 240, 241, 242, 243, 245, 246, 248, 264, 265, 268, 270, 271, 274, 275, 276, 277, 279, 282, 283, 284, 285, 286, 300, 301, 303, 304, 321, 323, 324, 325, 327, 328, 329, 331, 334, 335, 336, 338, 339, 342, 345, 346, 348, 351, 352, 353, 354, 356, 357, 358, 359, 361, 365, 375, 403, 404, 405, 408, 409, 410, 411, 412, 414, 416, 418, 419], "excluded_lines": [], "functions": {"RecoveryStrategy.__init__": {"executed_lines": [47, 48, 49], "summary": {"covered_lines": 3, "num_statements": 3, "percent_covered": 100.0, "percent_covered_display": "100", "missing_lines": 0, "excluded_lines": 0}, "missing_lines": [], "excluded_lines": []}, "RecoveryStrategy.execute": {"executed_lines": [], "summary": {"covered_lines": 0, "num_statements": 10, "percent_covered": 0.0, "percent_covered_display": "0", "missing_lines": 10, "excluded_lines": 0}, "missing_lines": [53, 55, 56, 57, 58, 59, 60, 61, 62, 64], "excluded_lines": []}, "ErrorStatistics.__init__": {"executed_lines": [70, 71, 72], "summary": {"covered_lines": 3, "num_statements": 3, "percent_covered": 100.0, "percent_covered_display": "100", "missing_lines": 0, "excluded_lines": 0}, "missing_lines": [], "excluded_lines": []}, "ErrorStatistics.record_error": {"executed_lines": [], "summary": {"covered_lines": 0, "num_statements": 4, "percent_covered": 0.0, "percent_covered_display": "0", "missing_lines": 4, "excluded_lines": 0}, "missing_lines": [76, 77, 80, 81], "excluded_lines": []}, "ErrorStatistics.get_error_rate": {"executed_lines": [], "summary": {"covered_lines": 0, "num_statements": 6, "percent_covered": 0.0, "percent_covered_display": "0", "missing_lines": 6, "excluded_lines": 0}, "missing_lines": [85, 86, 88, 89, 90, 92], "excluded_lines": []}, "ErrorStatistics.reset_statistics": {"executed_lines": [], "summary": {"covered_lines": 0, "num_statements": 3, "percent_covered": 0.0, "percent_covered_display": "0", "missing_lines": 3, "excluded_lines": 0}, "missing_lines": [96, 97, 98], "excluded_lines": []}, "ErrorHandler.__init__": {"executed_lines": [111, 112, 113, 114, 115, 120], "summary": {"covered_lines": 6, "num_statements": 6, "percent_covered": 100.0, "percent_covered_display": "100", "missing_lines": 0, "excluded_lines": 0}, "missing_lines": [], "excluded_lines": []}, "ErrorHandler._setup_default_strategies": {"executed_lines": [124], "summary": {"covered_lines": 1, "num_statements": 1, "percent_covered": 100.0, "percent_covered_display": "100", "missing_lines": 0, "excluded_lines": 0}, "missing_lines": [], "excluded_lines": []}, "ErrorHandler.add_recovery_strategy": {"executed_lines": [], "summary": {"covered_lines": 0, "num_statements": 1, "percent_covered": 0.0, "percent_covered_display": "0", "missing_lines": 1, "excluded_lines": 0}, "missing_lines": [133], "excluded_lines": []}, "ErrorHandler.add_error_callback": {"executed_lines": [], "summary": {"covered_lines": 0, "num_statements": 1, "percent_covered": 0.0, "percent_covered_display": "0", "missing_lines": 1, "excluded_lines": 0}, "missing_lines": [137], "excluded_lines": []}, "ErrorHandler.generate_tracking_id": {"executed_lines": [], "summary": {"covered_lines": 0, "num_statements": 2, "percent_covered": 0.0, "percent_covered_display": "0", "missing_lines": 2, "excluded_lines": 0}, "missing_lines": [149, 150], "excluded_lines": []}, "ErrorHandler.classify_error": {"executed_lines": [], "summary": {"covered_lines": 0, "num_statements": 14, "percent_covered": 0.0, "percent_covered_display": "0", "missing_lines": 14, "excluded_lines": 0}, "missing_lines": [162, 165, 166, 167, 168, 169, 170, 171, 172, 173, 174, 175, 176, 178], "excluded_lines": []}, "ErrorHandler.format_user_friendly_message": {"executed_lines": [], "summary": {"covered_lines": 0, "num_statements": 17, "percent_covered": 0.0, "percent_covered_display": "0", "missing_lines": 17, "excluded_lines": 0}, "missing_lines": [194, 195, 196, 197, 198, 199, 200, 201, 202, 203, 205, 206, 207, 208, 209, 210, 212], "excluded_lines": []}, "ErrorHandler.format_error_message": {"executed_lines": [], "summary": {"covered_lines": 0, "num_statements": 10, "percent_covered": 0.0, "percent_covered_display": "0", "missing_lines": 10, "excluded_lines": 0}, "missing_lines": [230, 237, 238, 240, 241, 242, 243, 245, 246, 248], "excluded_lines": []}, "ErrorHandler.log_error": {"executed_lines": [], "summary": {"covered_lines": 0, "num_statements": 15, "percent_covered": 0.0, "percent_covered_display": "0", "missing_lines": 15, "excluded_lines": 0}, "missing_lines": [264, 265, 268, 270, 271, 274, 275, 276, 277, 279, 282, 283, 284, 285, 286], "excluded_lines": []}, "ErrorHandler.try_recovery": {"executed_lines": [], "summary": {"covered_lines": 0, "num_statements": 4, "percent_covered": 0.0, "percent_covered_display": "0", "missing_lines": 4, "excluded_lines": 0}, "missing_lines": [300, 301, 303, 304], "excluded_lines": []}, "ErrorHandler.handle_error": {"executed_lines": [], "summary": {"covered_lines": 0, "num_statements": 26, "percent_covered": 0.0, "percent_covered_display": "0", "missing_lines": 26, "excluded_lines": 0}, "missing_lines": [321, 323, 324, 325, 327, 328, 329, 331, 334, 335, 336, 338, 339, 342, 345, 346, 348, 351, 352, 353, 354, 356, 357, 358, 359, 361], "excluded_lines": []}, "ErrorHandler.get_error_statistics": {"executed_lines": [], "summary": {"covered_lines": 0, "num_statements": 1, "percent_covered": 0.0, "percent_covered_display": "0", "missing_lines": 1, "excluded_lines": 0}, "missing_lines": [365], "excluded_lines": []}, "ErrorHandler.reset_statistics": {"executed_lines": [], "summary": {"covered_lines": 0, "num_statements": 1, "percent_covered": 0.0, "percent_covered_display": "0", "missing_lines": 1, "excluded_lines": 0}, "missing_lines": [375], "excluded_lines": []}, "create_error_handler": {"executed_lines": [388], "summary": {"covered_lines": 1, "num_statements": 1, "percent_covered": 100.0, "percent_covered_display": "100", "missing_lines": 0, "excluded_lines": 0}, "missing_lines": [], "excluded_lines": []}, "error_handler": {"executed_lines": [], "summary": {"covered_lines": 0, "num_statements": 2, "percent_covered": 0.0, "percent_covered_display": "0", "missing_lines": 2, "excluded_lines": 0}, "missing_lines": [403, 419], "excluded_lines": []}, "error_handler.decorator": {"executed_lines": [], "summary": {"covered_lines": 0, "num_statements": 2, "percent_covered": 0.0, "percent_covered_display": "0", "missing_lines": 2, "excluded_lines": 0}, "missing_lines": [404, 418], "excluded_lines": []}, "error_handler.decorator.wrapper": {"executed_lines": [], "summary": {"covered_lines": 0, "num_statements": 8, "percent_covered": 0.0, "percent_covered_display": "0", "missing_lines": 8, "excluded_lines": 0}, "missing_lines": [405, 408, 409, 410, 411, 412, 414, 416], "excluded_lines": []}, "": {"executed_lines": [1, 9, 10, 11, 12, 13, 14, 15, 17, 18, 22, 23, 24, 25, 26, 27, 30, 31, 32, 33, 34, 35, 36, 37, 38, 39, 40, 43, 44, 46, 51, 66, 67, 69, 74, 83, 94, 100, 101, 103, 122, 131, 135, 139, 152, 180, 214, 250, 288, 306, 307, 363, 373, 377, 391], "summary": {"covered_lines": 49, "num_statements": 49, "percent_covered": 100.0, "percent_covered_display": "100", "missing_lines": 0, "excluded_lines": 0}, "missing_lines": [], "excluded_lines": []}}, "classes": {"ErrorSeverity": {"executed_lines": [], "summary": {"covered_lines": 0, "num_statements": 0, "percent_covered": 100.0, "percent_covered_display": "100", "missing_lines": 0, "excluded_lines": 0}, "missing_lines": [], "excluded_lines": []}, "ErrorCodes": {"executed_lines": [], "summary": {"covered_lines": 0, "num_statements": 0, "percent_covered": 100.0, "percent_covered_display": "100", "missing_lines": 0, "excluded_lines": 0}, "missing_lines": [], "excluded_lines": []}, "RecoveryStrategy": {"executed_lines": [47, 48, 49], "summary": {"covered_lines": 3, "num_statements": 13, "percent_covered": 23.076923076923077, "percent_covered_display": "23", "missing_lines": 10, "excluded_lines": 0}, "missing_lines": [53, 55, 56, 57, 58, 59, 60, 61, 62, 64], "excluded_lines": []}, "ErrorStatistics": {"executed_lines": [70, 71, 72], "summary": {"covered_lines": 3, "num_statements": 16, "percent_covered": 18.75, "percent_covered_display": "19", "missing_lines": 13, "excluded_lines": 0}, "missing_lines": [76, 77, 80, 81, 85, 86, 88, 89, 90, 92, 96, 97, 98], "excluded_lines": []}, "ErrorHandler": {"executed_lines": [111, 112, 113, 114, 115, 120, 124], "summary": {"covered_lines": 7, "num_statements": 99, "percent_covered": 7.070707070707071, "percent_covered_display": "7", "missing_lines": 92, "excluded_lines": 0}, "missing_lines": [133, 137, 149, 150, 162, 165, 166, 167, 168, 169, 170, 171, 172, 173, 174, 175, 176, 178, 194, 195, 196, 197, 198, 199, 200, 201, 202, 203, 205, 206, 207, 208, 209, 210, 212, 230, 237, 238, 240, 241, 242, 243, 245, 246, 248, 264, 265, 268, 270, 271, 274, 275, 276, 277, 279, 282, 283, 284, 285, 286, 300, 301, 303, 304, 321, 323, 324, 325, 327, 328, 329, 331, 334, 335, 336, 338, 339, 342, 345, 346, 348, 351, 352, 353, 354, 356, 357, 358, 359, 361, 365, 375], "excluded_lines": []}, "": {"executed_lines": [1, 9, 10, 11, 12, 13, 14, 15, 17, 18, 22, 23, 24, 25, 26, 27, 30, 31, 32, 33, 34, 35, 36, 37, 38, 39, 40, 43, 44, 46, 51, 66, 67, 69, 74, 83, 94, 100, 101, 103, 122, 131, 135, 139, 152, 180, 214, 250, 288, 306, 307, 363, 373, 377, 388, 391], "summary": {"covered_lines": 50, "num_statements": 62, "percent_covered": 80.64516129032258, "percent_covered_display": "81", "missing_lines": 12, "excluded_lines": 0}, "missing_lines": [403, 404, 405, 408, 409, 410, 411, 412, 414, 416, 418, 419], "excluded_lines": []}}}, "src\\cogs\\core\\event_bus.py": {"executed_lines": [1, 19, 20, 21, 22, 23, 24, 25, 26, 27, 28, 29, 30, 36, 39, 40, 42, 43, 44, 45, 46, 47, 48, 50, 51, 52, 53, 54, 55, 56, 57, 59, 60, 61, 62, 63, 64, 66, 67, 68, 69, 70, 71, 72, 73, 74, 75, 76, 77, 78, 79, 80, 81, 83, 91, 95, 113, 114, 132, 136, 140, 147, 148, 149, 150, 151, 152, 153, 154, 156, 165, 172, 176, 177, 178, 179, 180, 181, 182, 183, 184, 185, 186, 187, 188, 189, 191, 208, 209, 211, 225, 232, 243, 253, 283, 284, 286, 291, 295, 321, 333, 334, 336, 339, 343, 369, 370, 372, 373, 377, 378, 382, 383, 387, 388, 395, 396, 400, 401, 405, 406, 408, 409, 413, 414, 421, 422, 426, 427, 431, 432, 434, 440, 451, 462, 486, 496, 497, 499, 528, 554, 570, 584, 615, 623, 646, 663, 692, 718, 742, 779, 798, 818, 841, 879, 887, 916, 926, 945, 946, 966, 967, 969, 980, 990, 1007, 1014], "summary": {"covered_lines": 145, "num_statements": 525, "percent_covered": 27.61904761904762, "percent_covered_display": "28", "missing_lines": 380, "excluded_lines": 19}, "missing_lines": [84, 85, 88, 89, 93, 97, 116, 134, 138, 142, 143, 144, 145, 158, 159, 161, 162, 163, 167, 174, 194, 195, 198, 199, 200, 201, 202, 203, 204, 206, 212, 213, 214, 215, 216, 217, 218, 219, 220, 221, 222, 223, 227, 228, 229, 230, 234, 235, 236, 237, 238, 240, 241, 245, 246, 247, 250, 251, 255, 256, 257, 260, 264, 287, 288, 289, 293, 297, 298, 301, 302, 303, 304, 305, 306, 309, 310, 311, 312, 315, 319, 323, 325, 326, 331, 337, 341, 345, 346, 349, 350, 351, 353, 356, 357, 358, 359, 360, 361, 362, 363, 365, 367, 375, 380, 385, 390, 391, 393, 398, 403, 435, 436, 437, 438, 442, 443, 446, 447, 449, 453, 454, 457, 458, 460, 467, 468, 470, 472, 473, 474, 475, 476, 477, 479, 481, 482, 484, 488, 489, 490, 494, 500, 501, 502, 503, 504, 505, 506, 507, 510, 511, 512, 513, 516, 517, 518, 519, 522, 523, 526, 531, 532, 533, 536, 537, 539, 540, 543, 544, 545, 547, 548, 549, 550, 552, 557, 558, 559, 560, 563, 564, 565, 566, 568, 572, 575, 578, 579, 580, 582, 593, 594, 596, 597, 599, 610, 612, 613, 617, 618, 619, 620, 621, 625, 627, 630, 631, 634, 635, 638, 640, 642, 643, 644, 648, 650, 651, 654, 655, 657, 659, 660, 661, 665, 668, 671, 672, 673, 674, 675, 676, 677, 679, 682, 683, 685, 686, 687, 688, 690, 694, 695, 697, 698, 704, 705, 707, 710, 715, 716, 720, 721, 722, 724, 725, 727, 728, 729, 730, 733, 734, 736, 737, 738, 739, 740, 744, 745, 748, 751, 752, 753, 754, 757, 758, 759, 760, 763, 768, 769, 771, 772, 774, 776, 777, 781, 783, 784, 785, 787, 788, 789, 792, 793, 795, 796, 800, 801, 803, 804, 807, 808, 810, 812, 813, 814, 815, 816, 820, 822, 825, 826, 827, 828, 829, 832, 835, 836, 838, 839, 843, 845, 846, 847, 850, 852, 855, 856, 857, 859, 861, 862, 863, 865, 867, 868, 872, 874, 882, 891, 898, 899, 901, 911, 912, 914, 918, 928, 929, 931, 948, 950, 951, 954, 960, 961, 963, 973, 974, 975, 976, 978, 984, 985, 986, 987, 995, 1004, 1005, 1009, 1011, 1012, 1019, 1020, 1021, 1022, 1031, 1032, 1034], "excluded_lines": [408, 409, 410, 411, 413, 414, 415, 416, 417, 418, 419, 421, 422, 423, 424, 426, 427, 428, 429], "functions": {"Event.__post_init__": {"executed_lines": [], "summary": {"covered_lines": 0, "num_statements": 4, "percent_covered": 0.0, "percent_covered_display": "0", "missing_lines": 4, "excluded_lines": 0}, "missing_lines": [84, 85, 88, 89], "excluded_lines": []}, "Event.__lt__": {"executed_lines": [], "summary": {"covered_lines": 0, "num_statements": 1, "percent_covered": 0.0, "percent_covered_display": "0", "missing_lines": 1, "excluded_lines": 0}, "missing_
[...]
lines": [922, 923, 924, 925, 926, 931, 932, 933, 934, 940], "excluded_lines": []}, "log_errors": {"executed_lines": [], "summary": {"covered_lines": 0, "num_statements": 3, "percent_covered": 0.0, "percent_covered_display": "0", "missing_lines": 3, "excluded_lines": 0}, "missing_lines": [950, 951, 969], "excluded_lines": []}, "log_errors.decorator": {"executed_lines": [], "summary": {"covered_lines": 0, "num_statements": 4, "percent_covered": 0.0, "percent_covered_display": "0", "missing_lines": 4, "excluded_lines": 0}, "missing_lines": [952, 959, 960, 967], "excluded_lines": []}, "log_errors.decorator.wrapper": {"executed_lines": [], "summary": {"covered_lines": 0, "num_statements": 5, "percent_covered": 0.0, "percent_covered_display": "0", "missing_lines": 5, "excluded_lines": 0}, "missing_lines": [953, 954, 955, 956, 957], "excluded_lines": []}, "log_errors.decorator.async_wrapper": {"executed_lines": [], "summary": {"covered_lines": 0, "num_statements": 5, "percent_covered": 0.0, "percent_covered_display": "0", "missing_lines": 5, "excluded_lines": 0}, "missing_lines": [961, 962, 963, 964, 965], "excluded_lines": []}, "": {"executed_lines": [1, 12, 14, 15, 16, 17, 18, 19, 20, 21, 22, 23, 24, 25, 27, 28, 29, 30, 32, 39, 40, 41, 42, 45, 46, 47, 51, 52, 53, 54, 55, 56, 57, 58, 59, 60, 61, 62, 63, 65, 72, 73, 78, 79, 101, 102, 134, 135, 162, 163, 175, 176, 197, 198, 210, 211, 212, 213, 214, 215, 216, 217, 218, 219, 220, 221, 222, 223, 225, 229, 233, 238, 239, 241, 242, 253, 254, 256, 266, 284, 345, 346, 348, 361, 362, 367, 375, 383, 387, 391, 396, 404, 414, 430, 445, 454, 471, 495, 516, 517, 522, 532, 548, 576, 597, 630, 706, 765, 766, 768, 783, 816, 820, 824, 828, 832, 836, 840, 846, 850, 854, 858, 863, 877, 893, 947, 972], "summary": {"covered_lines": 115, "num_statements": 115, "percent_covered": 100.0, "percent_covered_display": "100", "missing_lines": 0, "excluded_lines": 2}, "missing_lines": [], "excluded_lines": [241, 242]}}, "classes": {"TraceContext": {"executed_lines": [], "summary": {"covered_lines": 0, "num_statements": 4, "percent_covered": 0.0, "percent_covered_display": "0", "missing_lines": 4, "excluded_lines": 0}, "missing_lines": [66, 67, 68, 69], "excluded_lines": []}, "TraceManager": {"executed_lines": [], "summary": {"covered_lines": 0, "num_statements": 28, "percent_covered": 0.0, "percent_covered_display": "0", "missing_lines": 28, "excluded_lines": 0}, "missing_lines": [88, 89, 92, 93, 95, 112, 114, 115, 116, 117, 119, 121, 122, 125, 127, 141, 142, 144, 145, 148, 149, 151, 170, 190, 200, 201, 202, 203], "excluded_lines": []}, "LogAlert": {"executed_lines": [], "summary": {"covered_lines": 0, "num_statements": 4, "percent_covered": 0.0, "percent_covered_display": "0", "missing_lines": 4, "excluded_lines": 0}, "missing_lines": [226, 227, 231, 235], "excluded_lines": []}, "AlertHandler": {"executed_lines": [], "summary": {"covered_lines": 0, "num_statements": 0, "percent_covered": 100.0, "percent_covered_display": "100", "missing_lines": 0, "excluded_lines": 8}, "missing_lines": [], "excluded_lines": [243, 244, 245, 246, 247, 248, 249, 250]}, "DiscordWebhookAlertHandler": {"executed_lines": [], "summary": {"covered_lines": 0, "num_statements": 22, "percent_covered": 0.0, "percent_covered_display": "0", "missing_lines": 22, "excluded_lines": 0}, "missing_lines": [263, 264, 268, 269, 270, 273, 274, 276, 277, 278, 279, 281, 282, 287, 294, 319, 320, 327, 328, 335, 336, 342], "excluded_lines": []}, "ConsoleAlertHandler": {"executed_lines": [], "summary": {"covered_lines": 0, "num_statements": 9, "percent_covered": 0.0, "percent_covered_display": "0", "missing_lines": 9, "excluded_lines": 0}, "missing_lines": [350, 351, 352, 353, 354, 355, 356, 357, 358], "excluded_lines": []}, "AlertManager": {"executed_lines": [], "summary": {"covered_lines": 0, "num_statements": 66, "percent_covered": 0.0, "percent_covered_display": "0", "missing_lines": 66, "excluded_lines": 0}, "missing_lines": [369, 370, 371, 372, 373, 381, 385, 389, 393, 394, 398, 399, 401, 402, 406, 407, 408, 409, 410, 411, 412, 420, 421, 424, 425, 426, 428, 432, 433, 435, 439, 440, 441, 442, 443, 447, 448, 449, 451, 452, 457, 458, 461, 464, 465, 466, 467, 469, 473, 476, 477, 480, 481, 482, 485, 488, 489, 491, 492, 493, 497, 504, 505, 506, 507, 509], "excluded_lines": []}, "StructuredLogFormatter": {"executed_lines": [], "summary": {"covered_lines": 0, "num_statements": 45, "percent_covered": 0.0, "percent_covered_display": "0", "missing_lines": 45, "excluded_lines": 0}, "missing_lines": [529, 530, 541, 542, 543, 544, 546, 551, 552, 553, 554, 567, 568, 570, 571, 572, 574, 578, 579, 580, 581, 583, 586, 587, 588, 589, 590, 591, 592, 593, 595, 599, 602, 610, 613, 614, 615, 617, 620, 621, 622, 623, 624, 625, 627], "excluded_lines": []}, "BotLogger": {"executed_lines": [], "summary": {"covered_lines": 0, "num_statements": 29, "percent_covered": 0.0, "percent_covered_display": "0", "missing_lines": 29, "excluded_lines": 0}, "missing_lines": [775, 776, 777, 780, 781, 785, 788, 796, 797, 799, 803, 808, 809, 812, 813, 814, 818, 822, 826, 830, 834, 838, 842, 843, 844, 848, 852, 856, 860], "excluded_lines": []}, "": {"executed_lines": [1, 12, 14, 15, 16, 17, 18, 19, 20, 21, 22, 23, 24, 25, 27, 28, 29, 30, 32, 39, 40, 41, 42, 45, 46, 47, 51, 52, 53, 54, 55, 56, 57, 58, 59, 60, 61, 62, 63, 65, 72, 73, 78, 79, 101, 102, 134, 135, 162, 163, 175, 176, 197, 198, 210, 211, 212, 213, 214, 215, 216, 217, 218, 219, 220, 221, 222, 223, 225, 229, 233, 238, 239, 241, 242, 253, 254, 256, 266, 284, 345, 346, 348, 361, 362, 367, 375, 383, 387, 391, 396, 404, 414, 430, 445, 454, 471, 495, 516, 517, 522, 532, 548, 576, 597, 630, 706, 765, 766, 768, 783, 816, 820, 824, 828, 832, 836, 840, 846, 850, 854, 858, 863, 877, 893, 947, 972], "summary": {"covered_lines": 115, "num_statements": 204, "percent_covered": 56.372549019607845, "percent_covered_display": "56", "missing_lines": 89, "excluded_lines": 2}, "missing_lines": [636, 637, 640, 642, 643, 644, 655, 658, 662, 665, 680, 681, 685, 686, 690, 695, 703, 709, 712, 713, 716, 719, 720, 721, 728, 731, 735, 736, 739, 740, 746, 749, 750, 752, 756, 761, 762, 873, 880, 881, 884, 885, 888, 889, 895, 897, 898, 899, 900, 901, 902, 903, 904, 909, 910, 911, 912, 918, 920, 921, 922, 923, 924, 925, 926, 931, 932, 933, 934, 940, 942, 944, 950, 951, 952, 953, 954, 955, 956, 957, 959, 960, 961, 962, 963, 964, 965, 967, 969], "excluded_lines": [241, 242]}}}, "src\\core\\monitor.py": {"executed_lines": [], "summary": {"covered_lines": 0, "num_statements": 160, "percent_covered": 0.0, "percent_covered_display": "0", "missing_lines": 160, "excluded_lines": 0}, "missing_lines": [6, 8, 9, 10, 11, 12, 13, 15, 17, 18, 21, 23, 24, 25, 28, 29, 31, 32, 33, 34, 35, 36, 37, 38, 39, 42, 43, 45, 46, 47, 48, 49, 50, 53, 56, 58, 59, 62, 63, 66, 76, 77, 80, 81, 84, 86, 88, 89, 90, 92, 93, 94, 96, 98, 99, 101, 102, 103, 104, 105, 106, 107, 109, 111, 113, 114, 116, 119, 122, 123, 126, 127, 128, 129, 130, 131, 133, 136, 137, 139, 141, 142, 143, 144, 145, 147, 149, 151, 154, 155, 156, 157, 160, 161, 162, 163, 166, 168, 180, 181, 183, 195, 197, 198, 201, 202, 210, 211, 221, 222, 230, 231, 241, 242, 250, 251, 260, 262, 264, 265, 266, 268, 270, 271, 274, 275, 280, 281, 284, 285, 286, 288, 290, 321, 323, 324, 327, 328, 334, 335, 337, 358, 360, 361, 363, 365, 366, 370, 373, 376, 377, 378, 381, 383, 384, 387, 390, 391, 392, 395], "excluded_lines": [], "functions": {"PerformanceMonitor.__init__": {"executed_lines": [], "summary": {"covered_lines": 0, "num_statements": 10, "percent_covered": 0.0, "percent_covered_display": "0", "missing_lines": 10, "excluded_lines": 0}, "missing_lines": [58, 59, 62, 63, 66, 76, 77, 80, 81, 84], "excluded_lines": []}, "PerformanceMonitor.start_monitoring": {"executed_lines": [], "summary": {"covered_lines": 0, "num_statements": 6, "percent_covered": 0.0, "percent_covered_display": "0", "missing_lines": 6, "excluded_lines": 0}, "missing_lines": [88, 89, 90, 92, 93, 94], "excluded_lines": []}, "PerformanceMonitor.stop_monitoring": {"executed_lines": [], "summary": {"covered_lines": 0, "num_statements": 10, "percent_covered": 0.0, "percent_covered_display": "0", "missing_lines": 10, "excluded_lines": 0}, "missing_lines": [98, 99, 101, 102, 103, 104, 105, 106, 107, 109], "excluded_lines": []}, "PerformanceMonitor._monitoring_loop": {"executed_lines": [], "summary": {"covered_lines": 0, "num_statements": 21, "percent_covered": 0.0, "percent_covered_display": "0", "missing_lines": 21, "excluded_lines": 0}, "missing_lines": [113, 114, 116, 119, 122, 123, 126, 127, 128, 129, 130, 131, 133, 136, 137, 139, 141, 142, 143, 144, 145], "excluded_lines": []}, "PerformanceMonitor._collect_system_metrics": {"executed_lines": [], "summary": {"covered_lines": 0, "num_statements": 15, "percent_covered": 0.0, "percent_covered_display": "0", "missing_lines": 15, "excluded_lines": 0}, "missing_lines": [149, 151, 154, 155, 156, 157, 160, 161, 162, 163, 166, 168, 180, 181, 183], "excluded_lines": []}, "PerformanceMonitor._check_alerts": {"executed_lines": [], "summary": {"covered_lines": 0, "num_statements": 15, "percent_covered": 0.0, "percent_covered_display": "0", "missing_lines": 15, "excluded_lines": 0}, "missing_lines": [197, 198, 201, 202, 210, 211, 221, 222, 230, 231, 241, 242, 250, 251, 260], "excluded_lines": []}, "PerformanceMonitor.get_current_metrics": {"executed_lines": [], "summary": {"covered_lines": 0, "num_statements": 3, "percent_covered": 0.0, "percent_covered_display": "0", "missing_lines": 3, "excluded_lines": 0}, "missing_lines": [264, 265, 266], "excluded_lines": []}, "PerformanceMonitor.get_metrics_summary": {"executed_lines": [], "summary": {"covered_lines": 0, "num_statements": 11, "percent_covered": 0.0, "percent_covered_display": "0", "missing_lines": 11, "excluded_lines": 0}, "missing_lines": [270, 271, 274, 275, 280, 281, 284, 285, 286, 288, 290], "excluded_lines": []}, "PerformanceMonitor.get_alerts_summary": {"executed_lines": [], "summary": {"covered_lines": 0, "num_statements": 7, "percent_covered": 0.0, "percent_covered_display": "0", "missing_lines": 7, "excluded_lines": 0}, "missing_lines": [323, 324, 327, 328, 334, 335, 337], "excluded_lines": []}, "PerformanceMonitor.reset_alerts": {"executed_lines": [], "summary": {"covered_lines": 0, "num_statements": 2, "percent_covered": 0.0, "percent_covered_display": "0", "missing_lines": 2, "excluded_lines": 0}, "missing_lines": [360, 361], "excluded_lines": []}, "PerformanceMonitor.shutdown": {"executed_lines": [], "summary": {"covered_lines": 0, "num_statements": 2, "percent_covered": 0.0, "percent_covered_display": "0", "missing_lines": 2, "excluded_lines": 0}, "missing_lines": [365, 366], "excluded_lines": []}, "get_performance_monitor": {"executed_lines": [], "summary": {"covered_lines": 0, "num_statements": 3, "percent_covered": 0.0, "percent_covered_display": "0", "missing_lines": 3, "excluded_lines": 0}, "missing_lines": [376, 377, 378], "excluded_lines": []}, "start_global_monitoring": {"executed_lines": [], "summary": {"covered_lines": 0, "num_statements": 2, "percent_covered": 0.0, "percent_covered_display": "0", "missing_lines": 2, "excluded_lines": 0}, "missing_lines": [383, 384], "excluded_lines": []}, "stop_global_monitoring": {"executed_lines": [], "summary": {"covered_lines": 0, "num_statements": 3, "percent_covered": 0.0, "percent_covered_display": "0", "missing_lines": 3, "excluded_lines": 0}, "missing_lines": [390, 391, 392], "excluded_lines": []}, "": {"executed_lines": [], "summary": {"covered_lines": 0, "num_statements": 50, "percent_covered": 0.0, "percent_covered_display": "0", "missing_lines": 50, "excluded_lines": 0}, "missing_lines": [6, 8, 9, 10, 11, 12, 13, 15, 17, 18, 21, 23, 24, 25, 28, 29, 31, 32, 33, 34, 35, 36, 37, 38, 39, 42, 43, 45, 46, 47, 48, 49, 50, 53, 56, 86, 96, 111, 147, 195, 262, 268, 321, 358, 363, 370, 373, 381, 387, 395], "excluded_lines": []}}, "classes": {"MonitoringLevel": {"executed_lines": [], "summary": {"covered_lines": 0, "num_statements": 0, "percent_covered": 100.0, "percent_covered_display": "100", "missing_lines": 0, "excluded_lines": 0}, "missing_lines": [], "excluded_lines": []}, "SystemMetrics": {"executed_lines": [], "summary": {"covered_lines": 0, "num_statements": 0, "percent_covered": 100.0, "percent_covered_display": "100", "missing_lines": 0, "excluded_lines": 0}, "missing_lines": [], "excluded_lines": []}, "PerformanceAlert": {"executed_lines": [], "summary": {"covered_lines": 0, "num_statements": 0, "percent_covered": 100.0, "percent_covered_display": "100", "missing_lines": 0, "excluded_lines": 0}, "missing_lines": [], "excluded_lines": []}, "PerformanceMonitor": {"executed_lines": [], "summary": {"covered_lines": 0, "num_statements": 102, "percent_covered": 0.0, "percent_covered_display": "0", "missing_lines": 102, "excluded_lines": 0}, "missing_lines": [58, 59, 62, 63, 66, 76, 77, 80, 81, 84, 88, 89, 90, 92, 93, 94, 98, 99, 101, 102, 103, 104, 105, 106, 107, 109, 113, 114, 116, 119, 122, 123, 126, 127, 128, 129, 130, 131, 133, 136, 137, 139, 141, 142, 143, 144, 145, 149, 151, 154, 155, 156, 157, 160, 161, 162, 163, 166, 168, 180, 181, 183, 197, 198, 201, 202, 210, 211, 221, 222, 230, 231, 241, 242, 250, 251, 260, 264, 265, 266, 270, 271, 274, 275, 280, 281, 284, 285, 286, 288, 290, 323, 324, 327, 328, 334, 335, 337, 360, 361, 365, 366], "excluded_lines": []}, "": {"executed_lines": [], "summary": {"covered_lines": 0, "num_statements": 58, "percent_covered": 0.0, "percent_covered_display": "0", "missing_lines": 58, "excluded_lines": 0}, "missing_lines": [6, 8, 9, 10, 11, 12, 13, 15, 17, 18, 21, 23, 24, 25, 28, 29, 31, 32, 33, 34, 35, 36, 37, 38, 39, 42, 43, 45, 46, 47, 48, 49, 50, 53, 56, 86, 96, 111, 147, 195, 262, 268, 321, 358, 363, 370, 373, 376, 377, 378, 381, 383, 384, 387, 390, 391, 392, 395], "excluded_lines": []}}}, "src\\main.py": {"executed_lines": [], "summary": {"covered_lines": 0, "num_statements": 184, "percent_covered": 0.0, "percent_covered_display": "0", "missing_lines": 184, "excluded_lines": 2}, "missing_lines": [3, 5, 6, 7, 8, 10, 11, 12, 13, 14, 16, 17, 22, 25, 28, 35, 37, 39, 40, 41, 43, 44, 45, 48, 50, 51, 52, 53, 54, 57, 59, 60, 61, 62, 64, 70, 73, 85, 87, 94, 95, 96, 99, 100, 106, 107, 108, 109, 110, 113, 114, 115, 118, 119, 120, 122, 123, 125, 126, 127, 130, 131, 163, 165, 168, 171, 172, 173, 174, 175, 176, 178, 180, 183, 184, 185, 186, 187, 190, 193, 196, 197, 200, 202, 203, 204, 205, 206, 207, 208, 209, 212, 213, 214, 216, 217, 218, 220, 221, 222, 223, 224, 225, 226, 227, 230, 231, 245, 246, 248, 250, 253, 256, 257, 258, 259, 260, 263, 264, 265, 266, 269, 270, 271, 272, 273, 276, 277, 278, 279, 280, 283, 284, 285, 286, 287, 290, 291, 292, 293, 294, 297, 298, 299, 300, 301, 302, 303, 304, 305, 307, 309, 310, 311, 312, 313, 316, 318, 319, 320, 321, 322, 325, 326, 328, 363, 365, 366, 367, 369, 370, 372, 373, 374, 377, 378, 380, 382, 383, 384, 385, 386, 389, 391], "excluded_lines": [394, 395], "functions": {"setup_event_loop": {"executed_lines": [], "summary": {"covered_lines": 0, "num_statements": 7, "percent_covered": 0.0, "percent_covered_display": "0", "missing_lines": 7, "excluded_lines": 0}, "missing_lines": [37, 39, 40, 41, 43, 44, 45], "excluded_lines": []}, "check_python_version": {"executed_lines": [], "summary": {"covered_lines": 0, "num_statements": 5, "percent_covered": 0.0, "percent_covered_display": "0", "missing_lines": 5, "excluded_lines": 0}, "missing_lines": [50, 51, 52, 53, 54], "excluded_lines": []}, "print_banner": {"executed_lines": [], "summary": {"covered_lines": 0, "num_statements": 6, "percent_covered": 0.0, "percent_covered_display": "0", "missing_lines": 6, "excluded_lines": 0}, "missing_lines": [59, 60, 61, 62, 64, 70], "excluded_lines": []}, "validate_and_load_configuration": {"executed_lines": [], "summary": {"covered_lines": 0, "num_statements": 23, "percent_covered": 0.0, "percent_covered_display": "0", "missing_lines": 23, "excluded_lines": 0}, "missing_lines": [85, 87, 94, 95, 96, 99, 100, 106, 107, 108, 109, 110, 113, 114, 115, 118, 119, 120, 122, 123, 125, 126, 127], "excluded_lines": []}, "run": {"executed_lines": [], "summary": {"covered_lines": 0, "num_statements": 9, "percent_covered": 0.0, "percent_covered_display": "0", "missing_lines": 9, "excluded_lines": 0}, "missing_lines": [163, 220, 221, 222, 223, 224, 225, 226, 227], "excluded_lines": []}, "run.main": {"executed_lines": [], "summary": {"covered_lines": 0, "num_statements": 34, "percent_covered": 0.0, "percent_covered_display": "0", "missing_lines": 34, "excluded_lines": 0}, "missing_lines": [165, 168, 171, 172, 173, 174, 175, 176, 178, 180, 183, 184, 185, 186, 187, 190, 193, 196, 197, 200, 202, 203, 204, 205, 206, 207, 208, 209, 212, 213, 214, 216, 217, 218], "excluded_lines": []}, "validate_config": {"executed_lines": [], "summary": {"covered_lines": 0, "num_statements": 6, "percent_covered": 0.0, "percent_covered_display": "0", "missing_lines": 6, "excluded_lines": 0}, "missing_lines": [245, 318, 319, 320, 321, 322], "excluded_lines": []}, "validate_config.main": {"executed_lines": [], "summary": {"covered_lines": 0, "num_statements": 49, "percent_covered": 0.0, "percent_covered_display": "0", "missing_lines": 49, "excluded_lines": 0}, "missing_lines": [246, 248, 250, 253, 256, 257, 258, 259, 260, 263, 264, 265, 266, 269, 270, 271, 272, 273, 276, 277, 278, 279, 280, 283, 284, 285, 286, 287, 290, 291, 292, 293, 294, 297, 298, 299, 300, 301, 302, 303, 304, 305, 307, 309, 310, 311, 312, 313, 316], "excluded_lines": []}, "create_config": {"executed_lines": [], "summary": {"covered_lines": 0, "num_statements": 10, "percent_covered": 0.0, "percent_covered_display": "0", "missing_lines": 10, "excluded_lines": 0}, "missing_lines": [328, 363, 365, 366, 367, 369, 370, 372, 373, 374], "excluded_lines": []}, "version": {"executed_lines": [], "summary": {"covered_lines": 0, "num_statements": 6, "percent_covered": 0.0, "percent_covered_display": "0", "missing_lines": 6, "excluded_lines": 0}, "missing_lines": [380, 382, 383, 384, 385, 386], "excluded_lines": []}, "cli": {"executed_lines": [], "summary": {"covered_lines": 0, "num_statements": 1, "percent_covered": 0.0, "percent_covered_display": "0", "missing_lines": 1, "excluded_lines": 0}, "missing_lines": [391], "excluded_lines": []}, "": {"executed_lines": [], "summary": {"covered_lines": 0, "num_statements": 28, "percent_covered": 0.0, "percent_covered_display": "0", "missing_lines": 28, "excluded_lines": 2}, "missing_lines": [3, 5, 6, 7, 8, 10, 11, 12, 13, 14, 16, 17, 22, 25, 28, 35, 48, 57, 73, 130, 131, 230, 231, 325, 326, 377, 378, 389], "excluded_lines": [394, 395]}}, "classes": {"": {"executed_lines": [], "summary": {"covered_lines": 0, "num_statements": 184, "percent_covered": 0.0, "percent_covered_display": "0", "missing_lines": 184, "excluded_lines": 2}, "missing_lines": [3, 5, 6, 7, 8, 10, 11, 12, 13, 14, 16, 17, 22, 25, 28, 35, 37, 39, 40, 41, 43, 44, 45, 48, 50, 51, 52, 53, 54, 57, 59, 60, 61, 62, 64, 70, 73, 85, 87, 94, 95, 96, 99, 100, 106, 107, 108, 109, 110, 113, 114, 115, 118, 119, 120, 122, 123, 125, 126, 127, 130, 131, 163, 165, 168, 171, 172, 173, 174, 175, 176, 178, 180, 183, 184, 185, 186, 187, 190, 193, 196, 197, 200, 202, 203, 204, 205, 206, 207, 208, 209, 212, 213, 214, 216, 217, 218, 220, 221, 222, 223, 224, 225, 226, 227, 230, 231, 245, 246, 248, 250, 253, 256, 257, 258, 259, 260, 263, 264, 265, 266, 269, 270, 271, 272, 273, 276, 277, 278, 279, 280, 283, 284, 285, 286, 287, 290, 291, 292, 293, 294, 297, 298, 299, 300, 301, 302, 303, 304, 305, 307, 309, 310, 311, 312, 313, 316, 318, 319, 320, 321, 322, 325, 326, 328, 363, 365, 366, 367, 369, 370, 372, 373, 374, 377, 378, 380, 382, 383, 384, 385, 386, 389, 391], "excluded_lines": [394, 395]}}}}, "totals": {"covered_lines": 1885, "num_statements": 6944, "percent_covered": 27.14573732718894, "percent_covered_display": "27", "missing_lines": 5059, "excluded_lines": 128}}