{"meta": {"format": 3, "version": "7.10.1", "timestamp": "2025-08-05T23:30:02.214048", "branch_coverage": false, "show_contexts": false}, "files": {"src\\cogs\\core\\cache_manager.py": {"executed_lines": [1, 18, 19, 20, 21, 22, 23, 24, 25, 26, 27, 28, 29, 30, 31, 32, 33, 34, 40, 43, 44, 46, 47, 49, 50, 51, 52, 53, 54, 56, 57, 59, 60, 61, 63, 64, 66, 67, 68, 69, 70, 71, 73, 74, 76, 77, 78, 79, 81, 82, 83, 85, 86, 87, 88, 89, 90, 91, 92, 93, 94, 95, 97, 101, 108, 114, 120, 124, 128, 133, 134, 135, 137, 138, 139, 140, 141, 142, 143, 144, 145, 146, 147, 148, 150, 151, 156, 157, 161, 162, 166, 170, 171, 174, 176, 183, 202, 237, 250, 251, 253, 262, 305, 306, 308, 315, 319, 334, 363, 364, 366, 367, 371, 372, 376, 377, 381, 382, 386, 387, 391, 392, 396, 397, 399, 411, 436, 460, 470, 479, 484, 489, 494, 502, 526, 551, 552, 555, 557, 566, 601, 609, 617, 650, 696, 708, 722, 732, 741, 778, 784, 796, 801, 818, 819, 821, 845, 850, 867, 879, 895, 919, 931, 943, 947, 965, 972, 1002, 1007, 1008, 1013, 1026, 1027, 1029, 1030, 1032, 1033, 1041, 1042, 1050, 1054, 1059, 1064, 1069, 1074, 1094], "summary": {"covered_lines": 159, "num_statements": 578, "percent_covered": 27.508650519031143, "percent_covered_display": "28", "missing_lines": 419, "excluded_lines": 24}, "missing_lines": [98, 99, 103, 104, 105, 106, 110, 111, 112, 116, 117, 118, 122, 126, 130, 131, 153, 154, 159, 164, 168, 177, 178, 179, 180, 181, 185, 186, 187, 197, 198, 200, 204, 205, 206, 209, 212, 213, 214, 217, 222, 223, 224, 226, 239, 241, 244, 245, 246, 248, 254, 255, 266, 267, 270, 273, 275, 276, 279, 280, 283, 284, 287, 288, 289, 292, 293, 295, 298, 301, 303, 309, 310, 311, 312, 313, 317, 321, 323, 325, 327, 328, 329, 330, 331, 332, 336, 337, 338, 339, 342, 343, 346, 347, 348, 351, 352, 355, 356, 358, 360, 361, 402, 403, 404, 405, 406, 407, 408, 409, 413, 414, 415, 416, 417, 418, 421, 422, 423, 424, 425, 426, 429, 430, 431, 432, 434, 438, 440, 441, 444, 445, 446, 449, 450, 451, 453, 454, 456, 458, 462, 463, 464, 465, 466, 467, 468, 472, 473, 474, 475, 476, 477, 481, 482, 486, 487, 491, 492, 496, 497, 498, 499, 500, 504, 506, 509, 510, 511, 513, 515, 516, 517, 518, 520, 523, 524, 528, 529, 546, 547, 549, 558, 559, 560, 561, 562, 563, 564, 568, 569, 570, 586, 589, 592, 596, 597, 598, 599, 603, 604, 605, 607, 611, 612, 613, 615, 619, 620, 621, 622, 625, 627, 628, 629, 631, 634, 635, 636, 637, 638, 641, 642, 643, 645, 648, 652, 653, 654, 656, 657, 658, 661, 662, 665, 685, 686, 688, 690, 691, 692, 694, 698, 699, 700, 701, 702, 703, 704, 706, 710, 711, 712, 713, 714, 715, 716, 717, 718, 720, 724, 725, 726, 727, 728, 730, 734, 735, 736, 737, 739, 743, 756, 757, 758, 759, 760, 761, 763, 773, 774, 776, 780, 781, 782, 786, 794, 798, 799, 804, 815, 816, 830, 831, 832, 833, 836, 837, 839, 842, 843, 847, 848, 852, 853, 854, 855, 858, 859, 861, 862, 863, 864, 865, 870, 871, 872, 873, 874, 882, 883, 884, 887, 888, 890, 891, 893, 903, 904, 906, 908, 911, 912, 914, 915, 917, 921, 923, 924, 926, 927, 929, 933, 935, 936, 938, 939, 941, 945, 950, 951, 952, 953, 954, 957, 958, 959, 960, 961, 963, 967, 974, 975, 977, 1004, 1005, 1011, 1015, 1016, 1017, 1018, 1021, 1022, 1023, 1024, 1035, 1036, 1037, 1038, 1039, 1044, 1045, 1046, 1047, 1048, 1052, 1056, 1061, 1062, 1066, 1067, 1071, 1072, 1077, 1080, 1081, 1082, 1084, 1087, 1088, 1091, 1092, 1097, 1098, 1099, 1101, 1102, 1104, 1107, 1108, 1109, 1112, 1113, 1114, 1117, 1120, 1122, 1124, 1126], "excluded_lines": [366, 367, 368, 369, 371, 372, 373, 374, 376, 377, 378, 379, 381, 382, 383, 384, 386, 387, 388, 389, 391, 392, 393, 394], "functions": {"CacheEntry.__post_init__": {"executed_lines": [], "summary": {"covered_lines": 0, "num_statements": 2, "percent_covered": 0.0, "percent_covered_display": "0", "missing_lines": 2, "excluded_lines": 0}, "missing_lines": [98, 99], "excluded_lines": []}, "CacheEntry._calculate_size": {"executed_lines": [], "summary": {"covered_lines": 0, "num_statements": 4, "percent_covered": 0.0, "percent_covered_display": "0", "missing_lines": 4, "excluded_lines": 0}, "missing_lines": [103, 104, 105, 106], "excluded_lines": []}, "CacheEntry.is_expired": {"executed_lines": [], "summary": {"covered_lines": 0, "num_statements": 3, "percent_covered": 0.0, "percent_covered_display": "0", "missing_lines": 3, "excluded_lines": 0}, "missing_lines": [110, 111, 112], "excluded_lines": []}, "CacheEntry.touch": {"executed_lines": [], "summary": {"covered_lines": 0, "num_statements": 3, "percent_covered": 0.0, "percent_covered_display": "0", "missing_lines": 3, "excluded_lines": 0}, "missing_lines": [116, 117, 118], "excluded_lines": []}, "CacheEntry.get_age": {"executed_lines": [], "summary": {"covered_lines": 0, "num_statements": 1, "percent_covered": 0.0, "percent_covered_display": "0", "missing_lines": 1, "excluded_lines": 0}, "missing_lines": [122], "excluded_lines": []}, "CacheEntry.get_idle_time": {"executed_lines": [], "summary": {"covered_lines": 0, "num_statements": 1, "percent_covered": 0.0, "percent_covered_display": "0", "missing_lines": 1, "excluded_lines": 0}, "missing_lines": [126], "excluded_lines": []}, "CacheEntry.get_frequency_score": {"executed_lines": [], "summary": {"covered_lines": 0, "num_statements": 2, "percent_covered": 0.0, "percent_covered_display": "0", "missing_lines": 2, "excluded_lines": 0}, "missing_lines": [130, 131], "excluded_lines": []}, "CacheStats.hit_rate": {"executed_lines": [], "summary": {"covered_lines": 0, "num_statements": 2, "percent_covered": 0.0, "percent_covered_display": "0", "missing_lines": 2, "excluded_lines": 0}, "missing_lines": [153, 154], "excluded_lines": []}, "CacheStats.miss_rate": {"executed_lines": [], "summary": {"covered_lines": 0, "num_statements": 1, "percent_covered": 0.0, "percent_covered_display": "0", "missing_lines": 1, "excluded_lines": 0}, "missing_lines": [159], "excluded_lines": []}, "CacheStats.preload_effectiveness": {"executed_lines": [], "summary": {"covered_lines": 0, "num_statements": 1, "percent_covered": 0.0, "percent_covered_display": "0", "missing_lines": 1, "excluded_lines": 0}, "missing_lines": [164], "excluded_lines": []}, "CacheStats.reset": {"executed_lines": [], "summary": {"covered_lines": 0, "num_statements": 1, "percent_covered": 0.0, "percent_covered_display": "0", "missing_lines": 1, "excluded_lines": 0}, "missing_lines": [168], "excluded_lines": []}, "CacheAnalyzer.__init__": {"executed_lines": [], "summary": {"covered_lines": 0, "num_statements": 5, "percent_covered": 0.0, "percent_covered_display": "0", "missing_lines": 5, "excluded_lines": 0}, "missing_lines": [177, 178, 179, 180, 181], "excluded_lines": []}, "CacheAnalyzer.record_access": {"executed_lines": [], "summary": {"covered_lines": 0, "num_statements": 6, "percent_covered": 0.0, "percent_covered_display": "0", "missing_lines": 6, "excluded_lines": 0}, "missing_lines": [185, 186, 187, 197, 198, 200], "excluded_lines": []}, "CacheAnalyzer.analyze_patterns": {"executed_lines": [], "summary": {"covered_lines": 0, "num_statements": 12, "percent_covered": 0.0, "percent_covered_display": "0", "missing_lines": 12, "excluded_lines": 0}, "missing_lines": [204, 205, 206, 209, 212, 213, 214, 217, 222, 223, 224, 226], "excluded_lines": []}, "CacheAnalyzer.get_preload_suggestions": {"executed_lines": [], "summary": {"covered_lines": 0, "num_statements": 6, "percent_covered": 0.0, "percent_covered_display": "0", "missing_lines": 6, "excluded_lines": 0}, "missing_lines": [239, 241, 244, 245, 246, 248], "excluded_lines": []}, "SmartCacheStrategy.__init__": {"executed_lines": [], "summary": {"covered_lines": 0, "num_statements": 2, "percent_covered": 0.0, "percent_covered_display": "0", "missing_lines": 2, "excluded_lines": 0}, "missing_lines": [254, 255], "excluded_lines": []}, "SmartCacheStrategy.should_evict": {"executed_lines": [], "summary": {"covered_lines": 0, "num_statements": 19, "percent_covered": 0.0, "percent_covered_display": "0", "missing_lines": 19, "excluded_lines": 0}, "missing_lines": [266, 267, 270, 273, 275, 276, 279, 280, 283, 284, 287, 288, 289, 292, 293, 295, 298, 301, 303], "excluded_lines": []}, "CachePreloader.__init__": {"executed_lines": [], "summary": {"covered_lines": 0, "num_statements": 5, "percent_covered": 0.0, "percent_covered_display": "0", "missing_lines": 5, "excluded_lines": 0}, "missing_lines": [309, 310, 311, 312, 313], "excluded_lines": []}, "CachePreloader.register_preload_function": {"executed_lines": [], "summary": {"covered_lines": 0, "num_statements": 1, "percent_covered": 0.0, "percent_covered_display": "0", "missing_lines": 1, "excluded_lines": 0}, "missing_lines": [317], "excluded_lines": []}, "CachePreloader.start_preloading": {"executed_lines": [], "summary": {"covered_lines": 0, "num_statements": 9, "percent_covered": 0.0, "percent_covered_display": "0", "missing_lines": 9, "excluded_lines": 0}, "missing_lines": [321, 323, 325, 327, 328, 329, 330, 331, 332], "excluded_lines": []}, "CachePreloader._preload_key": {"executed_lines": [], "summary": {"covered_lines": 0, "num_statements": 16, "percent_covered": 0.0, "percent_covered_display": "0", "missing_lines": 16, "excluded_lines": 0}, "missing_lines": [336, 337, 338, 339, 342, 343, 346, 347, 348, 351, 352, 355, 356, 358, 360, 361], "excluded_lines": []}, "CacheBackend.get": {"executed_lines": [], "summary": {"covered_lines": 0, "num_statements": 0, "percent_covered": 100.0, "percent_covered_display": "100", "missing_lines": 0, "excluded_lines": 2}, "missing_lines": [], "excluded_lines": [368, 369]}, "CacheBackend.set": {"executed_lines": [], "summary": {"covered_lines": 0, "num_statements": 0, "percent_covered": 100.0, "percent_covered_display": "100", "missing_lines": 0, "excluded_lines": 2}, "missing_lines": [], "excluded_lines": [373, 374]}, "CacheBackend.delete": {"executed_lines": [], "summary": {"covered_lines": 0, "num_statements": 0, "percent_covered": 100.0, "percent_covered_display": "100", "missing_lines": 0, "excluded_lines": 2}, "missing_lines": [], "excluded_lines": [378, 379]}, "CacheBackend.clear": {"executed_lines": [], "summary": {"covered_lines": 0, "num_statements": 0, "percent_covered": 100.0, "percent_covered_display": "100", "missing_lines": 0, "excluded_lines": 2}, "missing_lines": [], "excluded_lines": [383, 384]}, "CacheBackend.keys": {"executed_lines": [], "summary": {"covered_lines": 0, "num_statements": 0, "percent_covered": 100.0, "percent_covered_display": "100", "missing_lines": 0, "excluded_lines": 2}, "missing_lines": [], "excluded_lines": [388, 389]}, "CacheBackend.size": {"executed_lines": [], "summary": {"covered_lines": 0, "num_statements": 0, "percent_covered": 100.0, "percent_covered_display": "100", "missing_lines": 0, "excluded_lines": 2}, "missing_lines": [], "excluded_lines": [393, 394]}, "MemoryCacheBackend.__init__": {"executed_lines": [], "summary": {"covered_lines": 0, "num_statements": 8, "percent_covered": 0.0, "percent_covered_display": "0", "missing_lines": 8, "excluded_lines": 0}, "missing_lines": [402, 403, 404, 405, 406, 407, 408, 409], "excluded_lines": []}, "MemoryCacheBackend.get": {"executed_lines": [], "summary": {"covered_lines": 0, "num_statements": 17, "percent_covered": 0.0, "percent_covered_display": "0", "missing_lines": 17, "excluded_lines": 0}, "missing_lines": [413, 414, 415, 416, 417, 418, 421, 422, 423, 424, 425, 426, 429, 430, 431, 432, 434], "excluded_lines": []}, "MemoryCacheBackend.set": {"executed_lines": [], "summary": {"covered_lines": 0, "num_statements": 13, "percent_covered": 0.0, "percent_covered_display": "0", "missing_lines": 13, "excluded_lines": 0}, "missing_lines": [438, 440, 441, 444, 445, 446, 449, 450, 451, 453, 454, 456, 458], "excluded_lines": []}, "MemoryCacheBackend.delete": {"executed_lines": [], "summary": {"covered_lines": 0, "num_statements": 7, "percent_covered": 0.0, "percent_covered_display": "0", "missing_lines": 7, "excluded_lines": 0}, "missing_lines": [462, 463, 464, 465, 466, 467, 468], "excluded_lines": []}, "MemoryCacheBackend.clear": {"executed_lines": [], "summary": {"covered_lines": 0, "num_statements": 6, "percent_covered": 0.0, "percent_covered_display": "0", "missing_lines": 6, "excluded_lines": 0}, "missing_lines": [472, 473, 474, 475, 476, 477], "excluded_lines": []}, "MemoryCacheBackend.keys": {"executed_lines": [], "summary": {"covered_lines": 0, "num_statements": 2, "percent_covered": 0.0, "percent_covered_display": "0", "missing_lines": 2, "excluded_lines": 0}, "missing_lines": [481, 482], "excluded_lines": []}, "MemoryCacheBackend.size": {"executed_lines": [], "summary": {"covered_lines": 0, "num_statements": 2, "percent_covered": 0.0, "percent_covered_display": "0", "missing_lines": 2, "excluded_lines": 0}, "missing_lines": [486, 487], "excluded_lines": []}, "MemoryCacheBackend._update_access_order": {"executed_lines": [], "summary": {"covered_lines": 0, "num_statements": 2, "percent_covered": 0.0, "percent_covered_display": "0", "missing_lines": 2, "excluded_lines": 0}, "missing_lines": [491, 492], "excluded_lines": []}, "MemoryCacheBackend._remove_entry": {"executed_lines": [], "summary": {"covered_lines": 0, "num_statements": 5, "percent_covered": 0.0, "percent_covered_display": "0", "missing_lines": 5, "excluded_lines": 0}, "missing_lines": [496, 497, 498, 499, 500], "excluded_lines": []}, "MemoryCacheBackend._evict_entries": {"executed_lines": [], "summary": {"covered_lines": 0, "num_statements": 13, "percent_covered": 0.0, "percent_covered_display": "0", "missing_lines": 13, "excluded_lines": 0}, "missing_lines": [504, 506, 509, 510, 511, 513, 515, 516, 517, 518, 520, 523, 524], "excluded_lines": []}, "MemoryCacheBackend.get_detailed_stats": {"executed_lines": [], "summary": {"covered_lines": 0, "num_statements": 5, "percent_covered": 0.0, "percent_covered_display": "0", "missing_lines": 5, "excluded_lines": 0}, "missing_lines": [528, 529, 546, 547, 549], "excluded_lines": []}, "PersistentCacheBackend.__init__": {"executed_lines": [], "summary": {"covered_lines": 0, "num_statements": 7, "percent_covered": 0.0, "percent_covered_display": "0", "missing_lines": 7, "excluded_lines": 0}, "missing_lines": [558, 559, 560, 561, 562, 563, 564], "excluded_lines": []}, "PersistentCacheBackend._initialize_db": {"executed_lines": [], "summary": {"covered_lines": 0, "num_statements": 10, "percent_covered": 0.0, "percent_covered_display": "0", "missing_lines": 10, "excluded_lines": 0}, "missing_lines": [568, 569, 570, 586, 589, 592, 596, 597, 598, 599], "excluded_lines": []}, "PersistentCacheBackend._get_connection": {"executed_lines": [], "summary": {"covered_lines": 0, "num_statements": 4, "percent_covered": 0.0, "percent_covered_display": "0", "missing_lines": 4, "excluded_lines": 0}, "missing_lines": [603, 604, 605, 607], "excluded_lines": []}, "PersistentCacheBackend._return_connection": {"executed_lines": [], "summary": {"covered_lines": 0, "num_statements": 4, "percent_covered": 0.0, "percent_covered_display": "0", "missing_lines": 4, "excluded_lines": 0}, "missing_lines": [611, 612, 613, 615], "excluded_lines": []}, "PersistentCacheBackend.get": {"executed_lines": [], "summary": {"covered_lines": 0, "num_statements": 19, "percent_covered": 0.0, "percent_covered_display": "0", "missing_lines": 19, "excluded_lines": 0}, "missing_lines": [619, 620, 621, 622, 625, 627, 628, 629, 631, 634, 635, 636, 637, 638, 641, 642, 643, 645, 648], "excluded_lines": []}, "PersistentCacheBackend.set": {"executed_lines": [], "summary": {"covered_lines": 0, "num_statements": 16, "percent_covered": 0.0, "percent_covered_display": "0", "missing_lines": 16, "excluded_lines": 0}, "missing_lines": [652, 653, 654, 656, 657, 658, 661, 662, 665, 685, 686, 688, 690, 691, 692, 694], "excluded_lines": []}, "PersistentCacheBackend.delete": {"executed_lines": [], "summary": {"covered_lines": 0, "num_statements": 8, "percent_covered": 0.0, "percent_covered_display": "0", "missing_lines": 8, "excluded_lines": 0}, "missing_lines": [698, 699, 700, 701, 702, 703, 704, 706], "excluded_lines": []}, "PersistentCacheBackend.clear": {"executed_lines": [], "summary": {"covered_lines": 0, "num_statements": 10, "percent_covered": 0.0, "percent_covered_display": "0", "missing_lines": 10, "excluded_lines": 0}, "missing_lines": [710, 711, 712, 713, 714, 715, 716, 717, 718, 720], "excluded_lines": []}, "PersistentCacheBackend.keys": {"executed_lines": [], "summary": {"covered_lines": 0, "num_statements": 6, "percent_covered": 0.0, "percent_covered_display": "0", "missing_lines": 6, "excluded_lines": 0}, "missing_lines": [724, 725, 726, 727, 728, 730], "excluded_lines": []}, "PersistentCacheBackend.size": {"executed_lines": [], "summary": {"covered_lines": 0, "num_statements": 5, "percent_covered": 0.0, "percent_covered_display": "0", "missing_lines": 5, "excluded_lines": 0}, "missing_lines": [734, 735, 736, 737, 739], "excluded_lines": []}, "PersistentCacheBackend._row_to_entry": {"executed_lines": [], "summary": {"covered_lines": 0, "num_statements": 11, "percent_covered": 0.0, "percent_covered_display": "0", "missing_lines": 11, "excluded_lines": 0}, "missing_lines": [743, 756, 757, 758, 759, 760, 761, 763, 773, 774, 776], "excluded_lines": []}, "PersistentCacheBackend._delete_entry": {"executed_lines": [], "summary": {"covered_lines": 0, "num_statements": 3, "percent_covered": 0.0, "percent_covered_display": "0", "missing_lines": 3, "excluded_lines": 0}, "missing_lines": [780, 781, 782], "excluded_lines": []}, "PersistentCacheBackend._update_entry": {"executed_lines": [], "summary": {"covered_lines": 0, "num_statements": 2, "percent_covered": 0.0, "percent_covered_display": "0", "missing_lines": 2, "excluded_lines": 0}, "missing_lines": [786, 794], "excluded_lines": []}, "PersistentCacheBackend._get_entry_count": {"executed_lines": [], "summary": {"covered_lines": 0, "num_statements": 2, "percent_covered": 0.0, "percent_covered_display": "0", "missing_lines": 2, "excluded_lines": 0}, "missing_lines": [798, 799], "excluded_lines": []}, "PersistentCacheBackend._evict_entries": {"executed_lines": [], "summary": {"covered_lines": 0, "num_statements": 3, "percent_covered": 0.0, "percent_covered_display": "0", "missing_lines": 3, "excluded_lines": 0}, "missing_lines": [804, 815, 816], "excluded_lines": []}, "MultiLevelCache.__init__": {"executed_lines": [], "summary": {"covered_lines": 0, "num_statements": 9, "percent_covered": 0.0, "percent_covered_display": "0", "missing_lines": 9, "excluded_lines": 0}, "missing_lines": [830, 831, 832, 833, 836, 837, 839, 842, 843], "excluded_lines": []}, "MultiLevelCache._start_cleanup_task": {"executed_lines": [], "summary": {"covered_lines": 0, "num_statements": 2, "percent_covered": 0.0, "percent_covered_display": "0", "missing_lines": 2, "excluded_lines": 0}, "missing_lines": [847, 848], "excluded_lines": []}, "MultiLevelCache._cleanup_loop": {"executed_lines": [], "summary": {"covered_lines": 0, "num_statements": 11, "percent_covered": 0.0, "percent_covered_display": "0", "missing_lines": 11, "excluded_lines": 0}, "missing_lines": [852, 853, 854, 855, 858, 859, 861, 862, 863, 864, 865], "excluded_lines": []}, "MultiLevelCache._cleanup_expired": {"executed_lines": [], "summary": {"covered_lines": 0, "num_statements": 5, "percent_covered": 0.0, "percent_covered_display": "0", "missing_lines": 5, "excluded_lines": 0}, "missing_lines": [870, 871, 872, 873, 874], "excluded_lines": []}, "MultiLevelCache.get": {"executed_lines": [], "summary": {"covered_lines": 0, "num_statements": 8, "percent_covered": 0.0, "percent_covered_display": "0", "missing_lines": 8, "excluded_lines": 0}, "missing_lines": [882, 883, 884, 887, 888, 890, 891, 893], "excluded_lines": []}, "MultiLevelCache.set": {"executed_lines": [], "summary": {"covered_lines": 0, "num_statements": 9, "percent_covered": 0.0, "percent_covered_display": "0", "missing_lines": 9, "excluded_lines": 0}, "missing_lines": [903, 904, 906, 908, 911, 912, 914, 915, 917], "excluded_lines": []}, "MultiLevelCache.delete": {"executed_lines": [], "summary": {"covered_lines": 0, "num_statements": 6, "percent_covered": 0.0, "percent_covered_display": "0", "missing_lines": 6, "excluded_lines": 0}, "missing_lines": [921, 923, 924, 926, 927, 929], "excluded_lines": []}, "MultiLevelCache.clear": {"executed_lines": [], "summary": {"covered_lines": 0, "num_statements": 6, "percent_covered": 0.0, "percent_covered_display": "0", "missing_lines": 6, "excluded_lines": 0}, "missing_lines": [933, 935, 936, 938, 939, 941], "excluded_lines": []}, "MultiLevelCache.exists": {"executed_lines": [], "summary": {"covered_lines": 0, "num_statements": 1, "percent_covered": 0.0, "percent_covered_display": "0", "missing_lines": 1, "excluded_lines": 0}, "missing_lines": [945], "excluded_lines": []}, "MultiLevelCache.expire": {"executed_lines": [], "summary": {"covered_lines": 0, "num_statements": 11, "percent_covered": 0.0, "percent_covered_display": "0", "missing_lines": 11, "excluded_lines": 0}, "missing_lines": [950, 951, 952, 953, 954, 957, 958, 959, 960, 961, 963], "excluded_lines": []}, "MultiLevelCache.get_stats": {"executed_lines": [], "summary": {"covered_lines": 0, "num_statements": 1, "percent_covered": 0.0, "percent_covered_display": "0", "missing_lines": 1, "excluded_lines": 0}, "missing_lines": [967], "excluded_lines": []}, "MultiLevelCache.get_detailed_stats": {"executed_lines": [], "summary": {"covered_lines": 0, "num_statements": 3, "percent_covered": 0.0, "percent_covered_display": "0", "missing_lines": 3, "excluded_lines": 0}, "missing_lines": [974, 975, 977], "excluded_lines": []}, "MultiLevelCache.register_preload_function": {"executed_lines": [], "summary": {"covered_lines": 0, "num_statements": 2, "percent_covered": 0.0, "percent_covered_display": "0", "missing_lines": 2, "excluded_lines": 0}, "missing_lines": [1004, 1005], "excluded_lines": []}, "MultiLevelCache.batch_operation": {"executed_lines": [], "summary": {"covered_lines": 0, "num_statements": 1, "percent_covered": 0.0, "percent_covered_display": "0", "missing_lines": 1, "excluded_lines": 0}, "missing_lines": [1011], "excluded_lines": []}, "MultiLevelCache.shutdown": {"executed_lines": [], "summary": {"covered_lines": 0, "num_statements": 8, "percent_covered": 0.0, "percent_covered_display": "0", "missing_lines": 8, "excluded_lines": 0}, "missing_lines": [1015, 1016, 1017, 1018, 1021, 1022, 1023, 1024], "excluded_lines": []}, "GlobalCacheManager.get_instance": {"executed_lines": [], "summary": {"covered_lines": 0, "num_statements": 5, "percent_covered": 0.0, "percent_covered_display": "0", "missing_lines": 5, "excluded_lines": 0}, "missing_lines": [1035, 1036, 1037, 1038, 1039], "excluded_lines": []}, "GlobalCacheManager.dispose": {"executed_lines": [], "summary": {"covered_lines": 0, "num_statements": 5, "percent_covered": 0.0, "percent_covered_display": "0", "missing_lines": 5, "excluded_lines": 0}, "missing_lines": [1044, 1045, 1046, 1047, 1048], "excluded_lines": []}, "get_global_cache_manager": {"executed_lines": [], "summary": {"covered_lines": 0, "num_statements": 1, "percent_covered": 0.0, "percent_covered_display": "0", "missing_lines": 1, "excluded_lines": 0}, "missing_lines": [1052], "excluded_lines": []}, "dispose_global_cache_manager": {"executed_lines": [], "summary": {"covered_lines": 0, "num_statements": 1, "percent_covered": 0.0, "percent_covered_display": "0", "missing_lines": 1, "excluded_lines": 0}, "missing_lines": [1056], "excluded_lines": []}, "cache_get": {"executed_lines": [], "summary": {"covered_lines": 0, "num_statements": 2, "percent_covered": 0.0, "percent_covered_display": "0", "missing_lines": 2, "excluded_lines": 0}, "missing_lines": [1061, 1062], "excluded_lines": []}, "cache_set": {"executed_lines": [], "summary": {"covered_lines": 0, "num_statements": 2, "percent_covered": 0.0, "percent_covered_display": "0", "missing_lines": 2, "excluded_lines": 0}, "missing_lines": [1066, 1067], "excluded_lines": []}, "cache_delete": {"executed_lines": [], "summary": {"covered_lines": 0, "num_statements": 2, "percent_covered": 0.0, "percent_covered_display": "0", "missing_lines": 2, "excluded_lines": 0}, "missing_lines": [1071, 1072], "excluded_lines": []}, "cache_key": {"executed_lines": [], "summary": {"covered_lines": 0, "num_statements": 9, "percent_covered": 0.0, "percent_covered_display": "0", "missing_lines": 9, "excluded_lines": 0}, "missing_lines": [1077, 1080, 1081, 1082, 1084, 1087, 1088, 1091, 1092], "excluded_lines": []}, "cached": {"executed_lines": [], "summary": {"covered_lines": 0, "num_statements": 3, "percent_covered": 0.0, "percent_covered_display": "0", "missing_lines": 3, "excluded_lines": 0}, "missing_lines": [1097, 1098, 1126], "excluded_lines": []}, "cached.decorator": {"executed_lines": [], "summary": {"covered_lines": 0, "num_statements": 2, "percent_covered": 0.0, "percent_covered_display": "0", "missing_lines": 2, "excluded_lines": 0}, "missing_lines": [1099, 1124], "excluded_lines": []}, "cached.decorator.wrapper": {"executed_lines": [], "summary": {"covered_lines": 0, "num_statements": 12, "percent_covered": 0.0, "percent_covered_display": "0", "missing_lines": 12, "excluded_lines": 0}, "missing_lines": [1101, 1102, 1104, 1107, 1108, 1109, 1112, 1113, 1114, 1117, 1120, 1122], "excluded_lines": []}, "": {"executed_lines": [1, 18, 19, 20, 21, 22, 23, 24, 25, 26, 27, 28, 29, 30, 31, 32, 33, 34, 40, 43, 44, 46, 47, 49, 50, 51, 52, 53, 54, 56, 57, 59, 60, 61, 63, 64, 66, 67, 68, 69, 70, 71, 73, 74, 76, 77, 78, 79, 81, 82, 83, 85, 86, 87, 88, 89, 90, 91, 92, 93, 94, 95, 97, 101, 108, 114, 120, 124, 128, 133, 134, 135, 137, 138, 139, 140, 141, 142, 143, 144, 145, 146, 147, 148, 150, 151, 156, 157, 161, 162, 166, 170, 171, 174, 176, 183, 202, 237, 250, 251, 253, 262, 305, 306, 308, 315, 319, 334, 363, 364, 366, 367, 371, 372, 376, 377, 381, 382, 386, 387, 391, 392, 396, 397, 399, 411, 436, 460, 470, 479, 484, 489, 494, 502, 526, 551, 552, 555, 557, 566, 601, 609, 617, 650, 696, 708, 722, 732, 741, 778, 784, 796, 801, 818, 819, 821, 845, 850, 867, 879, 895, 919, 931, 943, 947, 965, 972, 1002, 1007, 1008, 1013, 1026, 1027, 1029, 1030, 1032, 1033, 1041, 1042, 1050, 1054, 1059, 1064, 1069, 1074, 1094], "summary": {"covered_lines": 159, "num_statements": 159, "percent_covered": 100.0, "percent_covered_display": "100", "missing_lines": 0, "excluded_lines": 12}, "missing_lines": [], "excluded_lines": [366, 367, 371, 372, 376, 377, 381, 382, 386, 387, 391, 392]}}, "classes": {"CacheStrategy": {"executed_lines": [], "summary": {"covered_lines": 0, "num_statements": 0, "percent_covered": 100.0, "percent_covered_display": "100", "missing_lines": 0, "excluded_lines": 0}, "missing_lines": [], "excluded_lines": []}, "CacheLevel": {"executed_lines": [], "summary": {"covered_lines": 0, "num_statements": 0, "percent_covered": 100.0, "percent_covered_display": "100", "missing_lines": 0, "excluded_lines": 0}, "missing_lines": [], "excluded_lines": []}, "CacheOperation": {"executed_lines": [], "summary": {"covered_lines": 0, "num_statements": 0, "percent_covered": 100.0, "percent_covered_display": "100", "missing_lines": 0, "excluded_lines": 0}, "missing_lines": [], "excluded_lines": []}, "CachePattern": {"executed_lines": [], "summary": {"covered_lines": 0, "num_statements": 0, "percent_covered": 100.0, "percent_covered_display": "100", "missing_lines": 0, "excluded_lines": 0}, "missing_lines": [], "excluded_lines": []}, "CacheEntry": {"executed_lines": [], "summary": {"covered_lines": 0, "num_statements": 16, "percent_covered": 0.0, "percent_covered_display": "0", "missing_lines": 16, "excluded_lines": 0}, "missing_lines": [98, 99, 103, 104, 105, 106, 110, 111, 112, 116, 117, 118, 122, 126, 130, 131], "excluded_lines": []}, "CacheStats": {"executed_lines": [], "summary": {"covered_lines": 0, "num_statements": 5, "percent_covered": 0.0, "percent_covered_display": "0", "missing_lines": 5, "excluded_lines": 0}, "missing_lines": [153, 154, 159, 164, 168], "excluded_lines": []}, "CacheAnalyzer": {"executed_lines": [], "summary": {"covered_lines": 0, "num_statements": 29, "percent_covered": 0.0, "percent_covered_display": "0", "missing_lines": 29, "excluded_lines": 0}, "missing_lines": [177, 178, 179, 180, 181, 185, 186, 187, 197, 198, 200, 204, 205, 206, 209, 212, 213, 214, 217, 222, 223, 224, 226, 239, 241, 244, 245, 246, 248], "excluded_lines": []}, "SmartCacheStrategy": {"executed_lines": [], "summary": {"covered_lines": 0, "num_statements": 21, "percent_covered": 0.0, "percent_covered_display": "0", "missing_lines": 21, "excluded_lines": 0}, "missing_lines": [254, 255, 266, 267, 270, 273, 275, 276, 279, 280, 283, 284, 287, 288, 289, 292, 293, 295, 298, 301, 303], "excluded_lines": []}, "CachePreloader": {"executed_lines": [], "summary": {"covered_lines": 0, "num_statements": 31, "percent_covered": 0.0, "percent_covered_display": "0", "missing_lines": 31, "excluded_lines": 0}, "missing_lines": [309, 310, 311, 312, 313, 317, 321, 323, 325, 327, 328, 329, 330, 331, 332, 336, 337, 338, 339, 342, 343, 346, 347, 348, 351, 352, 355, 356, 358, 360, 361], "excluded_lines": []}, "CacheBackend": {"executed_lines": [], "summary": {"covered_lines": 0, "num_statements": 0, "percent_covered": 100.0, "percent_covered_display": "100", "missing_lines": 0, "excluded_lines": 12}, "missing_lines": [], "excluded_lines": [368, 369, 373, 374, 378, 379, 383, 384, 388, 389, 393, 394]}, "MemoryCacheBackend": {"executed_lines": [], "summary": {"covered_lines": 0, "num_statements": 80, "percent_covered": 0.0, "percent_covered_display": "0", "missing_lines": 80, "excluded_lines": 0}, "missing_lines": [402, 403, 404, 405, 406, 407, 408, 409, 413, 414, 415, 416, 417, 418, 421, 422, 423, 424, 425, 426, 429, 430, 431, 432, 434, 438, 440, 441, 444, 445, 446, 449, 450, 451, 453, 454, 456, 458, 462, 463, 464, 465, 466, 467, 468, 472, 473, 474, 475, 476, 477, 481, 482, 486, 487, 491, 492, 496, 497, 498, 499, 500, 504, 506, 509, 510, 511, 513, 515, 516, 517, 518, 520, 523, 524, 528, 529, 546, 547, 549], "excluded_lines": []}, "PersistentCacheBackend": {"executed_lines": [], "summary": {"covered_lines": 0, "num_statements": 110, "percent_covered": 0.0, "percent_covered_display": "0", "missing_lines": 110, "excluded_lines": 0}, "missing_lines": [558, 559, 560, 561, 562, 563, 564, 568, 569, 570, 586, 589, 592, 596, 597, 598, 599, 603, 604, 605, 607, 611, 612, 613, 615, 619, 620, 621, 622, 625, 627, 628, 629, 631, 634, 635, 636, 637, 638, 641, 642, 643, 645, 648, 652, 653, 654, 656, 657, 658, 661, 662, 665, 685, 686, 688, 690, 691, 692, 694, 698, 699, 700, 701, 702, 703, 704, 706, 710, 711, 712, 713, 714, 715, 716, 717, 718, 720, 724, 725, 726, 727, 728, 730, 734, 735, 736, 737, 739, 743, 756, 757, 758, 759, 760, 761, 763, 773, 774, 776, 780, 781, 782, 786, 794, 798, 799, 804, 815, 816], "excluded_lines": []}, "MultiLevelCache": {"executed_lines": [], "summary": {"covered_lines": 0, "num_statements": 83, "percent_covered": 0.0, "percent_covered_display": "0", "missing_lines": 83, "excluded_lines": 0}, "missing_lines": [830, 831, 832, 833, 836, 837, 839, 842, 843, 847, 848, 852, 853, 854, 855, 858, 859, 861, 862, 863, 864, 865, 870, 871, 872, 873, 874, 882, 883, 884, 887, 888, 890, 891, 893, 903, 904, 906, 908, 911, 912, 914, 915, 917, 921, 923, 924, 926, 927, 929, 933, 935, 936, 938, 939, 941, 945, 950, 951, 952, 953, 954, 957, 958, 959, 960, 961, 963, 967, 974, 975, 977, 1004, 1005, 1011, 1015, 1016, 1017, 1018, 1021, 1022, 1023, 1024], "excluded_lines": []}, "GlobalCacheManager": {"executed_lines": [], "summary": {"covered_lines": 0, "num_statements": 10, "percent_covered": 0.0, "percent_covered_display": "0", "missing_lines": 10, "excluded_lines": 0}, "missing_lines": [1035, 1036, 1037, 1038, 1039, 1044, 1045, 1046, 1047, 1048], "excluded_lines": []}, "": {"executed_lines": [1, 18, 19, 20, 21, 22, 23, 24, 25, 26, 27, 28, 29, 30, 31, 32, 33, 34, 40, 43, 44, 46, 47, 49, 50, 51, 52, 53, 54, 56, 57, 59, 60, 61, 63, 64, 66, 67, 68, 69, 70, 71, 73, 74, 76, 77, 78, 79, 81, 82, 83, 85, 86, 87, 88, 89, 90, 91, 92, 93, 94, 95, 97, 101, 108, 114, 120, 124, 128, 133, 134, 135, 137, 138, 139, 140, 141, 142, 143, 144, 145, 146, 147, 148, 150, 151, 156, 157, 161, 162, 166, 170, 171, 174, 176, 183, 202, 237, 250, 251, 253, 262, 305, 306, 308, 315, 319, 334, 363, 364, 366, 367, 371, 372, 376, 377, 381, 382, 386, 387, 391, 392, 396, 397, 399, 411, 436, 460, 470, 479, 484, 489, 494, 502, 526, 551, 552, 555, 557, 566, 601, 609, 617, 650, 696, 708, 722, 732, 741, 778, 784, 796, 801, 818, 819, 821, 845, 850, 867, 879, 895, 919, 931, 943, 947, 965, 972, 1002, 1007, 1008, 1013, 1026, 1027, 1029, 1030, 1032, 1033, 1041, 1042, 1050, 1054, 1059, 1064, 1069, 1074, 1094], "summary": {"covered_lines": 159, "num_statements": 193, "percent_covered": 82.38341968911917, "percent_covered_display": "82", "missing_lines": 34, "excluded_lines": 12}, "missing_lines": [1052, 1056, 1061, 1062, 1066, 1067, 1071, 1072, 1077, 1080, 1081, 1082, 1084, 1087, 1088, 1091, 1092, 1097, 1098, 1099, 1101, 1102, 1104, 1107, 1108, 1109, 1112, 1113, 1114, 1117, 1120, 1122, 1124, 1126], "excluded_lines": [366, 367, 371, 372, 376, 377, 381, 382, 386, 387, 391, 392]}}}, "src\\cogs\\core\\error_handler.py": {"executed_lines": [1, 9, 10, 11, 12, 13, 14, 15, 17, 18, 22, 23, 25, 26, 27, 28, 31, 32, 34, 35, 36, 37, 38, 39, 40, 41, 42, 45, 46, 48, 53, 68, 69, 72, 73, 75, 80, 89, 100, 106, 107, 109, 128, 147, 151, 155, 168, 194, 216, 235, 245, 285, 332, 352, 353, 430, 440, 444, 460], "summary": {"covered_lines": 53, "num_statements": 185, "percent_covered": 28.64864864864865, "percent_covered_display": "29", "missing_lines": 132, "excluded_lines": 0}, "missing_lines": [49, 50, 51, 55, 57, 58, 59, 60, 61, 62, 63, 64, 66, 76, 77, 78, 82, 83, 86, 87, 91, 92, 94, 95, 96, 98, 102, 103, 104, 117, 118, 119, 120, 121, 126, 130, 149, 153, 165, 166, 179, 188, 189, 190, 192, 209, 210, 211, 214, 218, 225, 226, 227, 230, 231, 233, 237, 243, 265, 272, 273, 275, 276, 277, 278, 280, 281, 283, 304, 305, 308, 312, 313, 316, 317, 318, 319, 321, 324, 325, 326, 328, 329, 330, 346, 347, 349, 350, 371, 373, 374, 375, 377, 378, 379, 381, 384, 385, 386, 388, 389, 392, 395, 396, 400, 405, 406, 407, 408, 413, 415, 420, 421, 422, 425, 426, 428, 432, 442, 457, 478, 479, 480, 483, 484, 485, 486, 487, 489, 496, 498, 500], "excluded_lines": [], "functions": {"RecoveryStrategy.__init__": {"executed_lines": [], "summary": {"covered_lines": 0, "num_statements": 3, "percent_covered": 0.0, "percent_covered_display": "0", "missing_lines": 3, "excluded_lines": 0}, "missing_lines": [49, 50, 51], "excluded_lines": []}, "RecoveryStrategy.execute": {"executed_lines": [], "summary": {"covered_lines": 0, "num_statements": 10, "percent_covered": 0.0, "percent_covered_display": "0", "missing_lines": 10, "excluded_lines": 0}, "missing_lines": [55, 57, 58, 59, 60, 61, 62, 63, 64, 66], "excluded_lines": []}, "ErrorStatistics.__init__": {"executed_lines": [], "summary": {"covered_lines": 0, "num_statements": 3, "percent_covered": 0.0, "percent_covered_display": "0", "missing_lines": 3, "excluded_lines": 0}, "missing_lines": [76, 77, 78], "excluded_lines": []}, "ErrorStatistics.record_error": {"executed_lines": [], "summary": {"covered_lines": 0, "num_statements": 4, "percent_covered": 0.0, "percent_covered_display": "0", "missing_lines": 4, "excluded_lines": 0}, "missing_lines": [82, 83, 86, 87], "excluded_lines": []}, "ErrorStatistics.get_error_rate": {"executed_lines": [], "summary": {"covered_lines": 0, "num_statements": 6, "percent_covered": 0.0, "percent_covered_display": "0", "missing_lines": 6, "excluded_lines": 0}, "missing_lines": [91, 92, 94, 95, 96, 98], "excluded_lines": []}, "ErrorStatistics.reset_statistics": {"executed_lines": [], "summary": {"covered_lines": 0, "num_statements": 3, "percent_covered": 0.0, "percent_covered_display": "0", "missing_lines": 3, "excluded_lines": 0}, "missing_lines": [102, 103, 104], "excluded_lines": []}, "ErrorHandler.__init__": {"executed_lines": [], "summary": {"covered_lines": 0, "num_statements": 6, "percent_covered": 0.0, "percent_covered_display": "0", "missing_lines": 6, "excluded_lines": 0}, "missing_lines": [117, 118, 119, 120, 121, 126], "excluded_lines": []}, "ErrorHandler._setup_default_strategies": {"executed_lines": [], "summary": {"covered_lines": 0, "num_statements": 1, "percent_covered": 0.0, "percent_covered_display": "0", "missing_lines": 1, "excluded_lines": 0}, "missing_lines": [130], "excluded_lines": []}, "ErrorHandler.add_recovery_strategy": {"executed_lines": [], "summary": {"covered_lines": 0, "num_statements": 1, "percent_covered": 0.0, "percent_covered_display": "0", "missing_lines": 1, "excluded_lines": 0}, "missing_lines": [149], "excluded_lines": []}, "ErrorHandler.add_error_callback": {"executed_lines": [], "summary": {"covered_lines": 0, "num_statements": 1, "percent_covered": 0.0, "percent_covered_display": "0", "missing_lines": 1, "excluded_lines": 0}, "missing_lines": [153], "excluded_lines": []}, "ErrorHandler.generate_tracking_id": {"executed_lines": [], "summary": {"covered_lines": 0, "num_statements": 2, "percent_covered": 0.0, "percent_covered_display": "0", "missing_lines": 2, "excluded_lines": 0}, "missing_lines": [165, 166], "excluded_lines": []}, "ErrorHandler.classify_error": {"executed_lines": [], "summary": {"covered_lines": 0, "num_statements": 5, "percent_covered": 0.0, "percent_covered_display": "0", "missing_lines": 5, "excluded_lines": 0}, "missing_lines": [179, 188, 189, 190, 192], "excluded_lines": []}, "ErrorHandler.format_user_friendly_message": {"executed_lines": [], "summary": {"covered_lines": 0, "num_statements": 4, "percent_covered": 0.0, "percent_covered_display": "0", "missing_lines": 4, "excluded_lines": 0}, "missing_lines": [209, 210, 211, 214], "excluded_lines": []}, "ErrorHandler._get_error_type_message": {"executed_lines": [], "summary": {"covered_lines": 0, "num_statements": 7, "percent_covered": 0.0, "percent_covered_display": "0", "missing_lines": 7, "excluded_lines": 0}, "missing_lines": [218, 225, 226, 227, 230, 231, 233], "excluded_lines": []}, "ErrorHandler._get_severity_message": {"executed_lines": [], "summary": {"covered_lines": 0, "num_statements": 2, "percent_covered": 0.0, "percent_covered_display": "0", "missing_lines": 2, "excluded_lines": 0}, "missing_lines": [237, 243], "excluded_lines": []}, "ErrorHandler.format_error_message": {"executed_lines": [], "summary": {"covered_lines": 0, "num_statements": 10, "percent_covered": 0.0, "percent_covered_display": "0", "missing_lines": 10, "excluded_lines": 0}, "missing_lines": [265, 272, 273, 275, 276, 277, 278, 280, 281, 283], "excluded_lines": []}, "ErrorHandler.log_error": {"executed_lines": [], "summary": {"covered_lines": 0, "num_statements": 16, "percent_covered": 0.0, "percent_covered_display": "0", "missing_lines": 16, "excluded_lines": 0}, "missing_lines": [304, 305, 308, 312, 313, 316, 317, 318, 319, 321, 324, 325, 326, 328, 329, 330], "excluded_lines": []}, "ErrorHandler.try_recovery": {"executed_lines": [], "summary": {"covered_lines": 0, "num_statements": 4, "percent_covered": 0.0, "percent_covered_display": "0", "missing_lines": 4, "excluded_lines": 0}, "missing_lines": [346, 347, 349, 350], "excluded_lines": []}, "ErrorHandler.handle_error": {"executed_lines": [], "summary": {"covered_lines": 0, "num_statements": 29, "percent_covered": 0.0, "percent_covered_display": "0", "missing_lines": 29, "excluded_lines": 0}, "missing_lines": [371, 373, 374, 375, 377, 378, 379, 381, 384, 385, 386, 388, 389, 392, 395, 396, 400, 405, 406, 407, 408, 413, 415, 420, 421, 422, 425, 426, 428], "excluded_lines": []}, "ErrorHandler.get_error_statistics": {"executed_lines": [], "summary": {"covered_lines": 0, "num_statements": 1, "percent_covered": 0.0, "percent_covered_display": "0", "missing_lines": 1, "excluded_lines": 0}, "missing_lines": [432], "excluded_lines": []}, "ErrorHandler.reset_statistics": {"executed_lines": [], "summary": {"covered_lines": 0, "num_statements": 1, "percent_covered": 0.0, "percent_covered_display": "0", "missing_lines": 1, "excluded_lines": 0}, "missing_lines": [442], "excluded_lines": []}, "create_error_handler": {"executed_lines": [], "summary": {"covered_lines": 0, "num_statements": 1, "percent_covered": 0.0, "percent_covered_display": "0", "missing_lines": 1, "excluded_lines": 0}, "missing_lines": [457], "excluded_lines": []}, "error_handler": {"executed_lines": [], "summary": {"covered_lines": 0, "num_statements": 2, "percent_covered": 0.0, "percent_covered_display": "0", "missing_lines": 2, "excluded_lines": 0}, "missing_lines": [478, 500], "excluded_lines": []}, "error_handler.decorator": {"executed_lines": [], "summary": {"covered_lines": 0, "num_statements": 2, "percent_covered": 0.0, "percent_covered_display": "0", "missing_lines": 2, "excluded_lines": 0}, "missing_lines": [479, 498], "excluded_lines": []}, "error_handler.decorator.wrapper": {"executed_lines": [], "summary": {"covered_lines": 0, "num_statements": 8, "percent_covered": 0.0, "percent_covered_display": "0", "missing_lines": 8, "excluded_lines": 0}, "missing_lines": [480, 483, 484, 485, 486, 487, 489, 496], "excluded_lines": []}, "": {"executed_lines": [1, 9, 10, 11, 12, 13, 14, 15, 17, 18, 22, 23, 25, 26, 27, 28, 31, 32, 34, 35, 36, 37, 38, 39, 40, 41, 42, 45, 46, 48, 53, 68, 69, 72, 73, 75, 80, 89, 100, 106, 107, 109, 128, 147, 151, 155, 168, 194, 216, 235, 245, 285, 332, 352, 353, 430, 440, 444, 460], "summary": {"covered_lines": 53, "num_statements": 53, "percent_covered": 100.0, "percent_covered_display": "100", "missing_lines": 0, "excluded_lines": 0}, "missing_lines": [], "excluded_lines": []}}, "classes": {"ErrorSeverity": {"executed_lines": [], "summary": {"covered_lines": 0, "num_statements": 0, "percent_covered": 100.0, "percent_covered_display": "100", "missing_lines": 0, "excluded_lines": 0}, "missing_lines": [], "excluded_lines": []}, "ErrorCodes": {"executed_lines": [], "summary": {"covered_lines": 0, "num_statements": 0, "percent_covered": 100.0, "percent_covered_display": "100", "missing_lines": 0, "excluded_lines": 0}, "missing_lines": [], "excluded_lines": []}, "RecoveryStrategy": {"executed_lines": [], "summary": {"covered_lines": 0, "num_statements": 13, "percent_covered": 0.0, "percent_covered_display": "0", "missing_lines": 13, "excluded_lines": 0}, "missing_lines": [49, 50, 51, 55, 57, 58, 59, 60, 61, 62, 63, 64, 66], "excluded_lines": []}, "ErrorStatistics": {"executed_lines": [], "summary": {"covered_lines": 0, "num_statements": 16, "percent_covered": 0.0, "percent_covered_display": "0", "missing_lines": 16, "excluded_lines": 0}, "missing_lines": [76, 77, 78, 82, 83, 86, 87, 91, 92, 94, 95, 96, 98, 102, 103, 104], "excluded_lines": []}, "ErrorHandler": {"executed_lines": [], "summary": {"covered_lines": 0, "num_statements": 90, "percent_covered": 0.0, "percent_covered_display": "0", "missing_lines": 90, "excluded_lines": 0}, "missing_lines": [117, 118, 119, 120, 121, 126, 130, 149, 153, 165, 166, 179, 188, 189, 190, 192, 209, 210, 211, 214, 218, 225, 226, 227, 230, 231, 233, 237, 243, 265, 272, 273, 275, 276, 277, 278, 280, 281, 283, 304, 305, 308, 312, 313, 316, 317, 318, 319, 321, 324, 325, 326, 328, 329, 330, 346, 347, 349, 350, 371, 373, 374, 375, 377, 378, 379, 381, 384, 385, 386, 388, 389, 392, 395, 396, 400, 405, 406, 407, 408, 413, 415, 420, 421, 422, 425, 426, 428, 432, 442], "excluded_lines": []}, "": {"executed_lines": [1, 9, 10, 11, 12, 13, 14, 15, 17, 18, 22, 23, 25, 26, 27, 28, 31, 32, 34, 35, 36, 37, 38, 39, 40, 41, 42, 45, 46, 48, 53, 68, 69, 72, 73, 75, 80, 89, 100, 106, 107, 109, 128, 147, 151, 155, 168, 194, 216, 235, 245, 285, 332, 352, 353, 430, 440, 444, 460], "summary": {"covered_lines": 53, "num_statements": 66, "percent_covered": 80.3030303030303, "percent_covered_display": "80", "missing_lines": 13, "excluded_lines": 0}, "missing_lines": [457, 478, 479, 480, 483, 484, 485, 486, 487, 489, 496, 498, 500], "excluded_lines": []}}}, "src\\cogs\\core\\event_bus.py": {"executed_lines": [1, 19, 20, 21, 22, 23, 24, 25, 26, 27, 28, 29, 30, 36, 39, 40, 42, 43, 45, 46, 47, 48, 49, 51, 52, 54, 55, 56, 57, 58, 59, 61, 62, 64, 65, 66, 67, 69, 70, 71, 73, 74, 75, 76, 77, 78, 79, 80, 81, 82, 83, 84, 85, 87, 98, 102, 120, 121, 141, 145, 149, 156, 157, 158, 160, 161, 162, 163, 164, 166, 175, 182, 186, 187, 188, 190, 191, 192, 193, 194, 195, 196, 197, 198, 199, 200, 202, 219, 220, 222, 236, 243, 256, 268, 303, 304, 306, 311, 315, 343, 354, 355, 357, 360, 366, 392, 393, 395, 396, 400, 401, 405, 406, 410, 411, 418, 419, 423, 424, 428, 429, 431, 432, 436, 437, 447, 448, 452, 453, 457, 458, 460, 466, 477, 488, 515, 527, 528, 530, 559, 588, 604, 618, 652, 660, 686, 702, 733, 757, 781, 819, 842, 861, 886, 926, 932, 961, 971, 990, 991, 1010, 1011, 1013, 1014, 1015, 1017, 1025, 1033, 1035, 1039, 1044, 1065, 1072], "summary": {"covered_lines": 150, "num_statements": 535, "percent_covered": 28.037383177570092, "percent_covered_display": "28", "missing_lines": 385, "excluded_lines": 22}, "missing_lines": [88, 89, 92, 96, 100, 104, 123, 143, 147, 151, 152, 153, 154, 168, 169, 171, 172, 173, 177, 184, 205, 206, 209, 210, 211, 212, 213, 214, 215, 217, 223, 224, 225, 226, 227, 228, 229, 230, 231, 232, 233, 234, 238, 239, 240, 241, 247, 248, 249, 250, 251, 253, 254, 258, 259, 260, 263, 264, 270, 271, 272, 275, 279, 307, 308, 309, 313, 319, 320, 323, 324, 325, 326, 327, 328, 331, 332, 333, 334, 337, 341, 345, 347, 348, 352, 358, 364, 368, 369, 372, 373, 374, 376, 379, 380, 381, 382, 383, 384, 385, 386, 388, 390, 398, 403, 408, 413, 414, 416, 421, 426, 461, 462, 463, 464, 468, 469, 472, 473, 475, 479, 480, 483, 484, 486, 496, 497, 499, 501, 502, 503, 504, 505, 506, 508, 510, 511, 513, 517, 518, 519, 525, 531, 532, 533, 534, 535, 536, 537, 538, 541, 542, 543, 544, 547, 548, 549, 550, 553, 554, 557, 563, 564, 565, 568, 569, 571, 572, 575, 576, 577, 579, 580, 581, 582, 584, 591, 592, 593, 594, 597, 598, 599, 600, 602, 606, 609, 612, 613, 614, 616, 630, 631, 633, 634, 636, 647, 649, 650, 654, 655, 656, 657, 658, 662, 664, 667, 668, 671, 675, 678, 680, 682, 683, 684, 688, 689, 690, 693, 694, 696, 698, 699, 700, 704, 707, 710, 711, 712, 713, 714, 715, 716, 718, 721, 722, 726, 727, 728, 729, 731, 735, 736, 738, 739, 745, 746, 748, 751, 754, 755, 759, 760, 761, 763, 764, 766, 767, 768, 769, 772, 773, 775, 776, 777, 778, 779, 783, 784, 787, 790, 791, 792, 793, 796, 797, 798, 799, 802, 806, 807, 809, 810, 812, 816, 817, 823, 825, 826, 827, 829, 830, 831, 834, 835, 837, 838, 844, 845, 846, 847, 850, 851, 853, 855, 856, 857, 858, 859, 863, 865, 870, 871, 872, 873, 874, 877, 880, 881, 883, 884, 888, 890, 891, 892, 895, 897, 900, 901, 904, 906, 908, 909, 910, 912, 914, 915, 919, 921, 930, 939, 943, 944, 946, 956, 957, 959, 963, 973, 974, 976, 993, 995, 996, 999, 1005, 1006, 1008, 1019, 1020, 1021, 1022, 1023, 1027, 1028, 1029, 1030, 1037, 1041, 1053, 1062, 1063, 1067, 1069, 1070, 1080, 1081, 1082, 1083, 1092, 1094, 1095, 1096, 1097, 1099], "excluded_lines": [431, 432, 433, 434, 436, 437, 438, 439, 440, 441, 442, 443, 444, 445, 447, 448, 449, 450, 452, 453, 454, 455], "functions": {"Event.__post_init__": {"executed_lines": [], "summary": {"covered_lines": 0, "num_statements": 4, "percent_covered": 0.0, "percent_covered_display": "0", "missing_lines": 4, "excluded_lines": 0}, "missing_lines": [88, 89, 92, 96], "excluded_lines": []}, "Event.__lt__": {"executed_lines": [], "summary": {"covered_lines": 0, "num_statements": 1, "percent_covered": 0.0, "percent_covered_display": "0", "missing_lines": 1, "excluded_lines": 0}, "missing_lines": [100], "excluded_lines": []}, "Event.to_dict": {"executed_lines": [], "summary": {"covered_lines": 0, "num_statements": 1, "percent_covered": 0.0, "percent_covered_display": "0", "missing_lines": 1, "excluded_lines": 0}, "missing_lines": [104], "excluded_lines": []}, "Event.from_dict": {"executed_lines": [], "summary": {"covered_lines": 0, "num_statements": 1, "percent_covered": 0.0, "percent_covered_display": "0", "missing_lines": 1, "excluded_lines": 0}, "missing_lines": [123], "excluded_lines": []}, "Event.can_retry": {"executed_lines": [], "summary": {"covered_lines": 0, "num_statements": 1, "percent_covered": 0.0, "percent_covered_display": "0", "missing_lines": 1, "excluded_lines": 0}, "missing_lines": [143], "excluded_lines": []}, "Event.increment_retry": {"executed_lines": [], "summary": {"covered_lines": 0, "num_statements": 1, "percent_covered": 0.0, "percent_covered_display": "0", "missing_lines": 1, "excluded_lines": 0}, "missing_lines": [147], "excluded_lines": []}, "Event.get_size": {"executed_lines": [], "summary": {"covered_lines": 0, "num_statements": 4, "percent_covered": 0.0, "percent_covered_display": "0", "missing_lines": 4, "excluded_lines": 0}, "missing_lines": [151, 152, 153, 154], "excluded_lines": []}, "EventBatch.add_event": {"executed_lines": [], "summary": {"covered_lines": 0, "num_statements": 5, "percent_covered": 0.0, "percent_covered_display": "0", "missing_lines": 5, "excluded_lines": 0}, "missing_lines": [168, 169, 171, 172, 173], "excluded_lines": []}, "EventBatch.is_ready": {"executed_lines": [], "summary": {"covered_lines": 0, "num_statements": 1, "percent_covered": 0.0, "percent_covered_display": "0", "missing_lines": 1, "excluded_lines": 0}, "missing_lines": [177], "excluded_lines": []}, "EventBatch.get_total_size": {"executed_lines": [], "summary": {"covered_lines": 0, "num_statements": 1, "percent_covered": 0.0, "percent_covered_display": "0", "missing_lines": 1, "excluded_lines": 0}, "missing_lines": [184], "excluded_lines": []}, "EventSubscription.matches": {"executed_lines": [], "summary": {"covered_lines": 0, "num_statements": 10, "percent_covered": 0.0, "percent_covered_display": "0", "missing_lines": 10, "excluded_lines": 0}, "missing_lines": [205, 206, 209, 210, 211, 212, 213, 214, 215, 217], "excluded_lines": []}, "EventMetrics.__init__": {"executed_lines": [], "summary": {"covered_lines": 0, "num_statements": 12, "percent_covered": 0.0, "percent_covered_display": "0", "missing_lines": 12, "excluded_lines": 0}, "missing_lines": [223, 224, 225, 226, 227, 228, 229, 230, 231, 232, 233, 234], "excluded_lines": []}, "EventMetrics.record_event_published": {"executed_lines": [], "summary": {"covered_lines": 0, "num_statements": 4, "percent_covered": 0.0, "percent_covered_display": "0", "missing_lines": 4, "excluded_lines": 0}, "missing_lines": [238, 239, 240, 241], "excluded_lines": []}, "EventMetrics.record_event_processed": {"executed_lines": [], "summary": {"covered_lines": 0, "num_statements": 7, "percent_covered": 0.0, "percent_covered_display": "0", "missing_lines": 7, "excluded_lines": 0}, "missing_lines": [247, 248, 249, 250, 251, 253, 254], "excluded_lines": []}, "EventMetrics.record_batch_processed": {"executed_lines": [], "summary": {"covered_lines": 0, "num_statements": 5, "percent_covered": 0.0, "percent_covered_display": "0", "missing_lines": 5, "excluded_lines": 0}, "missing_lines": [258, 259, 260, 263, 264], "excluded_lines": []}, "EventMetrics.get_metrics_summary": {"executed_lines": [], "summary": {"covered_lines": 0, "num_statements": 5, "percent_covered": 0.0, "percent_covered_display": "0", "missing_lines": 5, "excluded_lines": 0}, "missing_lines": [270, 271, 272, 275, 279], "excluded_lines": []}, "EventRouter.__init__": {"executed_lines": [], "summary": {"covered_lines": 0, "num_statements": 3, "percent_covered": 0.0, "percent_covered_display": "0", "missing_lines": 3, "excluded_lines": 0}, "missing_lines": [307, 308, 309], "excluded_lines": []}, "EventRouter.add_routing_rule": {"executed_lines": [], "summary": {"covered_lines": 0, "num_statements": 1, "percent_covered": 0.0, "percent_covered_display": "0", "missing_lines": 1, "excluded_lines": 0}, "missing_lines": [313], "excluded_lines": []}, "EventRouter.route_event": {"executed_lines": [], "summary": {"covered_lines": 0, "num_statements": 14, "percent_covered": 0.0, "percent_covered_display": "0", "missing_lines": 14, "excluded_lines": 0}, "missing_lines": [319, 320, 323, 324, 325, 326, 327, 328, 331, 332, 333, 334, 337, 341], "excluded_lines": []}, "EventRouter.update_performance": {"executed_lines": [], "summary": {"covered_lines": 0, "num_statements": 4, "percent_covered": 0.0, "percent_covered_display": "0", "missing_lines": 4, "excluded_lines": 0}, "missing_lines": [345, 347, 348, 352], "excluded_lines": []}, "EventCompressor.__init__": {"executed_lines": [], "summary": {"covered_lines": 0, "num_statements": 1, "percent_covered": 0.0, "percent_covered_display": "0", "missing_lines": 1, "excluded_lines": 0}, "missing_lines": [358], "excluded_lines": []}, "EventCompressor.register_compression_rule": {"executed_lines": [], "summary": {"covered_lines": 0, "num_statements": 1, "percent_covered": 0.0, "percent_covered_display": "0", "missing_lines": 1, "excluded_lines": 0}, "missing_lines": [364], "excluded_lines": []}, "EventCompressor.compress_events": {"executed_lines": [], "summary": {"covered_lines": 0, "num_statements": 16, "percent_covered": 0.0, "percent_covered_display": "0", "missing_lines": 16, "excluded_lines": 0}, "missing_lines": [368, 369, 372, 373, 374, 376, 379, 380, 381, 382, 383, 384, 385, 386, 388, 390], "excluded_lines": []}, "EventFilter.by_source": {"executed_lines": [], "summary": {"covered_lines": 0, "num_statements": 1, "percent_covered": 0.0, "percent_covered_display": "0", "missing_lines": 1, "excluded_lines": 0}, "missing_lines": [398], "excluded_lines": []}, "EventFilter.by_target": {"executed_lines": [], "summary": {"covered_lines": 0, "num_statements": 1, "percent_covered": 0.0, "percent_covered_display": "0", "missing_lines": 1, "excluded_lines": 0}, "missing_lines": [403], "excluded_lines": []}, "EventFilter.by_priority": {"executed_lines": [], "summary": {"covered_lines": 0, "num_statements": 1, "percent_covered": 0.0, "percent_covered_display": "0", "missing_lines": 1, "excluded_lines": 0}, "missing_lines": [408], "excluded_lines": []}, "EventFilter.by_data_key": {"executed_lines": [], "summary": {"covered_lines": 0, "num_statements": 3, "percent_covered": 0.0, "percent_covered_display": "0", "missing_lines": 3, "excluded_lines": 0}, "missing_lines": [413, 414, 416], "excluded_lines": []}, "EventFilter.by_time_range": {"executed_lines": [], "summary": {"covered_lines": 0, "num_statements": 1, "percent_covered": 0.0, "percent_covered_display": "0", "missing_lines": 1, "excluded_lines": 0}, "missing_lines": [421], "excluded_lines": []}, "EventFilter.by_correlation_id": {"executed_lines": [], "summary": {"covered_lines": 0, "num_statements": 1, "percent_covered": 0.0, "percent_covered_display": "0", "missing_lines": 1, "excluded_lines": 0}, "missing_lines": [426], "excluded_lines": []}, "EventPersistence.save_event": {"executed_lines": [], "summary": {"covered_lines": 0, "num_statements": 0, "percent_covered": 100.0, "percent_covered_display": "100", "missing_lines": 0, "excluded_lines": 2}, "missing_lines": [], "excluded_lines": [433, 434]}, "EventPersistence.load_events": {"executed_lines": [], "summary": {"covered_lines": 0, "num_statements": 0, "percent_covered": 100.0, "percent_covered_display": "100", "missing_lines": 0, "excluded_lines": 2}, "missing_lines": [], "excluded_lines": [444, 445]}, "EventPersistence.delete_events": {"executed_lines": [], "summary": {"covered_lines": 0, "num_statements": 0, "percent_covered": 100.0, "percent_covered_display": "100", "missing_lines": 0, "excluded_lines": 2}, "missing_lines": [], "excluded_lines": [449, 450]}, "EventPersistence.save_batch": {"executed_lines": [], "summary": {"covered_lines": 0, "num_statements": 0, "percent_covered": 100.0, "percent_covered_display": "100", "missing_lines": 0, "excluded_lines": 2}, "missing_lines": [], "excluded_lines": [454, 455]}, "MemoryEventPersistence.__init__": {"executed_lines": [], "summary": {"covered_lines": 0, "num_statements": 4, "percent_covered": 0.0, "percent_covered_display": "0", "missing_lines": 4, "excluded_lines": 0}, "missing_lines": [461, 462, 463, 464], "excluded_lines": []}, "MemoryEventPersistence.save_event": {"executed_lines": [], "summary": {"covered_lines": 0, "num_statements": 5, "percent_covered": 0.0, "percent_covered_display": "0", "missing_lines": 5, "excluded_lines": 0}, "missing_lines": [468, 469, 472, 473, 475], "excluded_lines": []}, "MemoryEventPersistence.save_batch": {"executed_lines": [], "summary": {"covered_lines": 0, "num_statements": 5, "percent_covered": 0.0, "percent_covered_display": "0", "missing_lines": 5, "excluded_lines": 0}, "missing_lines": [479, 480, 483, 484, 486], "excluded_lines": []}, "MemoryEventPersistence.load_events": {"executed_lines": [], "summary": {"covered_lines": 0, "num_statements": 13, "percent_covered": 0.0, "percent_covered_display": "0", "missing_lines": 13, "excluded_lines": 0}, "missing_lines": [496, 497, 499, 501, 502, 503, 504, 505, 506, 508, 510, 511, 513], "excluded_lines": []}, "MemoryEventPersistence.delete_events": {"executed_lines": [], "summary": {"covered_lines": 0, "num_statements": 4, "percent_covered": 0.0, "percent_covered_display": "0", "missing_lines": 4, "excluded_lines": 0}, "missing_lines": [517, 518, 519, 525], "excluded_lines": []}, "EventBus.__init__": {"executed_lines": [], "summary": {"covered_lines": 0, "num_statements": 19, "percent_covered": 0.0, "percent_covered_display": "0", "missing_lines": 19, "excluded_lines": 0}, "missing_lines": [531, 532, 533, 534, 535, 536, 537, 538, 541, 542, 543, 544, 547, 548, 549, 550, 553, 554, 557], "excluded_lines": []}, "EventBus._setup_default_compression_rules": {"executed_lines": [], "summary": {"covered_lines": 0, "num_statements": 5, "percent_covered": 0.0, "percent_covered_display": "0", "missing_lines": 5, "excluded_lines": 0}, "missing_lines": [563, 571, 572, 575, 584], "excluded_lines": []}, "EventBus._setup_default_compression_rules.merge_status_updates": {"executed_lines": [], "summary": {"covered_lines": 0, "num_statements": 4, "percent_covered": 0.0, "percent_covered_display": "0", "missing_lines": 4, "excluded_lines": 0}, "missing_lines": [564, 565, 568, 569], "excluded_lines": []}, "EventBus._setup_default_compression_rules.merge_counter_events": {"executed_lines": [], "summary": {"covered_lines": 0, "num_statements": 6, "percent_covered": 0.0, "percent_covered_display": "0", "missing_lines": 6, "excluded_lines": 0}, "missing_lines": [576, 577, 579, 580, 581, 582], "excluded_lines": []}, "EventBus.initialize": {"executed_lines": [], "summary": {"covered_lines": 0, "num_statements": 9, "percent_covered": 0.0, "percent_covered_display": "0", "missing_lines": 9, "excluded_lines": 0}, "missing_lines": [591, 592, 593, 594, 597, 598, 599, 600, 602], "excluded_lines": []}, "EventBus.shutdown": {"executed_lines": [], "summary": {"covered_lines": 0, "num_statements": 6, "percent_covered": 0.0, "percent_covered_display": "0", "missing_lines": 6, "excluded_lines": 0}, "missing_lines": [606, 609, 612, 613, 614, 616], "excluded_lines": []}, "EventBus.subscribe": {"executed_lines": [], "summary": {"covered_lines": 0, "num_statements": 8, "percent_covered": 0.0, "percent_covered_display": "0", "missing_lines": 8, "excluded_lines": 0}, "missing_lines": [630, 631, 633, 634, 636, 647, 649, 650], "excluded_lines": []}, "EventBus.unsubscribe": {"executed_lines": [], "summary": {"covered_lines": 0, "num_statements": 5, "percent_covered": 0.0, "percent_covered_display": "0", "missing_lines": 5, "excluded_lines": 0}, "missing_lines": [654, 655, 656, 657, 658], "excluded_lines": []}, "EventBus.publish": {"executed_lines": [], "summary": {"covered_lines": 0, "num_statements": 11, "percent_covered": 0.0, "percent_covered_display": "0", "missing_lines": 11, "excluded_lines": 0}, "missing_lines": [662, 664, 667, 668, 671, 675, 678, 680, 682, 683, 684], "excluded_lines": []}, "EventBus.publish_batch": {"executed_lines": [], "summary": {"covered_lines": 0, "num_statements": 9, "percent_covered": 0.0, "percent_covered_display": "0", "missing_lines": 9, "excluded_lines": 0}, "missing_lines": [688, 689, 690, 693, 694, 696, 698, 699, 700], "excluded_lines": []}, "EventBus.publish_sync": {"executed_lines": [], "summary": {"covered_lines": 0, "num_statements": 17, "percent_covered": 0.0, "percent_covered_display": "0", "missing_lines": 17, "excluded_lines": 0}, "missing_lines": [704, 707, 710, 711, 712, 713, 714, 715, 716, 718, 721, 722, 726, 727, 728, 729, 731], "excluded_lines": []}, "EventBus._add_to_batch": {"executed_lines": [], "summary": {"covered_lines": 0, "num_statements": 10, "percent_covered": 0.0, "percent_covered_display": "0", "missing_lines": 10, "excluded_lines": 0}, "missing_lines": [735, 736, 738, 739, 745, 746, 748, 751, 754, 755], "excluded_lines": []}, "EventBus._process_batches": {"executed_lines": [], "summary": {"covered_lines": 0, "num_statements": 16, "percent_covered": 0.0, "percent_covered_display": "0", "missing_lines": 16, "excluded_lines": 0}, "missing_lines": [759, 760, 761, 763, 764, 766, 767, 768, 769, 772, 773, 775, 776, 777, 778, 779], "excluded_lines": []}, "EventBus._process_batch": {"executed_lines": [], "summary": {"covered_lines": 0, "num_statements": 19, "percent_covered": 0.0, "percent_covered_display": "0", "missing_lines": 19, "excluded_lines": 0}, "missing_lines": [783, 784, 787, 790, 791, 792, 793, 796, 797, 798, 799, 802, 806, 807, 809, 810, 812, 816, 817], "excluded_lines": []}, "EventBus._execute_batch_handler": {"executed_lines": [], "summary": {"covered_lines": 0, "num_statements": 11, "percent_covered": 0.0, "percent_covered_display": "0", "missing_lines": 11, "excluded_lines": 0}, "missing_lines": [823, 825, 826, 827, 829, 830, 831, 834, 835, 837, 838], "excluded_lines": []}, "EventBus._process_events": {"executed_lines": [], "summary": {"covered_lines": 0, "num_statements": 12, "percent_covered": 0.0, "percent_covered_display": "0", "missing_lines": 12, "excluded_lines": 0}, "missing_lines": [844, 845, 846, 847, 850, 851, 853, 855, 856, 857, 858, 859], "excluded_lines": []}, "EventBus._handle_event": {"executed_lines": [], "summary": {"covered_lines": 0, "num_statements": 12, "percent_covered": 0.0, "percent_covered_display": "0", "missing_lines": 12, "excluded_lines": 0}, "missing_lines": [863, 865, 870, 871, 872, 873, 874, 877, 880, 881, 883, 884], "excluded_lines": []}, "EventBus._execute_handler": {"executed_lines": [], "summary": {"covered_lines": 0, "num_statements": 18, "percent_covered": 0.0, "percent_covered_display": "0", "missing_lines": 18, "excluded_lines": 0}, "missing_lines": [888, 890, 891, 892, 895, 897, 900, 901, 904, 906, 908, 909, 910, 912, 914, 915, 919, 921], "excluded_lines": []}, "EventBus.get_event_history": {"executed_lines": [], "summary": {"covered_lines": 0, "num_statements": 1, "percent_covered": 0.0, "percent_covered_display": "0", "missing_lines": 1, "excluded_lines": 0}, "missing_lines": [930], "excluded_lines": []}, "EventBus.replay_events": {"executed_lines": [], "summary": {"covered_lines": 0, "num_statements": 7, "percent_covered": 0.0, "percent_covered_display": "0", "missing_lines": 7, "excluded_lines": 0}, "missing_lines": [939, 943, 944, 946, 956, 957, 959], "excluded_lines": []}, "EventBus.get_metrics": {"executed_lines": [], "summary": {"covered_lines": 0, "num_statements": 1, "percent_covered": 0.0, "percent_covered_display": "0", "missing_lines": 1, "excluded_lines": 0}, "missing_lines": [963], "excluded_lines": []}, "EventBus.get_detailed_metrics": {"executed_lines": [], "summary": {"covered_lines": 0, "num_statements": 3, "percent_covered": 0.0, "percent_covered_display": "0", "missing_lines": 3, "excluded_lines": 0}, "missing_lines": [973, 974, 976], "excluded_lines": []}, "EventBus.event_scope": {"executed_lines": [], "summary": {"covered_lines": 0, "num_statements": 6, "percent_covered": 0.0, "percent_covered_display": "0", "missing_lines": 6, "excluded_lines": 0}, "missing_lines": [993, 995, 999, 1005, 1006, 1008], "excluded_lines": []}, "EventBus.event_scope.scope_handler": {"executed_lines": [], "summary": {"covered_lines": 0, "num_statements": 1, "percent_covered": 0.0, "percent_covered_display": "0", "missing_lines": 1, "excluded_lines": 0}, "missing_lines": [996], "excluded_lines": []}, "EventBusManager.__init__": {"executed_lines": [1014, 1015], "summary": {"covered_lines": 2, "num_statements": 2, "percent_covered": 100.0, "percent_covered_display": "100", "missing_lines": 0, "excluded_lines": 0}, "missing_lines": [], "excluded_lines": []}, "EventBusManager.get_event_bus": {"executed_lines": [], "summary": {"covered_lines": 0, "num_statements": 5, "percent_covered": 0.0, "percent_covered_display": "0", "missing_lines": 5, "excluded_lines": 0}, "missing_lines": [1019, 1020, 1021, 1022, 1023], "excluded_lines": []}, "EventBusManager.dispose_event_bus": {"executed_lines": [], "summary": {"covered_lines": 0, "num_statements": 4, "percent_covered": 0.0, "percent_covered_display": "0", "missing_lines": 4, "excluded_lines": 0}, "missing_lines": [1027, 1028, 1029, 1030], "excluded_lines": []}, "get_global_event_bus": {"executed_lines": [], "summary": {"covered_lines": 0, "num_statements": 1, "percent_covered": 0.0, "percent_covered_display": "0", "missing_lines": 1, "excluded_lines": 0}, "missing_lines": [1037], "excluded_lines": []}, "dispose_global_event_bus": {"executed_lines": [], "summary": {"covered_lines": 0, "num_statements": 1, "percent_covered": 0.0, "percent_covered_display": "0", "missing_lines": 1, "excluded_lines": 0}, "missing_lines": [1041], "excluded_lines": []}, "publish_event": {"executed_lines": [], "summary": {"covered_lines": 0, "num_statements": 3, "percent_covered": 0.0, "percent_covered_display": "0", "missing_lines": 3, "excluded_lines": 0}, "missing_lines": [1053, 1062, 1063], "excluded_lines": []}, "publish_batch_events": {"executed_lines": [], "summary": {"covered_lines": 0, "num_statements": 3, "percent_covered": 0.0, "percent_covered_display": "0", "missing_lines": 3, "excluded_lines": 0}, "missing_lines": [1067, 1069, 1070], "excluded_lines": []}, "event_handler": {"executed_lines": [], "summary": {"covered_lines": 0, "num_statements": 2, "percent_covered": 0.0, "percent_covered_display": "0", "missing_lines": 2, "excluded_lines": 0}, "missing_lines": [1080, 1099], "excluded_lines": []}, "event_handler.decorator": {"executed_lines": [], "summary": {"covered_lines": 0, "num_statements": 6, "percent_covered": 0.0, "percent_covered_display": "0", "missing_lines": 6, "excluded_lines": 0}, "missing_lines": [1081, 1092, 1094, 1095, 1096, 1097], "excluded_lines": []}, "event_handler.decorator.wrapper": {"executed_lines": [], "summary": {"covered_lines": 0, "num_statements": 2, "percent_covered": 0.0, "percent_covered_display": "0", "missing_lines": 2, "excluded_lines": 0}, "missing_lines": [1082, 1083], "excluded_lines": []}, "": {"executed_lines": [1, 19, 20, 21, 22, 23, 24, 25, 26, 27, 28, 29, 30, 36, 39, 40, 42, 43, 45, 46, 47, 48, 49, 51, 52, 54, 55, 56, 57, 58, 59, 61, 62, 64, 65, 66, 67, 69, 70, 71, 73, 74, 75, 76, 77, 78, 79, 80, 81, 82, 83, 84, 85, 87, 98, 102, 120, 121, 141, 145, 149, 156, 157, 158, 160, 161, 162, 163, 164, 166, 175, 182, 186, 187, 188, 190, 191, 192, 193, 194, 195, 196, 197, 198, 199, 200, 202, 219, 220, 222, 236, 243, 256, 268, 303, 304, 306, 311, 315, 343, 354, 355, 357, 360, 366, 392, 393, 395, 396, 400, 401, 405, 406, 410, 411, 418, 419, 423, 424, 428, 429, 431, 432, 436, 437, 447, 448, 452, 453, 457, 458, 460, 466, 477, 488, 515, 527, 528, 530, 559, 588, 604, 618, 652, 660, 686, 702, 733, 757, 781, 819, 842, 861, 886, 926, 932, 961, 971, 990, 991, 1010, 1011, 1013, 1017, 1025, 1033, 1035, 1039, 1044, 1065, 1072], "summary": {"covered_lines": 148, "num_statements": 148, "percent_covered": 100.0, "percent_covered_display": "100", "missing_lines": 0, "excluded_lines": 14}, "missing_lines": [], "excluded_lines": [431, 432, 436, 437, 438, 439, 440, 441, 442, 443, 447, 448, 452, 453]}}, "classes": {"EventPriority": {"executed_lines": [], "summary": {"covered_lines": 0, "num_statements": 0, "percent_covered": 100.0, "percent_covered_display": "100", "missing_lines": 0, "excluded_lines": 0}, "missing_lines": [], "excluded_lines": []}, "EventStatus": {"executed_lines": [], "summary": {"covered_lines": 0, "num_statements": 0, "percent_covered": 100.0, "percent_covered_display": "100", "missing_lines": 0, "excluded_lines": 0}, "missing_lines": [], "excluded_lines": []}, "EventProcessingMode": {"executed_lines": [], "summary": {"covered_lines": 0, "num_statements": 0, "percent_covered": 100.0, "percent_covered_display": "100", "missing_lines": 0, "excluded_lines": 0}, "missing_lines": [], "excluded_lines": []}, "Event": {"executed_lines": [], "summary": {"covered_lines": 0, "num_statements": 13, "percent_covered": 0.0, "percent_covered_display": "0", "missing_lines": 13, "excluded_lines": 0}, "missing_lines": [88, 89, 92, 96, 100, 104, 123, 143, 147, 151, 152, 153, 154], "excluded_lines": []}, "EventBatch": {"executed_lines": [], "summary": {"covered_lines": 0, "num_statements": 7, "percent_covered": 0.0, "percent_covered_display": "0", "missing_lines": 7, "excluded_lines": 0}, "missing_lines": [168, 169, 171, 172, 173, 177, 184], "excluded_lines": []}, "EventSubscription": {"executed_lines": [], "summary": {"covered_lines": 0, "num_statements": 10, "percent_covered": 0.0, "percent_covered_display": "0", "missing_lines": 10, "excluded_lines": 0}, "missing_lines": [205, 206, 209, 210, 211, 212, 213, 214, 215, 217], "excluded_lines": []}, "EventMetrics": {"executed_lines": [], "summary": {"covered_lines": 0, "num_statements": 33, "percent_covered": 0.0, "percent_covered_display": "0", "missing_lines": 33, "excluded_lines": 0}, "missing_lines": [223, 224, 225, 226, 227, 228, 229, 230, 231, 232, 233, 234, 238, 239, 240, 241, 247, 248, 249, 250, 251, 253, 254, 258, 259, 260, 263, 264, 270, 271, 272, 275, 279], "excluded_lines": []}, "EventRouter": {"executed_lines": [], "summary": {"covered_lines": 0, "num_statements": 22, "percent_covered": 0.0, "percent_covered_display": "0", "missing_lines": 22, "excluded_lines": 0}, "missing_lines": [307, 308, 309, 313, 319, 320, 323, 324, 325, 326, 327, 328, 331, 332, 333, 334, 337, 341, 345, 347, 348, 352], "excluded_lines": []}, "EventCompressor": {"executed_lines": [], "summary": {"covered_lines": 0, "num_statements": 18, "percent_covered": 0.0, "percent_covered_display": "0", "missing_lines": 18, "excluded_lines": 0}, "missing_lines": [358, 364, 368, 369, 372, 373, 374, 376, 379, 380, 381, 382, 383, 384, 385, 386, 388, 390], "excluded_lines": []}, "EventFilter": {"executed_lines": [], "summary": {"covered_lines": 0, "num_statements": 8, "percent_covered": 0.0, "percent_covered_display": "0", "missing_lines": 8, "excluded_lines": 0}, "missing_lines": [398, 403, 408, 413, 414, 416, 421, 426], "excluded_lines": []}, "EventPersistence": {"executed_lines": [], "summary": {"covered_lines": 0, "num_statements": 0, "percent_covered": 100.0, "percent_covered_display": "100", "missing_lines": 0, "excluded_lines": 8}, "missing_lines": [], "excluded_lines": [433, 434, 444, 445, 449, 450, 454, 455]}, "MemoryEventPersistence": {"executed_lines": [], "summary": {"covered_lines": 0, "num_statements": 31, "percent_covered": 0.0, "percent_covered_display": "0", "missing_lines": 31, "excluded_lines": 0}, "missing_lines": [461, 462, 463, 464, 468, 469, 472, 473, 475, 479, 480, 483, 484, 486, 496, 497, 499, 501, 502, 503, 504, 505, 506, 508, 510, 511, 513, 517, 518, 519, 525], "excluded_lines": []}, "EventBus": {"executed_lines": [], "summary": {"covered_lines": 0, "num_statements": 216, "percent_covered": 0.0, "percent_covered_display": "0", "missing_lines": 216, "excluded_lines": 0}, "missing_lines": [531, 532, 533, 534, 535, 536, 537, 538, 541, 542, 543, 544, 547, 548, 549, 550, 553, 554, 557, 563, 564, 565, 568, 569, 571, 572, 575, 576, 577, 579, 580, 581, 582, 584, 591, 592, 593, 594, 597, 598, 599, 600, 602, 606, 609, 612, 613, 614, 616, 630, 631, 633, 634, 636, 647, 649, 650, 654, 655, 656, 657, 658, 662, 664, 667, 668, 671, 675, 678, 680, 682, 683, 684, 688, 689, 690, 693, 694, 696, 698, 699, 700, 704, 707, 710, 711, 712, 713, 714, 715, 716, 718, 721, 722, 726, 727, 728, 729, 731, 735, 736, 738, 739, 745, 746, 748, 751, 754, 755, 759, 760, 761, 763, 764, 766, 767, 768, 769, 772, 773, 775, 776, 777, 778, 779, 783, 784, 787, 790, 791, 792, 793, 796, 797, 798, 799, 802, 806, 807, 809, 810, 812, 816, 817, 823, 825, 826, 827, 829, 830, 831, 834, 835, 837, 838, 844, 845, 846, 847, 850, 851, 853, 855, 856, 857, 858, 859, 863, 865, 870, 871, 872, 873, 874, 877, 880, 881, 883, 884, 888, 890, 891, 892, 895, 897, 900, 901, 904, 906, 908, 909, 910, 912, 914, 915, 919, 921, 930, 939, 943, 944, 946, 956, 957, 959, 963, 973, 974, 976, 993, 995, 996, 999, 1005, 1006, 1008], "excluded_lines": []}, "EventBusManager": {"executed_lines": [1014, 1015], "summary": {"covered_lines": 2, "num_statements": 11, "percent_covered": 18.181818181818183, "percent_covered_display": "18", "missing_lines": 9, "excluded_lines": 0}, "missing_lines": [1019, 1020, 1021, 1022, 1023, 1027, 1028, 1029, 1030], "excluded_lines": []}, "": {"executed_lines": [1, 19, 20, 21, 22, 23, 24, 25, 26, 27, 28, 29, 30, 36, 39, 40, 42, 43, 45, 46, 47, 48, 49, 51, 52, 54, 55, 56, 57, 58, 59, 61, 62, 64, 65, 66, 67, 69, 70, 71, 73, 74, 75, 76, 77, 78, 79, 80, 81, 82, 83, 84, 85, 87, 98, 102, 120, 121, 141, 145, 149, 156, 157, 158, 160, 161, 162, 163, 164, 166, 175, 182, 186, 187, 188, 190, 191, 192, 193, 194, 195, 196, 197, 198, 199, 200, 202, 219, 220, 222, 236, 243, 256, 268, 303, 304, 306, 311, 315, 343, 354, 355, 357, 360, 366, 392, 393, 395, 396, 400, 401, 405, 406, 410, 411, 418, 419, 423, 424, 428, 429, 431, 432, 436, 437, 447, 448, 452, 453, 457, 458, 460, 466, 477, 488, 515, 527, 528, 530, 559, 588, 604, 618, 652, 660, 686, 702, 733, 757, 781, 819, 842, 861, 886, 926, 932, 961, 971, 990, 991, 1010, 1011, 1013, 1017, 1025, 1033, 1035, 1039, 1044, 1065, 1072], "summary": {"covered_lines": 148, "num_statements": 166, "percent_covered": 89.1566265060241, "percent_covered_display": "89", "missing_lines": 18, "excluded_lines": 14}, "missing_lines": [1037, 1041, 1053, 1062, 1063, 1067, 1069, 1070, 1080, 1081, 1082, 1083, 1092, 1094, 1095, 1096, 1097, 1099], "excluded_lines": [431, 432, 436, 437, 438, 439, 440, 441, 442, 443, 447, 448, 452, 453]}}}, "src\\cogs\\core\\health_checker.py": {"executed_lines": [1, 9, 10, 11, 12, 13, 14, 15, 17, 19, 22, 25, 26, 28, 29, 30, 31, 33, 34, 35, 37, 38, 39, 40, 41, 42, 44, 45, 46, 48, 49, 50, 51, 52, 53, 54, 56, 57, 59, 95, 105, 116, 131, 158, 219, 263, 310, 349, 399, 431, 445, 496, 534, 562, 591, 592, 594, 595, 597, 604, 606, 615], "summary": {"covered_lines": 56, "num_statements": 251, "percent_covered": 22.310756972111555, "percent_covered_display": "22", "missing_lines": 195, "excluded_lines": 0}, "missing_lines": [60, 61, 64, 67, 70, 73, 76, 90, 93, 97, 98, 99, 100, 103, 113, 114, 123, 129, 142, 143, 145, 146, 147, 149, 150, 151, 152, 153, 154, 156, 160, 162, 164, 167, 168, 171, 172, 174, 175, 176, 177, 178, 179, 181, 182, 183, 184, 185, 186, 188, 190, 198, 200, 209, 210, 221, 223, 224, 225, 227, 228, 230, 231, 232, 233, 234, 235, 237, 244, 253, 254, 265, 267, 272, 273, 275, 276, 278, 279, 280, 281, 282, 283, 285, 291, 300, 301, 312, 314, 319, 321, 322, 324, 330, 339, 340, 351, 353, 354, 355, 357, 358, 361, 362, 363, 367, 373, 380, 389, 390, 401, 403, 404, 405, 406, 407, 410, 413, 414, 415, 416, 418, 419, 420, 427, 429, 433, 434, 436, 438, 439, 440, 441, 443, 449, 451, 468, 469, 478, 481, 482, 492, 494, 498, 500, 501, 502, 503, 504, 507, 508, 509, 510, 511, 512, 513, 514, 516, 517, 518, 519, 520, 523, 524, 528, 530, 532, 536, 538, 539, 541, 544, 547, 548, 549, 550, 551, 553, 556, 558, 559, 560, 564, 565, 567, 573, 574, 576, 580, 599, 600, 601, 613, 617, 618], "excluded_lines": [], "functions": {"HealthChecker.__init__": {"executed_lines": [], "summary": {"covered_lines": 0, "num_statements": 9, "percent_covered": 0.0, "percent_covered_display": "0", "missing_lines": 9, "excluded_lines": 0}, "missing_lines": [60, 61, 64, 67, 70, 73, 76, 90, 93], "excluded_lines": []}, "HealthChecker._register_default_checks": {"executed_lines": [], "summary": {"covered_lines": 0, "num_statements": 5, "percent_covered": 0.0, "percent_covered_display": "0", "missing_lines": 5, "excluded_lines": 0}, "missing_lines": [97, 98, 99, 100, 103], "excluded_lines": []}, "HealthChecker.register_health_check": {"executed_lines": [], "summary": {"covered_lines": 0, "num_statements": 2, "percent_covered": 0.0, "percent_covered_display": "0", "missing_lines": 2, "excluded_lines": 0}, "missing_lines": [113, 114], "excluded_lines": []}, "HealthChecker.register_module": {"executed_lines": [], "summary": {"covered_lines": 0, "num_statements": 2, "percent_covered": 0.0, "percent_covered_display": "0", "missing_lines": 2, "excluded_lines": 0}, "missing_lines": [123, 129], "excluded_lines": []}, "HealthChecker.update_module_status": {"executed_lines": [], "summary": {"covered_lines": 0, "num_statements": 12, "percent_covered": 0.0, "percent_covered_display": "0", "missing_lines": 12, "excluded_lines": 0}, "missing_lines": [142, 143, 145, 146, 147, 149, 150, 151, 152, 153, 154, 156], "excluded_lines": []}, "HealthChecker._check_system_resources": {"executed_lines": [], "summary": {"covered_lines": 0, "num_statements": 25, "percent_covered": 0.0, "percent_covered_display": "0", "missing_lines": 25, "excluded_lines": 0}, "missing_lines": [160, 162, 164, 167, 168, 171, 172, 174, 175, 176, 177, 178, 179, 181, 182, 183, 184, 185, 186, 188, 190, 198, 200, 209, 210], "excluded_lines": []}, "HealthChecker._check_disk_space": {"executed_lines": [], "summary": {"covered_lines": 0, "num_statements": 16, "percent_covered": 0.0, "percent_covered_display": "0", "missing_lines": 16, "excluded_lines": 0}, "missing_lines": [221, 223, 224, 225, 227, 228, 230, 231, 232, 233, 234, 235, 237, 244, 253, 254], "excluded_lines": []}, "HealthChecker._check_bot_connection": {"executed_lines": [], "summary": {"covered_lines": 0, "num_statements": 16, "percent_covered": 0.0, "percent_covered_display": "0", "missing_lines": 16, "excluded_lines": 0}, "missing_lines": [265, 267, 272, 273, 275, 276, 278, 279, 280, 281, 282, 283, 285, 291, 300, 301], "excluded_lines": []}, "HealthChecker._check_database_connection": {"executed_lines": [], "summary": {"covered_lines": 0, "num_statements": 9, "percent_covered": 0.0, "percent_covered_display": "0", "missing_lines": 9, "excluded_lines": 0}, "missing_lines": [312, 314, 319, 321, 322, 324, 330, 339, 340], "excluded_lines": []}, "HealthChecker._check_log_analysis": {"executed_lines": [], "summary": {"covered_lines": 0, "num_statements": 14, "percent_covered": 0.0, "percent_covered_display": "0", "missing_lines": 14, "excluded_lines": 0}, "missing_lines": [351, 353, 354, 355, 357, 358, 361, 362, 363, 367, 373, 380, 389, 390], "excluded_lines": []}, "HealthChecker.run_all_checks": {"executed_lines": [], "summary": {"covered_lines": 0, "num_statements": 16, "percent_covered": 0.0, "percent_covered_display": "0", "missing_lines": 16, "excluded_lines": 0}, "missing_lines": [401, 403, 404, 405, 406, 407, 410, 413, 414, 415, 416, 418, 419, 420, 427, 429], "excluded_lines": []}, "HealthChecker.get_overall_status": {"executed_lines": [], "summary": {"covered_lines": 0, "num_statements": 8, "percent_covered": 0.0, "percent_covered_display": "0", "missing_lines": 8, "excluded_lines": 0}, "missing_lines": [433, 434, 436, 438, 439, 440, 441, 443], "excluded_lines": []}, "HealthChecker.generate_health_report": {"executed_lines": [], "summary": {"covered_lines": 0, "num_statements": 9, "percent_covered": 0.0, "percent_covered_display": "0", "missing_lines": 9, "excluded_lines": 0}, "missing_lines": [449, 451, 468, 469, 478, 481, 482, 492, 494], "excluded_lines": []}, "HealthChecker._gener
[...]
ent_covered_display": "31", "missing_lines": 41, "excluded_lines": 0}, "missing_lines": [20, 21, 31, 34, 43, 44, 45, 46, 49, 50, 51, 54, 56, 66, 67, 68, 69, 70, 71, 72, 73, 74, 75, 78, 100, 104, 131, 134, 153, 157, 191, 194, 225, 237, 238, 239, 244, 245, 248, 249, 250], "excluded_lines": [], "functions": {"TestDatabaseManager.__init__": {"executed_lines": [], "summary": {"covered_lines": 0, "num_statements": 2, "percent_covered": 0.0, "percent_covered_display": "0", "missing_lines": 2, "excluded_lines": 0}, "missing_lines": [20, 21], "excluded_lines": []}, "TestDatabaseManager.setup_test_databases": {"executed_lines": [], "summary": {"covered_lines": 0, "num_statements": 11, "percent_covered": 0.0, "percent_covered_display": "0", "missing_lines": 11, "excluded_lines": 0}, "missing_lines": [31, 34, 43, 44, 45, 46, 49, 50, 51, 54, 56], "excluded_lines": []}, "TestDatabaseManager._initialize_schema": {"executed_lines": [], "summary": {"covered_lines": 0, "num_statements": 10, "percent_covered": 0.0, "percent_covered_display": "0", "missing_lines": 10, "excluded_lines": 0}, "missing_lines": [66, 67, 68, 69, 70, 71, 72, 73, 74, 75], "excluded_lines": []}, "TestDatabaseManager._init_activity_schema": {"executed_lines": [], "summary": {"covered_lines": 0, "num_statements": 2, "percent_covered": 0.0, "percent_covered_display": "0", "missing_lines": 2, "excluded_lines": 0}, "missing_lines": [78, 100], "excluded_lines": []}, "TestDatabaseManager._init_message_schema": {"executed_lines": [], "summary": {"covered_lines": 0, "num_statements": 2, "percent_covered": 0.0, "percent_covered_display": "0", "missing_lines": 2, "excluded_lines": 0}, "missing_lines": [104, 131], "excluded_lines": []}, "TestDatabaseManager._init_welcome_schema": {"executed_lines": [], "summary": {"covered_lines": 0, "num_statements": 2, "percent_covered": 0.0, "percent_covered_display": "0", "missing_lines": 2, "excluded_lines": 0}, "missing_lines": [134, 153], "excluded_lines": []}, "TestDatabaseManager._init_protection_schema": {"executed_lines": [], "summary": {"covered_lines": 0, "num_statements": 2, "percent_covered": 0.0, "percent_covered_display": "0", "missing_lines": 2, "excluded_lines": 0}, "missing_lines": [157, 191], "excluded_lines": []}, "TestDatabaseManager._init_sync_schema": {"executed_lines": [], "summary": {"covered_lines": 0, "num_statements": 2, "percent_covered": 0.0, "percent_covered_display": "0", "missing_lines": 2, "excluded_lines": 0}, "missing_lines": [194, 225], "excluded_lines": []}, "TestDatabaseManager.get_connection": {"executed_lines": [], "summary": {"covered_lines": 0, "num_statements": 3, "percent_covered": 0.0, "percent_covered_display": "0", "missing_lines": 3, "excluded_lines": 0}, "missing_lines": [237, 238, 239], "excluded_lines": []}, "TestDatabaseManager.cleanup": {"executed_lines": [], "summary": {"covered_lines": 0, "num_statements": 5, "percent_covered": 0.0, "percent_covered_display": "0", "missing_lines": 5, "excluded_lines": 0}, "missing_lines": [244, 245, 248, 249, 250], "excluded_lines": []}, "": {"executed_lines": [1, 6, 7, 8, 9, 10, 12, 13, 16, 17, 19, 23, 58, 76, 102, 132, 155, 192, 227, 241], "summary": {"covered_lines": 18, "num_statements": 18, "percent_covered": 100.0, "percent_covered_display": "100", "missing_lines": 0, "excluded_lines": 0}, "missing_lines": [], "excluded_lines": []}}, "classes": {"TestDatabaseManager": {"executed_lines": [], "summary": {"covered_lines": 0, "num_statements": 41, "percent_covered": 0.0, "percent_covered_display": "0", "missing_lines": 41, "excluded_lines": 0}, "missing_lines": [20, 21, 31, 34, 43, 44, 45, 46, 49, 50, 51, 54, 56, 66, 67, 68, 69, 70, 71, 72, 73, 74, 75, 78, 100, 104, 131, 134, 153, 157, 191, 194, 225, 237, 238, 239, 244, 245, 248, 249, 250], "excluded_lines": []}, "": {"executed_lines": [1, 6, 7, 8, 9, 10, 12, 13, 16, 17, 19, 23, 58, 76, 102, 132, 155, 192, 227, 241], "summary": {"covered_lines": 18, "num_statements": 18, "percent_covered": 100.0, "percent_covered_display": "100", "missing_lines": 0, "excluded_lines": 0}, "missing_lines": [], "excluded_lines": []}}}, "src\\core\\testing\\dpytest_config.py": {"executed_lines": [], "summary": {"covered_lines": 0, "num_statements": 50, "percent_covered": 0.0, "percent_covered_display": "0", "missing_lines": 50, "excluded_lines": 0}, "missing_lines": [6, 7, 9, 10, 11, 13, 14, 17, 20, 23, 24, 45, 55, 57, 58, 77, 80, 81, 82, 85, 86, 87, 89, 91, 92, 111, 118, 119, 138, 141, 142, 143, 145, 147, 148, 169, 171, 172, 174, 181, 182, 184, 186, 187, 189, 190, 194, 199, 202, 204], "excluded_lines": [], "functions": {"DpytestConfig.configure_bot": {"executed_lines": [], "summary": {"covered_lines": 0, "num_statements": 2, "percent_covered": 0.0, "percent_covered_display": "0", "missing_lines": 2, "excluded_lines": 0}, "missing_lines": [45, 55], "excluded_lines": []}, "DpytestConfig.create_test_guild": {"executed_lines": [], "summary": {"covered_lines": 0, "num_statements": 8, "percent_covered": 0.0, "percent_covered_display": "0", "missing_lines": 8, "excluded_lines": 0}, "missing_lines": [77, 80, 81, 82, 85, 86, 87, 89], "excluded_lines": []}, "DpytestConfig.create_test_user": {"executed_lines": [], "summary": {"covered_lines": 0, "num_statements": 1, "percent_covered": 0.0, "percent_covered_display": "0", "missing_lines": 1, "excluded_lines": 0}, "missing_lines": [111], "excluded_lines": []}, "DpytestConfig.create_test_member": {"executed_lines": [], "summary": {"covered_lines": 0, "num_statements": 5, "percent_covered": 0.0, "percent_covered_display": "0", "missing_lines": 5, "excluded_lines": 0}, "missing_lines": [138, 141, 142, 143, 145], "excluded_lines": []}, "DpytestConfig.send_test_message": {"executed_lines": [], "summary": {"covered_lines": 0, "num_statements": 7, "percent_covered": 0.0, "percent_covered_display": "0", "missing_lines": 7, "excluded_lines": 0}, "missing_lines": [169, 171, 172, 174, 181, 182, 184], "excluded_lines": []}, "DpytestConfig.cleanup": {"executed_lines": [], "summary": {"covered_lines": 0, "num_statements": 2, "percent_covered": 0.0, "percent_covered_display": "0", "missing_lines": 2, "excluded_lines": 0}, "missing_lines": [189, 190], "excluded_lines": []}, "configure_test_bot": {"executed_lines": [], "summary": {"covered_lines": 0, "num_statements": 1, "percent_covered": 0.0, "percent_covered_display": "0", "missing_lines": 1, "excluded_lines": 0}, "missing_lines": [199], "excluded_lines": []}, "cleanup_test_environment": {"executed_lines": [], "summary": {"covered_lines": 0, "num_statements": 1, "percent_covered": 0.0, "percent_covered_display": "0", "missing_lines": 1, "excluded_lines": 0}, "missing_lines": [204], "excluded_lines": []}, "": {"executed_lines": [], "summary": {"covered_lines": 0, "num_statements": 23, "percent_covered": 0.0, "percent_covered_display": "0", "missing_lines": 23, "excluded_lines": 0}, "missing_lines": [6, 7, 9, 10, 11, 13, 14, 17, 20, 23, 24, 57, 58, 91, 92, 118, 119, 147, 148, 186, 187, 194, 202], "excluded_lines": []}}, "classes": {"DpytestConfig": {"executed_lines": [], "summary": {"covered_lines": 0, "num_statements": 25, "percent_covered": 0.0, "percent_covered_display": "0", "missing_lines": 25, "excluded_lines": 0}, "missing_lines": [45, 55, 77, 80, 81, 82, 85, 86, 87, 89, 111, 138, 141, 142, 143, 145, 169, 171, 172, 174, 181, 182, 184, 189, 190], "excluded_lines": []}, "": {"executed_lines": [], "summary": {"covered_lines": 0, "num_statements": 25, "percent_covered": 0.0, "percent_covered_display": "0", "missing_lines": 25, "excluded_lines": 0}, "missing_lines": [6, 7, 9, 10, 11, 13, 14, 17, 20, 23, 24, 57, 58, 91, 92, 118, 119, 147, 148, 186, 187, 194, 199, 202, 204], "excluded_lines": []}}}, "src\\core\\testing\\factories.py": {"executed_lines": [1, 6, 7, 8, 10, 14, 15, 17, 18, 47, 48, 71, 72, 106, 107, 133, 162, 163, 194, 199, 204], "summary": {"covered_lines": 19, "num_statements": 28, "percent_covered": 67.85714285714286, "percent_covered_display": "68", "missing_lines": 9, "excluded_lines": 0}, "missing_lines": [36, 64, 92, 125, 151, 181, 196, 201, 206], "excluded_lines": [], "functions": {"TestDataFactory.create_guild_data": {"executed_lines": [], "summary": {"covered_lines": 0, "num_statements": 1, "percent_covered": 0.0, "percent_covered_display": "0", "missing_lines": 1, "excluded_lines": 0}, "missing_lines": [36], "excluded_lines": []}, "TestDataFactory.create_user_data": {"executed_lines": [], "summary": {"covered_lines": 0, "num_statements": 1, "percent_covered": 0.0, "percent_covered_display": "0", "missing_lines": 1, "excluded_lines": 0}, "missing_lines": [64], "excluded_lines": []}, "TestDataFactory.create_message_data": {"executed_lines": [], "summary": {"covered_lines": 0, "num_statements": 1, "percent_covered": 0.0, "percent_covered_display": "0", "missing_lines": 1, "excluded_lines": 0}, "missing_lines": [92], "excluded_lines": []}, "TestDataFactory.create_activity_data": {"executed_lines": [], "summary": {"covered_lines": 0, "num_statements": 1, "percent_covered": 0.0, "percent_covered_display": "0", "missing_lines": 1, "excluded_lines": 0}, "missing_lines": [125], "excluded_lines": []}, "TestDataFactory.create_channel_data": {"executed_lines": [], "summary": {"covered_lines": 0, "num_statements": 1, "percent_covered": 0.0, "percent_covered_display": "0", "missing_lines": 1, "excluded_lines": 0}, "missing_lines": [151], "excluded_lines": []}, "TestDataFactory.create_batch_data": {"executed_lines": [], "summary": {"covered_lines": 0, "num_statements": 1, "percent_covered": 0.0, "percent_covered_display": "0", "missing_lines": 1, "excluded_lines": 0}, "missing_lines": [181], "excluded_lines": []}, "create_test_guild": {"executed_lines": [], "summary": {"covered_lines": 0, "num_statements": 1, "percent_covered": 0.0, "percent_covered_display": "0", "missing_lines": 1, "excluded_lines": 0}, "missing_lines": [196], "excluded_lines": []}, "create_test_user": {"executed_lines": [], "summary": {"covered_lines": 0, "num_statements": 1, "percent_covered": 0.0, "percent_covered_display": "0", "missing_lines": 1, "excluded_lines": 0}, "missing_lines": [201], "excluded_lines": []}, "create_test_message": {"executed_lines": [], "summary": {"covered_lines": 0, "num_statements": 1, "percent_covered": 0.0, "percent_covered_display": "0", "missing_lines": 1, "excluded_lines": 0}, "missing_lines": [206], "excluded_lines": []}, "": {"executed_lines": [1, 6, 7, 8, 10, 14, 15, 17, 18, 47, 48, 71, 72, 106, 107, 133, 162, 163, 194, 199, 204], "summary": {"covered_lines": 19, "num_statements": 19, "percent_covered": 100.0, "percent_covered_display": "100", "missing_lines": 0, "excluded_lines": 0}, "missing_lines": [], "excluded_lines": []}}, "classes": {"TestDataFactory": {"executed_lines": [], "summary": {"covered_lines": 0, "num_statements": 6, "percent_covered": 0.0, "percent_covered_display": "0", "missing_lines": 6, "excluded_lines": 0}, "missing_lines": [36, 64, 92, 125, 151, 181], "excluded_lines": []}, "": {"executed_lines": [1, 6, 7, 8, 10, 14, 15, 17, 18, 47, 48, 71, 72, 106, 107, 133, 162, 163, 194, 199, 204], "summary": {"covered_lines": 19, "num_statements": 22, "percent_covered": 86.36363636363636, "percent_covered_display": "86", "missing_lines": 3, "excluded_lines": 0}, "missing_lines": [196, 201, 206], "excluded_lines": []}}}, "src\\core\\testing\\fixtures.py": {"executed_lines": [], "summary": {"covered_lines": 0, "num_statements": 39, "percent_covered": 0.0, "percent_covered_display": "0", "missing_lines": 39, "excluded_lines": 0}, "missing_lines": [6, 8, 9, 10, 11, 12, 14, 16, 17, 25, 26, 28, 30, 38, 42, 45, 46, 56, 57, 60, 61, 71, 72, 73, 74, 84, 87, 88, 99, 100, 103, 104, 114, 115, 118, 119, 120, 122, 123], "excluded_lines": [], "functions": {"test_bot": {"executed_lines": [], "summary": {"covered_lines": 0, "num_statements": 6, "percent_covered": 0.0, "percent_covered_display": "0", "missing_lines": 6, "excluded_lines": 0}, "missing_lines": [25, 26, 28, 30, 38, 42], "excluded_lines": []}, "test_guild": {"executed_lines": [], "summary": {"covered_lines": 0, "num_statements": 2, "percent_covered": 0.0, "percent_covered_display": "0", "missing_lines": 2, "excluded_lines": 0}, "missing_lines": [56, 57], "excluded_lines": []}, "test_channel": {"executed_lines": [], "summary": {"covered_lines": 0, "num_statements": 2, "percent_covered": 0.0, "percent_covered_display": "0", "missing_lines": 2, "excluded_lines": 0}, "missing_lines": [71, 72], "excluded_lines": []}, "test_user": {"executed_lines": [], "summary": {"covered_lines": 0, "num_statements": 1, "percent_covered": 0.0, "percent_covered_display": "0", "missing_lines": 1, "excluded_lines": 0}, "missing_lines": [84], "excluded_lines": []}, "test_member": {"executed_lines": [], "summary": {"covered_lines": 0, "num_statements": 2, "percent_covered": 0.0, "percent_covered_display": "0", "missing_lines": 2, "excluded_lines": 0}, "missing_lines": [99, 100], "excluded_lines": []}, "test_admin_member": {"executed_lines": [], "summary": {"covered_lines": 0, "num_statements": 7, "percent_covered": 0.0, "percent_covered_display": "0", "missing_lines": 7, "excluded_lines": 0}, "missing_lines": [114, 115, 118, 119, 120, 122, 123], "excluded_lines": []}, "": {"executed_lines": [], "summary": {"covered_lines": 0, "num_statements": 19, "percent_covered": 0.0, "percent_covered_display": "0", "missing_lines": 19, "excluded_lines": 0}, "missing_lines": [6, 8, 9, 10, 11, 12, 14, 16, 17, 45, 46, 60, 61, 73, 74, 87, 88, 103, 104], "excluded_lines": []}}, "classes": {"": {"executed_lines": [], "summary": {"covered_lines": 0, "num_statements": 39, "percent_covered": 0.0, "percent_covered_display": "0", "missing_lines": 39, "excluded_lines": 0}, "missing_lines": [6, 8, 9, 10, 11, 12, 14, 16, 17, 25, 26, 28, 30, 38, 42, 45, 46, 56, 57, 60, 61, 71, 72, 73, 74, 84, 87, 88, 99, 100, 103, 104, 114, 115, 118, 119, 120, 122, 123], "excluded_lines": []}}}, "src\\main.py": {"executed_lines": [], "summary": {"covered_lines": 0, "num_statements": 183, "percent_covered": 0.0, "percent_covered_display": "0", "missing_lines": 183, "excluded_lines": 2}, "missing_lines": [3, 5, 6, 7, 8, 9, 11, 12, 13, 14, 16, 17, 18, 19, 21, 22, 25, 28, 29, 30, 31, 32, 33, 36, 37, 38, 39, 42, 45, 51, 54, 55, 56, 57, 58, 60, 62, 65, 67, 68, 69, 70, 74, 80, 82, 91, 93, 94, 97, 98, 99, 102, 105, 108, 109, 110, 115, 116, 117, 119, 120, 122, 123, 124, 126, 127, 154, 156, 159, 162, 163, 164, 165, 166, 167, 169, 171, 174, 175, 176, 177, 180, 185, 188, 191, 194, 199, 203, 204, 205, 206, 207, 208, 209, 210, 213, 214, 216, 217, 218, 220, 221, 222, 223, 224, 225, 226, 227, 229, 230, 239, 240, 242, 244, 247, 252, 253, 254, 255, 256, 259, 262, 265, 268, 273, 274, 275, 276, 277, 282, 283, 284, 285, 288, 293, 294, 295, 298, 301, 306, 307, 310, 313, 316, 321, 322, 323, 324, 325, 326, 327, 328, 330, 332, 333, 334, 335, 338, 340, 341, 342, 343, 344, 346, 347, 349, 384, 386, 387, 389, 390, 394, 395, 396, 398, 399, 401, 402, 403, 404, 405, 407, 409], "excluded_lines": [411, 412], "functions": {"setup_event_loop": {"executed_lines": [], "summary": {"covered_lines": 0, "num_statements": 6, "percent_covered": 0.0, "percent_covered_display": "0", "missing_lines": 6, "excluded_lines": 0}, "missing_lines": [54, 55, 56, 57, 58, 60], "excluded_lines": []}, "check_python_version": {"executed_lines": [], "summary": {"covered_lines": 0, "num_statements": 0, "percent_covered": 100.0, "percent_covered_display": "100", "missing_lines": 0, "excluded_lines": 0}, "missing_lines": [], "excluded_lines": []}, "print_banner": {"executed_lines": [], "summary": {"covered_lines": 0, "num_statements": 6, "percent_covered": 0.0, "percent_covered_display": "0", "missing_lines": 6, "excluded_lines": 0}, "missing_lines": [67, 68, 69, 70, 74, 80], "excluded_lines": []}, "validate_and_load_configuration": {"executed_lines": [], "summary": {"covered_lines": 0, "num_statements": 19, "percent_covered": 0.0, "percent_covered_display": "0", "missing_lines": 19, "excluded_lines": 0}, "missing_lines": [91, 93, 94, 97, 98, 99, 102, 105, 108, 109, 110, 115, 116, 117, 119, 120, 122, 123, 124], "excluded_lines": []}, "run": {"executed_lines": [], "summary": {"covered_lines": 0, "num_statements": 9, "percent_covered": 0.0, "percent_covered_display": "0", "missing_lines": 9, "excluded_lines": 0}, "missing_lines": [154, 220, 221, 222, 223, 224, 225, 226, 227], "excluded_lines": []}, "run.main": {"executed_lines": [], "summary": {"covered_lines": 0, "num_statements": 33, "percent_covered": 0.0, "percent_covered_display": "0", "missing_lines": 33, "excluded_lines": 0}, "missing_lines": [156, 159, 162, 163, 164, 165, 166, 167, 169, 171, 174, 175, 176, 177, 180, 185, 188, 191, 194, 199, 203, 204, 205, 206, 207, 208, 209, 210, 213, 214, 216, 217, 218], "excluded_lines": []}, "validate_config": {"executed_lines": [], "summary": {"covered_lines": 0, "num_statements": 6, "percent_covered": 0.0, "percent_covered_display": "0", "missing_lines": 6, "excluded_lines": 0}, "missing_lines": [239, 340, 341, 342, 343, 344], "excluded_lines": []}, "validate_config.main": {"executed_lines": [], "summary": {"covered_lines": 0, "num_statements": 47, "percent_covered": 0.0, "percent_covered_display": "0", "missing_lines": 47, "excluded_lines": 0}, "missing_lines": [240, 242, 244, 247, 252, 253, 254, 255, 256, 259, 262, 265, 268, 273, 274, 275, 276, 277, 282, 283, 284, 285, 288, 293, 294, 295, 298, 301, 306, 307, 310, 313, 316, 321, 322, 323, 324, 325, 326, 327, 328, 330, 332, 333, 334, 335, 338], "excluded_lines": []}, "create_config": {"executed_lines": [], "summary": {"covered_lines": 0, "num_statements": 9, "percent_covered": 0.0, "percent_covered_display": "0", "missing_lines": 9, "excluded_lines": 0}, "missing_lines": [349, 384, 386, 387, 389, 390, 394, 395, 396], "excluded_lines": []}, "version": {"executed_lines": [], "summary": {"covered_lines": 0, "num_statements": 5, "percent_covered": 0.0, "percent_covered_display": "0", "missing_lines": 5, "excluded_lines": 0}, "missing_lines": [401, 402, 403, 404, 405], "excluded_lines": []}, "cli": {"executed_lines": [], "summary": {"covered_lines": 0, "num_statements": 1, "percent_covered": 0.0, "percent_covered_display": "0", "missing_lines": 1, "excluded_lines": 0}, "missing_lines": [409], "excluded_lines": []}, "": {"executed_lines": [], "summary": {"covered_lines": 0, "num_statements": 42, "percent_covered": 0.0, "percent_covered_display": "0", "missing_lines": 42, "excluded_lines": 2}, "missing_lines": [3, 5, 6, 7, 8, 9, 11, 12, 13, 14, 16, 17, 18, 19, 21, 22, 25, 28, 29, 30, 31, 32, 33, 36, 37, 38, 39, 42, 45, 51, 62, 65, 82, 126, 127, 229, 230, 346, 347, 398, 399, 407], "excluded_lines": [411, 412]}}, "classes": {"": {"executed_lines": [], "summary": {"covered_lines": 0, "num_statements": 183, "percent_covered": 0.0, "percent_covered_display": "0", "missing_lines": 183, "excluded_lines": 2}, "missing_lines": [3, 5, 6, 7, 8, 9, 11, 12, 13, 14, 16, 17, 18, 19, 21, 22, 25, 28, 29, 30, 31, 32, 33, 36, 37, 38, 39, 42, 45, 51, 54, 55, 56, 57, 58, 60, 62, 65, 67, 68, 69, 70, 74, 80, 82, 91, 93, 94, 97, 98, 99, 102, 105, 108, 109, 110, 115, 116, 117, 119, 120, 122, 123, 124, 126, 127, 154, 156, 159, 162, 163, 164, 165, 166, 167, 169, 171, 174, 175, 176, 177, 180, 185, 188, 191, 194, 199, 203, 204, 205, 206, 207, 208, 209, 210, 213, 214, 216, 217, 218, 220, 221, 222, 223, 224, 225, 226, 227, 229, 230, 239, 240, 242, 244, 247, 252, 253, 254, 255, 256, 259, 262, 265, 268, 273, 274, 275, 276, 277, 282, 283, 284, 285, 288, 293, 294, 295, 298, 301, 306, 307, 310, 313, 316, 321, 322, 323, 324, 325, 326, 327, 328, 330, 332, 333, 334, 335, 338, 340, 341, 342, 343, 344, 346, 347, 349, 384, 386, 387, 389, 390, 394, 395, 396, 398, 399, 401, 402, 403, 404, 405, 407, 409], "excluded_lines": [411, 412]}}}}, "totals": {"covered_lines": 1264, "num_statements": 6753, "percent_covered": 18.717606989486153, "percent_covered_display": "19", "missing_lines": 5489, "excluded_lines": 148}}